{"meta": {"format": 3, "version": "7.9.1", "timestamp": "2025-06-30T03:05:06.782789", "branch_coverage": false, "show_contexts": false}, "files": {"scripts/bump_version.py": {"executed_lines": [2, 4, 5, 6, 7, 8, 9, 10, 13, 15, 16, 17, 18, 19, 20, 23, 25, 26, 27, 28, 31, 33, 35, 36, 37, 38, 39, 40, 42, 45, 47, 48, 49, 50, 52, 54, 55, 56, 58, 61, 64, 67, 68, 71, 72, 73, 75, 76, 77, 78, 81, 83, 84, 87, 88, 94, 97, 98, 99, 100, 102, 105, 106, 108, 109, 110, 113, 116, 117, 118, 119, 120, 122, 125], "summary": {"covered_lines": 72, "num_statements": 72, "percent_covered": 100.0, "percent_covered_display": "100", "missing_lines": 0, "excluded_lines": 2}, "missing_lines": [], "excluded_lines": [125, 126], "functions": {"get_current_version": {"executed_lines": [15, 16, 17, 18, 19, 20], "summary": {"covered_lines": 6, "num_statements": 6, "percent_covered": 100.0, "percent_covered_display": "100", "missing_lines": 0, "excluded_lines": 0}, "missing_lines": [], "excluded_lines": []}, "parse_version": {"executed_lines": [25, 26, 27, 28], "summary": {"covered_lines": 4, "num_statements": 4, "percent_covered": 100.0, "percent_covered_display": "100", "missing_lines": 0, "excluded_lines": 0}, "missing_lines": [], "excluded_lines": []}, "bump_version": {"executed_lines": [33, 35, 36, 37, 38, 39, 40, 42], "summary": {"covered_lines": 8, "num_statements": 8, "percent_covered": 100.0, "percent_covered_display": "100", "missing_lines": 0, "excluded_lines": 0}, "missing_lines": [], "excluded_lines": []}, "update_package_json": {"executed_lines": [47, 48, 49, 50, 52, 54, 55, 56, 58], "summary": {"covered_lines": 9, "num_statements": 9, "percent_covered": 100.0, "percent_covered_display": "100", "missing_lines": 0, "excluded_lines": 0}, "missing_lines": [], "excluded_lines": []}, "create_git_tag": {"executed_lines": [64, 67, 68, 71, 72, 73, 75, 76, 77, 78], "summary": {"covered_lines": 10, "num_statements": 10, "percent_covered": 100.0, "percent_covered_display": "100", "missing_lines": 0, "excluded_lines": 0}, "missing_lines": [], "excluded_lines": []}, "main": {"executed_lines": [83, 84, 87, 88, 94, 97, 98, 99, 100, 102, 105, 106, 108, 109, 110, 113, 116, 117, 118, 119, 120, 122], "summary": {"covered_lines": 22, "num_statements": 22, "percent_covered": 100.0, "percent_covered_display": "100", "missing_lines": 0, "excluded_lines": 0}, "missing_lines": [], "excluded_lines": []}, "": {"executed_lines": [2, 4, 5, 6, 7, 8, 9, 10, 13, 23, 31, 45, 61, 81, 125], "summary": {"covered_lines": 13, "num_statements": 13, "percent_covered": 100.0, "percent_covered_display": "100", "missing_lines": 0, "excluded_lines": 2}, "missing_lines": [], "excluded_lines": [125, 126]}}, "classes": {"": {"executed_lines": [2, 4, 5, 6, 7, 8, 9, 10, 13, 15, 16, 17, 18, 19, 20, 23, 25, 26, 27, 28, 31, 33, 35, 36, 37, 38, 39, 40, 42, 45, 47, 48, 49, 50, 52, 54, 55, 56, 58, 61, 64, 67, 68, 71, 72, 73, 75, 76, 77, 78, 81, 83, 84, 87, 88, 94, 97, 98, 99, 100, 102, 105, 106, 108, 109, 110, 113, 116, 117, 118, 119, 120, 122, 125], "summary": {"covered_lines": 72, "num_statements": 72, "percent_covered": 100.0, "percent_covered_display": "100", "missing_lines": 0, "excluded_lines": 2}, "missing_lines": [], "excluded_lines": [125, 126]}}}, "scripts/filter_high_epss.py": {"executed_lines": [2, 4, 5, 6, 7, 10, 14, 15, 18, 19, 20, 22, 23, 26, 27, 29, 30, 31, 32, 34, 35, 38, 41, 42, 45, 46, 49, 50, 52, 57, 58, 61, 62, 67, 68, 71, 74, 77, 78, 79, 80, 83, 86, 94, 95, 97, 100, 101, 108, 109, 110, 111, 113, 123, 124, 126, 129, 130], "summary": {"covered_lines": 55, "num_statements": 55, "percent_covered": 100.0, "percent_covered_display": "100", "missing_lines": 0, "excluded_lines": 2}, "missing_lines": [], "excluded_lines": [129, 130], "functions": {"filter_high_epss_vulns": {"executed_lines": [14, 15, 18, 19, 20, 22, 23, 26, 27, 29, 30, 31, 32, 34, 35, 38, 41, 42, 45, 46, 49, 50, 52, 57, 58, 61, 62, 67, 68], "summary": {"covered_lines": 29, "num_statements": 29, "percent_covered": 100.0, "percent_covered_display": "100", "missing_lines": 0, "excluded_lines": 0}, "missing_lines": [], "excluded_lines": []}, "organize_into_subfolders": {"executed_lines": [74, 77, 78, 79, 80, 83, 86, 94, 95, 97, 100, 101, 108, 109, 110, 111, 113, 123, 124, 126], "summary": {"covered_lines": 20, "num_statements": 20, "percent_covered": 100.0, "percent_covered_display": "100", "missing_lines": 0, "excluded_lines": 0}, "missing_lines": [], "excluded_lines": []}, "": {"executed_lines": [2, 4, 5, 6, 7, 10, 71, 129, 130], "summary": {"covered_lines": 6, "num_statements": 6, "percent_covered": 100.0, "percent_covered_display": "100", "missing_lines": 0, "excluded_lines": 2}, "missing_lines": [], "excluded_lines": [129, 130]}}, "classes": {"": {"executed_lines": [2, 4, 5, 6, 7, 10, 14, 15, 18, 19, 20, 22, 23, 26, 27, 29, 30, 31, 32, 34, 35, 38, 41, 42, 45, 46, 49, 50, 52, 57, 58, 61, 62, 67, 68, 71, 74, 77, 78, 79, 80, 83, 86, 94, 95, 97, 100, 101, 108, 109, 110, 111, 113, 123, 124, 126, 129, 130], "summary": {"covered_lines": 55, "num_statements": 55, "percent_covered": 100.0, "percent_covered_display": "100", "missing_lines": 0, "excluded_lines": 2}, "missing_lines": [], "excluded_lines": [129, 130]}}}, "scripts/generate_badge.py": {"executed_lines": [2, 4, 5, 6, 7, 8, 11, 14, 15, 16, 17, 18, 19, 24, 25, 27, 28, 29, 30, 31, 34, 35, 36, 37, 38, 39, 40, 44, 47, 49, 50, 51, 52, 53, 54, 56, 59, 61, 62, 63, 64, 66, 69, 70, 73, 75, 76, 77, 78, 79, 81, 82, 85, 87, 89, 90, 91, 93, 95, 96, 98, 101], "summary": {"covered_lines": 60, "num_statements": 64, "percent_covered": 93.75, "percent_covered_display": "94", "missing_lines": 4, "excluded_lines": 2}, "missing_lines": [20, 21, 41, 42], "excluded_lines": [101, 102], "functions": {"get_coverage_percentage": {"executed_lines": [14, 15, 16, 17, 18, 19, 24, 25, 27, 28, 29, 30, 31, 34, 35, 36, 37, 38, 39, 40, 44], "summary": {"covered_lines": 21, "num_statements": 25, "percent_covered": 84.0, "percent_covered_display": "84", "missing_lines": 4, "excluded_lines": 0}, "missing_lines": [20, 21, 41, 42], "excluded_lines": []}, "get_badge_color": {"executed_lines": [49, 50, 51, 52, 53, 54, 56], "summary": {"covered_lines": 7, "num_statements": 7, "percent_covered": 100.0, "percent_covered_display": "100", "missing_lines": 0, "excluded_lines": 0}, "missing_lines": [], "excluded_lines": []}, "update_readme_badge": {"executed_lines": [61, 62, 63, 64, 66, 69, 70, 73, 75, 76, 77, 78, 79, 81, 82], "summary": {"covered_lines": 15, "num_statements": 15, "percent_covered": 100.0, "percent_covered_display": "100", "missing_lines": 0, "excluded_lines": 0}, "missing_lines": [], "excluded_lines": []}, "main": {"executed_lines": [87, 89, 90, 91, 93, 95, 96, 98], "summary": {"covered_lines": 8, "num_statements": 8, "percent_covered": 100.0, "percent_covered_display": "100", "missing_lines": 0, "excluded_lines": 0}, "missing_lines": [], "excluded_lines": []}, "": {"executed_lines": [2, 4, 5, 6, 7, 8, 11, 47, 59, 85, 101], "summary": {"covered_lines": 9, "num_statements": 9, "percent_covered": 100.0, "percent_covered_display": "100", "missing_lines": 0, "excluded_lines": 2}, "missing_lines": [], "excluded_lines": [101, 102]}}, "classes": {"": {"executed_lines": [2, 4, 5, 6, 7, 8, 11, 14, 15, 16, 17, 18, 19, 24, 25, 27, 28, 29, 30, 31, 34, 35, 36, 37, 38, 39, 40, 44, 47, 49, 50, 51, 52, 53, 54, 56, 59, 61, 62, 63, 64, 66, 69, 70, 73, 75, 76, 77, 78, 79, 81, 82, 85, 87, 89, 90, 91, 93, 95, 96, 98, 101], "summary": {"covered_lines": 60, "num_statements": 64, "percent_covered": 93.75, "percent_covered_display": "94", "missing_lines": 4, "excluded_lines": 2}, "missing_lines": [20, 21, 41, 42], "excluded_lines": [101, 102]}}}, "scripts/harvest/base_client.py": {"executed_lines": [1, 3, 4, 5, 6, 7, 8, 10, 11, 12, 13, 19, 22, 23, 25, 32, 33, 34, 36, 38, 40, 42, 44, 45, 46, 48, 51, 52, 54, 73, 74, 75, 76, 77, 80, 83, 84, 89, 90, 91, 94, 96, 97, 99, 104, 106, 110, 113, 114, 116, 118, 119, 122, 123, 125, 127, 128, 131, 132, 133, 134, 135, 136, 140, 142, 144, 145, 148, 149, 150, 151, 152, 153, 155, 160, 168, 171, 173, 180, 188, 189, 191, 199, 202, 203, 204, 205, 208, 209, 212, 213, 215, 217, 224, 227], "summary": {"covered_lines": 92, "num_statements": 97, "percent_covered": 94.84536082474227, "percent_covered_display": "95", "missing_lines": 5, "excluded_lines": 0}, "missing_lines": [107, 129, 137, 138, 146], "excluded_lines": [], "functions": {"RateLimiter.__init__": {"executed_lines": [32, 33, 34], "summary": {"covered_lines": 3, "num_statements": 3, "percent_covered": 100.0, "percent_covered_display": "100", "missing_lines": 0, "excluded_lines": 0}, "missing_lines": [], "excluded_lines": []}, "RateLimiter.wait_if_needed": {"executed_lines": [38, 40, 42, 44, 45, 46, 48], "summary": {"covered_lines": 7, "num_statements": 7, "percent_covered": 100.0, "percent_covered_display": "100", "missing_lines": 0, "excluded_lines": 0}, "missing_lines": [], "excluded_lines": []}, "BaseAPIClient.__init__": {"executed_lines": [73, 74, 75, 76, 77, 80, 83, 84, 89, 90, 91, 94], "summary": {"covered_lines": 12, "num_statements": 12, "percent_covered": 100.0, "percent_covered_display": "100", "missing_lines": 0, "excluded_lines": 0}, "missing_lines": [], "excluded_lines": []}, "BaseAPIClient.get_headers": {"executed_lines": [99], "summary": {"covered_lines": 1, "num_statements": 1, "percent_covered": 100.0, "percent_covered_display": "100", "missing_lines": 0, "excluded_lines": 0}, "missing_lines": [], "excluded_lines": []}, "BaseAPIClient._get_cache_path": {"executed_lines": [106, 110, 113, 114], "summary": {"covered_lines": 4, "num_statements": 5, "percent_covered": 80.0, "percent_covered_display": "80", "missing_lines": 1, "excluded_lines": 0}, "missing_lines": [107], "excluded_lines": []}, "BaseAPIClient._is_cache_valid": {"executed_lines": [118, 119, 122, 123], "summary": {"covered_lines": 4, "num_statements": 4, "percent_covered": 100.0, "percent_covered_display": "100", "missing_lines": 0, "excluded_lines": 0}, "missing_lines": [], "excluded_lines": []}, "BaseAPIClient._read_cache": {"executed_lines": [127, 128, 131, 132, 133, 134, 135, 136, 140], "summary": {"covered_lines": 9, "num_statements": 12, "percent_covered": 75.0, "percent_covered_display": "75", "missing_lines": 3, "excluded_lines": 0}, "missing_lines": [129, 137, 138], "excluded_lines": []}, "BaseAPIClient._write_cache": {"executed_lines": [144, 145, 148, 149, 150, 151, 152, 153], "summary": {"covered_lines": 8, "num_statements": 9, "percent_covered": 88.88888888888889, "percent_covered_display": "89", "missing_lines": 1, "excluded_lines": 0}, "missing_lines": [146], "excluded_lines": []}, "BaseAPIClient._make_request": {"executed_lines": [168, 171, 173, 180, 188, 189], "summary": {"covered_lines": 6, "num_statements": 6, "percent_covered": 100.0, "percent_covered_display": "100", "missing_lines": 0, "excluded_lines": 0}, "missing_lines": [], "excluded_lines": []}, "BaseAPIClient.get": {"executed_lines": [199, 202, 203, 204, 205, 208, 209, 212, 213, 215], "summary": {"covered_lines": 10, "num_statements": 10, "percent_covered": 100.0, "percent_covered_display": "100", "missing_lines": 0, "excluded_lines": 0}, "missing_lines": [], "excluded_lines": []}, "BaseAPIClient.post": {"executed_lines": [224, 227], "summary": {"covered_lines": 2, "num_statements": 2, "percent_covered": 100.0, "percent_covered_display": "100", "missing_lines": 0, "excluded_lines": 0}, "missing_lines": [], "excluded_lines": []}, "": {"executed_lines": [1, 3, 4, 5, 6, 7, 8, 10, 11, 12, 13, 19, 22, 23, 25, 36, 51, 52, 54, 96, 97, 104, 116, 125, 142, 155, 160, 191, 217], "summary": {"covered_lines": 26, "num_statements": 26, "percent_covered": 100.0, "percent_covered_display": "100", "missing_lines": 0, "excluded_lines": 0}, "missing_lines": [], "excluded_lines": []}}, "classes": {"RateLimiter": {"executed_lines": [32, 33, 34, 38, 40, 42, 44, 45, 46, 48], "summary": {"covered_lines": 10, "num_statements": 10, "percent_covered": 100.0, "percent_covered_display": "100", "missing_lines": 0, "excluded_lines": 0}, "missing_lines": [], "excluded_lines": []}, "BaseAPIClient": {"executed_lines": [73, 74, 75, 76, 77, 80, 83, 84, 89, 90, 91, 94, 99, 106, 110, 113, 114, 118, 119, 122, 123, 127, 128, 131, 132, 133, 134, 135, 136, 140, 144, 145, 148, 149, 150, 151, 152, 153, 168, 171, 173, 180, 188, 189, 199, 202, 203, 204, 205, 208, 209, 212, 213, 215, 224, 227], "summary": {"covered_lines": 56, "num_statements": 61, "percent_covered": 91.80327868852459, "percent_covered_display": "92", "missing_lines": 5, "excluded_lines": 0}, "missing_lines": [107, 129, 137, 138, 146], "excluded_lines": []}, "": {"executed_lines": [1, 3, 4, 5, 6, 7, 8, 10, 11, 12, 13, 19, 22, 23, 25, 36, 51, 52, 54, 96, 97, 104, 116, 125, 142, 155, 160, 191, 217], "summary": {"covered_lines": 26, "num_statements": 26, "percent_covered": 100.0, "percent_covered_display": "100", "missing_lines": 0, "excluded_lines": 0}, "missing_lines": [], "excluded_lines": []}}}, "scripts/harvest/cve_client.py": {"executed_lines": [1, 3, 4, 5, 7, 8, 10, 11, 21, 22, 24, 31, 32, 38, 40, 42, 43, 44, 45, 47, 62, 63, 65, 70, 71, 73, 74, 75, 77, 78, 79, 81, 82, 88, 90, 91, 94, 95, 96, 98, 100, 101, 102, 104, 105, 107, 116, 117, 120, 121, 122, 125, 126, 134, 135, 138, 139, 141, 144, 145, 146, 154, 156, 163, 166, 169, 194, 195, 196, 199, 200, 201, 202, 210, 216, 218, 225, 226, 229, 230, 231, 233, 234, 235, 236, 237, 238, 253, 256, 257, 258, 259, 262, 263, 264, 269, 272, 276, 277, 278, 280, 281, 282, 284, 289, 290, 291, 294, 318, 320, 321, 326, 328, 342, 343, 345, 346, 347, 348, 350, 356], "summary": {"covered_lines": 119, "num_statements": 130, "percent_covered": 91.53846153846153, "percent_covered_display": "92", "missing_lines": 11, "excluded_lines": 0}, "missing_lines": [170, 171, 179, 181, 188, 191, 203, 204, 205, 206, 208], "excluded_lines": [], "functions": {"CVEClient.__init__": {"executed_lines": [31, 32, 38], "summary": {"covered_lines": 3, "num_statements": 3, "percent_covered": 100.0, "percent_covered_display": "100", "missing_lines": 0, "excluded_lines": 0}, "missing_lines": [], "excluded_lines": []}, "CVEClient.get_headers": {"executed_lines": [42, 43, 44, 45], "summary": {"covered_lines": 4, "num_statements": 4, "percent_covered": 100.0, "percent_covered_display": "100", "missing_lines": 0, "excluded_lines": 0}, "missing_lines": [], "excluded_lines": []}, "CVEClient.fetch_recent_cves": {"executed_lines": [62, 63, 65, 70, 71, 73, 74, 75, 77, 78, 79, 81, 82, 88, 90, 91, 94, 95, 96, 98, 100, 101, 102, 104, 105], "summary": {"covered_lines": 25, "num_statements": 25, "percent_covered": 100.0, "percent_covered_display": "100", "missing_lines": 0, "excluded_lines": 0}, "missing_lines": [], "excluded_lines": []}, "CVEClient.parse_cve_record": {"executed_lines": [116, 117, 120, 121, 122, 125, 126, 134, 135, 138, 139, 141, 144, 145, 146, 154, 156, 163, 166, 169, 194, 195, 196, 199, 200, 201, 202, 210, 216, 218, 225, 226, 229, 230, 231, 233, 234, 235, 236, 237, 238, 253, 256, 257, 258, 259, 262, 263, 264, 269, 272, 276, 277, 278, 280, 281, 282, 284, 289, 290, 291, 294, 318, 320, 321, 326], "summary": {"covered_lines": 66, "num_statements": 77, "percent_covered": 85.71428571428571, "percent_covered_display": "86", "missing_lines": 11, "excluded_lines": 0}, "missing_lines": [170, 171, 179, 181, 188, 191, 203, 204, 205, 206, 208], "excluded_lines": []}, "CVEClient.fetch_and_parse_recent_cves": {"executed_lines": [342, 343, 345, 346, 347, 348, 350, 356], "summary": {"covered_lines": 8, "num_statements": 8, "percent_covered": 100.0, "percent_covered_display": "100", "missing_lines": 0, "excluded_lines": 0}, "missing_lines": [], "excluded_lines": []}, "": {"executed_lines": [1, 3, 4, 5, 7, 8, 10, 11, 21, 22, 24, 40, 47, 107, 328], "summary": {"covered_lines": 13, "num_statements": 13, "percent_covered": 100.0, "percent_covered_display": "100", "missing_lines": 0, "excluded_lines": 0}, "missing_lines": [], "excluded_lines": []}}, "classes": {"CVEClient": {"executed_lines": [31, 32, 38, 42, 43, 44, 45, 62, 63, 65, 70, 71, 73, 74, 75, 77, 78, 79, 81, 82, 88, 90, 91, 94, 95, 96, 98, 100, 101, 102, 104, 105, 116, 117, 120, 121, 122, 125, 126, 134, 135, 138, 139, 141, 144, 145, 146, 154, 156, 163, 166, 169, 194, 195, 196, 199, 200, 201, 202, 210, 216, 218, 225, 226, 229, 230, 231, 233, 234, 235, 236, 237, 238, 253, 256, 257, 258, 259, 262, 263, 264, 269, 272, 276, 277, 278, 280, 281, 282, 284, 289, 290, 291, 294, 318, 320, 321, 326, 342, 343, 345, 346, 347, 348, 350, 356], "summary": {"covered_lines": 106, "num_statements": 117, "percent_covered": 90.5982905982906, "percent_covered_display": "91", "missing_lines": 11, "excluded_lines": 0}, "missing_lines": [170, 171, 179, 181, 188, 191, 203, 204, 205, 206, 208], "excluded_lines": []}, "": {"executed_lines": [1, 3, 4, 5, 7, 8, 10, 11, 21, 22, 24, 40, 47, 107, 328], "summary": {"covered_lines": 13, "num_statements": 13, "percent_covered": 100.0, "percent_covered_display": "100", "missing_lines": 0, "excluded_lines": 0}, "missing_lines": [], "excluded_lines": []}}}, "scripts/harvest/cvelist_client.py": {"executed_lines": [1, 3, 4, 5, 6, 7, 8, 9, 10, 12, 13, 14, 16, 17, 27, 28, 30, 31, 32, 34, 51, 57, 58, 59, 60, 61, 63, 66, 68, 74, 75, 76, 78, 80, 82, 85, 86, 89, 92, 95, 96, 97, 99, 115, 116, 118, 121, 123, 125, 126, 131, 133, 139, 143, 144, 147, 150, 151, 160, 161, 162, 163, 164, 171, 173, 185, 187, 188, 190, 195, 198, 207, 209, 212, 217, 218, 221, 223, 224, 228, 229, 230, 231, 232, 233, 234, 235, 239, 241, 250, 251, 252, 253, 254, 255, 256, 257, 259, 272, 273, 276, 285, 286, 287, 288, 289, 290, 291, 294, 297, 298, 299, 309, 310, 312, 314, 323, 325, 326, 327, 328, 331, 332, 335, 336, 337, 338, 339, 340, 341, 345, 348, 351, 358, 359, 362, 370, 371, 372, 373, 374, 377, 380, 381, 383, 384, 385, 386, 387, 388, 389, 392, 393, 394, 399, 402, 403, 404, 408, 411, 412, 413, 414, 415, 418, 440, 442, 443, 447, 449, 459, 460, 461, 471, 472, 473, 482, 484, 493, 494, 495, 496, 497, 498, 500, 510, 512, 513, 516, 517, 522, 523, 524, 527, 528, 529, 543, 544, 548, 553, 558, 562, 563, 574, 587, 589, 591, 596, 597, 599, 606, 612, 619, 620, 621, 622, 623, 624, 625, 627, 631, 647, 666, 667, 668, 669, 670, 672, 676, 682, 686, 699, 702, 703, 704, 709, 713, 715, 733, 735, 737, 743, 746, 748, 749, 750, 751, 753, 755, 757, 761, 763, 764, 766, 769, 770, 771, 773, 775, 776, 786, 797, 804, 806, 826, 829, 831, 837, 841, 842, 843, 845, 846, 849, 855, 856, 859, 860, 862, 863, 873, 875, 888, 889, 890, 893, 894, 898, 899, 902, 903, 907, 911, 915, 924, 925, 928, 930, 948, 951, 958, 960, 961, 963, 964, 965, 966, 968, 972, 974, 975], "summary": {"covered_lines": 309, "num_statements": 356, "percent_covered": 86.79775280898876, "percent_covered_display": "87", "missing_lines": 47, "excluded_lines": 0}, "missing_lines": [64, 83, 155, 156, 215, 236, 237, 300, 301, 302, 303, 306, 342, 519, 534, 539, 540, 550, 565, 567, 568, 572, 608, 633, 634, 638, 639, 640, 641, 642, 643, 645, 673, 674, 789, 799, 800, 852, 864, 868, 869, 895, 908, 919, 920, 922, 949], "excluded_lines": [], "functions": {"CVEListClient.__init__": {"executed_lines": [51, 57, 58, 59, 60, 61, 63], "summary": {"covered_lines": 7, "num_statements": 8, "percent_covered": 87.5, "percent_covered_display": "88", "missing_lines": 1, "excluded_lines": 0}, "missing_lines": [64], "excluded_lines": []}, "CVEListClient.get_headers": {"executed_lines": [68, 74, 75, 76, 78], "summary": {"covered_lines": 5, "num_statements": 5, "percent_covered": 100.0, "percent_covered_display": "100", "missing_lines": 0, "excluded_lines": 0}, "missing_lines": [], "excluded_lines": []}, "CVEListClient._ensure_local_repo": {"executed_lines": [82, 85, 86, 89, 92, 95, 96, 97], "summary": {"covered_lines": 8, "num_statements": 9, "percent_covered": 88.88888888888889, "percent_covered_display": "89", "missing_lines": 1, "excluded_lines": 0}, "missing_lines": [83], "excluded_lines": []}, "CVEListClient.fetch_cves_for_year": {"executed_lines": [115, 116, 118, 121, 123, 125, 126, 131, 133, 139, 143, 144, 147, 150, 151, 160, 161, 162, 163, 164, 171], "summary": {"covered_lines": 21, "num_statements": 23, "percent_covered": 91.30434782608695, "percent_covered_display": "91", "missing_lines": 2, "excluded_lines": 0}, "missing_lines": [155, 156], "excluded_lines": []}, "CVEListClient._fetch_cves_from_directory": {"executed_lines": [185, 187, 188, 190, 195, 198, 207, 209, 212, 217, 218, 221, 223, 224, 228, 229, 230, 231, 232, 233, 234, 235, 239], "summary": {"covered_lines": 23, "num_statements": 26, "percent_covered": 88.46153846153847, "percent_covered_display": "88", "missing_lines": 3, "excluded_lines": 0}, "missing_lines": [215, 236, 237], "excluded_lines": []}, "CVEListClient._fetch_cve_file": {"executed_lines": [250, 251, 252, 253, 254, 255, 256, 257], "summary": {"covered_lines": 8, "num_statements": 8, "percent_covered": 100.0, "percent_covered_display": "100", "missing_lines": 0, "excluded_lines": 0}, "missing_lines": [], "excluded_lines": []}, "CVEListClient._meets_severity_threshold": {"executed_lines": [272, 273, 276, 285, 286, 287, 288, 289, 290, 291, 294, 297, 298, 299, 309, 310, 312], "summary": {"covered_lines": 17, "num_statements": 22, "percent_covered": 77.27272727272727, "percent_covered_display": "77", "missing_lines": 5, "excluded_lines": 0}, "missing_lines": [300, 301, 302, 303, 306], "excluded_lines": []}, "CVEListClient.parse_cve_v5_record": {"executed_lines": [323, 325, 326, 327, 328, 331, 332, 335, 336, 337, 338, 339, 340, 341, 345, 348, 351, 358, 359, 362, 370, 371, 372, 373, 374, 377, 380, 381, 383, 384, 385, 386, 387, 388, 389, 392, 393, 394, 399, 402, 403, 404, 408, 411, 412, 413, 414, 415, 418, 440, 442, 443, 447], "summary": {"covered_lines": 53, "num_statements": 54, "percent_covered": 98.14814814814815, "percent_covered_display": "98", "missing_lines": 1, "excluded_lines": 0}, "missing_lines": [342], "excluded_lines": []}, "CVEListClient._parse_cvss_metric": {"executed_lines": [459, 460, 461, 471, 472, 473, 482], "summary": {"covered_lines": 7, "num_statements": 7, "percent_covered": 100.0, "percent_covered_display": "100", "missing_lines": 0, "excluded_lines": 0}, "missing_lines": [], "excluded_lines": []}, "CVEListClient._get_cve_subdir": {"executed_lines": [493, 494, 495, 496, 497, 498], "summary": {"covered_lines": 6, "num_statements": 6, "percent_covered": 100.0, "percent_covered_display": "100", "missing_lines": 0, "excluded_lines": 0}, "missing_lines": [], "excluded_lines": []}, "CVEListClient._should_skip_cve": {"executed_lines": [510, 512, 513, 516, 517, 522, 523, 524, 527, 528, 529, 543, 544, 548, 553, 558, 562, 563], "summary": {"covered_lines": 18, "num_statements": 27, "percent_covered": 66.66666666666667, "percent_covered_display": "67", "missing_lines": 9, "excluded_lines": 0}, "missing_lines": [519, 534, 539, 540, 550, 565, 567, 568, 572], "excluded_lines": []}, "CVEListClient._fetch_cves_from_releases": {"executed_lines": [587, 589, 591, 596, 597, 599, 606, 612, 619, 620, 621, 622, 623, 624, 625, 627, 631], "summary": {"covered_lines": 17, "num_statements": 27, "percent_covered": 62.96296296296296, "percent_covered_display": "63", "missing_lines": 10, "excluded_lines": 0}, "missing_lines": [608, 633, 634, 638, 639, 640, 641, 642, 643, 645], "excluded_lines": []}, "CVEListClient._process_midnight_file": {"executed_lines": [666, 667, 668, 669, 670, 672, 676, 682], "summary": {"covered_lines": 8, "num_statements": 10, "percent_covered": 80.0, "percent_covered_display": "80", "missing_lines": 2, "excluded_lines": 0}, "missing_lines": [673, 674], "excluded_lines": []}, "CVEListClient._process_delta_files": {"executed_lines": [699, 702, 703, 704, 709, 713], "summary": {"covered_lines": 6, "num_statements": 6, "percent_covered": 100.0, "percent_covered_display": "100", "missing_lines": 0, "excluded_lines": 0}, "missing_lines": [], "excluded_lines": []}, "CVEListClient._download_and_process_zip": {"executed_lines": [733, 735, 737, 743, 746, 748, 749, 750, 751, 753, 755, 757, 761, 763, 764, 766, 769, 770, 771, 773, 775, 776, 786, 797, 804], "summary": {"covered_lines": 25, "num_statements": 28, "percent_covered": 89.28571428571429, "percent_covered_display": "89", "missing_lines": 3, "excluded_lines": 0}, "missing_lines": [789, 799, 800], "excluded_lines": []}, "CVEListClient._process_zip_contents": {"executed_lines": [826, 829, 831, 837, 841, 842, 843, 845, 846, 849, 855, 856, 859, 860, 862, 863, 873], "summary": {"covered_lines": 17, "num_statements": 21, "percent_covered": 80.95238095238095, "percent_covered_display": "81", "missing_lines": 4, "excluded_lines": 0}, "missing_lines": [852, 864, 868, 869], "excluded_lines": []}, "CVEListClient._should_skip_cve_in_zip": {"executed_lines": [888, 889, 890, 893, 894, 898, 899, 902, 903, 907, 911, 915, 924, 925, 928], "summary": {"covered_lines": 15, "num_statements": 20, "percent_covered": 75.0, "percent_covered_display": "75", "missing_lines": 5, "excluded_lines": 0}, "missing_lines": [895, 908, 919, 920, 922], "excluded_lines": []}, "CVEListClient.harvest": {"executed_lines": [948, 951, 958, 960, 961, 963, 964, 965, 966, 968, 972, 974, 975], "summary": {"covered_lines": 13, "num_statements": 14, "percent_covered": 92.85714285714286, "percent_covered_display": "93", "missing_lines": 1, "excluded_lines": 0}, "missing_lines": [949], "excluded_lines": []}, "": {"executed_lines": [1, 3, 4, 5, 6, 7, 8, 9, 10, 12, 13, 14, 16, 17, 27, 28, 30, 31, 32, 34, 66, 80, 99, 173, 241, 259, 314, 449, 484, 500, 574, 647, 686, 715, 806, 875, 930], "summary": {"covered_lines": 35, "num_statements": 35, "percent_covered": 100.0, "percent_covered_display": "100", "missing_lines": 0, "excluded_lines": 0}, "missing_lines": [], "excluded_lines": []}}, "classes": {"CVEListClient": {"executed_lines": [51, 57, 58, 59, 60, 61, 63, 68, 74, 75, 76, 78, 82, 85, 86, 89, 92, 95, 96, 97, 115, 116, 118, 121, 123, 125, 126, 131, 133, 139, 143, 144, 147, 150, 151, 160, 161, 162, 163, 164, 171, 185, 187, 188, 190, 195, 198, 207, 209, 212, 217, 218, 221, 223, 224, 228, 229, 230, 231, 232, 233, 234, 235, 239, 250, 251, 252, 253, 254, 255, 256, 257, 272, 273, 276, 285, 286, 287, 288, 289, 290, 291, 294, 297, 298, 299, 309, 310, 312, 323, 325, 326, 327, 328, 331, 332, 335, 336, 337, 338, 339, 340, 341, 345, 348, 351, 358, 359, 362, 370, 371, 372, 373, 374, 377, 380, 381, 383, 384, 385, 386, 387, 388, 389, 392, 393, 394, 399, 402, 403, 404, 408, 411, 412, 413, 414, 415, 418, 440, 442, 443, 447, 459, 460, 461, 471, 472, 473, 482, 493, 494, 495, 496, 497, 498, 510, 512, 513, 516, 517, 522, 523, 524, 527, 528, 529, 543, 544, 548, 553, 558, 562, 563, 587, 589, 591, 596, 597, 599, 606, 612, 619, 620, 621, 622, 623, 624, 625, 627, 631, 666, 667, 668, 669, 670, 672, 676, 682, 699, 702, 703, 704, 709, 713, 733, 735, 737, 743, 746, 748, 749, 750, 751, 753, 755, 757, 761, 763, 764, 766, 769, 770, 771, 773, 775, 776, 786, 797, 804, 826, 829, 831, 837, 841, 842, 843, 845, 846, 849, 855, 856, 859, 860, 862, 863, 873, 888, 889, 890, 893, 894, 898, 899, 902, 903, 907, 911, 915, 924, 925, 928, 948, 951, 958, 960, 961, 963, 964, 965, 966, 968, 972, 974, 975], "summary": {"covered_lines": 274, "num_statements": 321, "percent_covered": 85.35825545171339, "percent_covered_display": "85", "missing_lines": 47, "excluded_lines": 0}, "missing_lines": [64, 83, 155, 156, 215, 236, 237, 300, 301, 302, 303, 306, 342, 519, 534, 539, 540, 550, 565, 567, 568, 572, 608, 633, 634, 638, 639, 640, 641, 642, 643, 645, 673, 674, 789, 799, 800, 852, 864, 868, 869, 895, 908, 919, 920, 922, 949], "excluded_lines": []}, "": {"executed_lines": [1, 3, 4, 5, 6, 7, 8, 9, 10, 12, 13, 14, 16, 17, 27, 28, 30, 31, 32, 34, 66, 80, 99, 173, 241, 259, 314, 449, 484, 500, 574, 647, 686, 715, 806, 875, 930], "summary": {"covered_lines": 35, "num_statements": 35, "percent_covered": 100.0, "percent_covered_display": "100", "missing_lines": 0, "excluded_lines": 0}, "missing_lines": [], "excluded_lines": []}}}, "scripts/harvest/epss_client.py": {"executed_lines": [1, 3, 4, 5, 6, 7, 9, 10, 11, 13, 14, 17, 18, 20, 26, 32, 34, 36, 37, 38, 40, 54, 56, 58, 60, 63, 64, 66, 67, 70, 74, 75, 76, 79, 80, 86, 94, 100, 102, 103, 104, 106, 130, 144, 148, 150, 151, 154, 155, 158, 159, 161, 163, 164, 166, 168, 179, 180, 183, 184, 189, 197, 203, 209], "summary": {"covered_lines": 62, "num_statements": 89, "percent_covered": 69.66292134831461, "percent_covered_display": "70", "missing_lines": 27, "excluded_lines": 0}, "missing_lines": [61, 77, 87, 88, 120, 123, 124, 125, 126, 128, 145, 146, 170, 171, 172, 177, 181, 190, 191, 205, 206, 207, 224, 227, 234, 236, 243], "excluded_lines": [], "functions": {"EPSSClient.__init__": {"executed_lines": [26, 32], "summary": {"covered_lines": 2, "num_statements": 2, "percent_covered": 100.0, "percent_covered_display": "100", "missing_lines": 0, "excluded_lines": 0}, "missing_lines": [], "excluded_lines": []}, "EPSSClient.get_headers": {"executed_lines": [36, 37, 38], "summary": {"covered_lines": 3, "num_statements": 3, "percent_covered": 100.0, "percent_covered_display": "100", "missing_lines": 0, "excluded_lines": 0}, "missing_lines": [], "excluded_lines": []}, "EPSSClient.fetch_epss_scores": {"executed_lines": [54, 56, 58, 60, 63, 64, 66, 67, 70, 74, 75, 76, 79, 80, 86, 94, 100, 102, 103, 104], "summary": {"covered_lines": 20, "num_statements": 24, "percent_covered": 83.33333333333333, "percent_covered_display": "83", "missing_lines": 4, "excluded_lines": 0}, "missing_lines": [61, 77, 87, 88], "excluded_lines": []}, "EPSSClient.fetch_epss_scores_bulk": {"executed_lines": [], "summary": {"covered_lines": 0, "num_statements": 6, "percent_covered": 0.0, "percent_covered_display": "0", "missing_lines": 6, "excluded_lines": 0}, "missing_lines": [120, 123, 124, 125, 126, 128], "excluded_lines": []}, "EPSSClient.fetch_daily_epss_file": {"executed_lines": [144, 148, 150, 151, 154, 155, 158, 159, 161, 163, 164, 166, 168, 179, 180, 183, 184, 189, 197, 203], "summary": {"covered_lines": 20, "num_statements": 32, "percent_covered": 62.5, "percent_covered_display": "62", "missing_lines": 12, "excluded_lines": 0}, "missing_lines": [145, 146, 170, 171, 172, 177, 181, 190, 191, 205, 206, 207], "excluded_lines": []}, "EPSSClient.get_high_risk_cves": {"executed_lines": [], "summary": {"covered_lines": 0, "num_statements": 5, "percent_covered": 0.0, "percent_covered_display": "0", "missing_lines": 5, "excluded_lines": 0}, "missing_lines": [224, 227, 234, 236, 243], "excluded_lines": []}, "": {"executed_lines": [1, 3, 4, 5, 6, 7, 9, 10, 11, 13, 14, 17, 18, 20, 34, 40, 106, 130, 209], "summary": {"covered_lines": 17, "num_statements": 17, "percent_covered": 100.0, "percent_covered_display": "100", "missing_lines": 0, "excluded_lines": 0}, "missing_lines": [], "excluded_lines": []}}, "classes": {"EPSSClient": {"executed_lines": [26, 32, 36, 37, 38, 54, 56, 58, 60, 63, 64, 66, 67, 70, 74, 75, 76, 79, 80, 86, 94, 100, 102, 103, 104, 144, 148, 150, 151, 154, 155, 158, 159, 161, 163, 164, 166, 168, 179, 180, 183, 184, 189, 197, 203], "summary": {"covered_lines": 45, "num_statements": 72, "percent_covered": 62.5, "percent_covered_display": "62", "missing_lines": 27, "excluded_lines": 0}, "missing_lines": [61, 77, 87, 88, 120, 123, 124, 125, 126, 128, 145, 146, 170, 171, 172, 177, 181, 190, 191, 205, 206, 207, 224, 227, 234, 236, 243], "excluded_lines": []}, "": {"executed_lines": [1, 3, 4, 5, 6, 7, 9, 10, 11, 13, 14, 17, 18, 20, 34, 40, 106, 130, 209], "summary": {"covered_lines": 17, "num_statements": 17, "percent_covered": 100.0, "percent_covered_display": "100", "missing_lines": 0, "excluded_lines": 0}, "missing_lines": [], "excluded_lines": []}}}, "scripts/harvest/orchestrator.py": {"executed_lines": [1, 3, 4, 5, 6, 7, 9, 10, 12, 13, 14, 15, 16, 17, 18, 19, 22, 23, 25, 38, 39, 40, 41, 44, 45, 46, 47, 50, 51, 54, 60, 64, 66, 68, 69, 70, 71, 72, 80, 96, 99, 101, 102, 104, 106, 111, 112, 113, 114, 115, 117, 123, 124, 126, 129, 131, 133, 136, 137, 138, 139, 140, 142, 150, 170, 171, 173, 174, 183, 193, 195, 196, 206, 208, 209, 216, 217, 219, 220, 221, 223, 224, 225, 226, 227, 228, 235, 242, 268, 273, 282, 283, 288, 295, 298, 304, 307, 311, 312, 319, 322, 323, 326, 329, 330, 331, 332, 333, 335, 342, 345, 354, 362, 365, 374, 376, 392, 396, 403, 405, 424, 425], "summary": {"covered_lines": 120, "num_statements": 130, "percent_covered": 92.3076923076923, "percent_covered_display": "92", "missing_lines": 10, "excluded_lines": 0}, "missing_lines": [73, 74, 78, 97, 147, 148, 247, 248, 253, 263], "excluded_lines": [], "functions": {"HarvestOrchestrator.__init__": {"executed_lines": [38, 39, 40, 41, 44, 45, 46, 47, 50, 51, 54, 60], "summary": {"covered_lines": 12, "num_statements": 12, "percent_covered": 100.0, "percent_covered_display": "100", "missing_lines": 0, "excluded_lines": 0}, "missing_lines": [], "excluded_lines": []}, "HarvestOrchestrator._load_quality_config": {"executed_lines": [66, 68, 69, 70, 71, 72], "summary": {"covered_lines": 6, "num_statements": 9, "percent_covered": 66.66666666666667, "percent_covered_display": "67", "missing_lines": 3, "excluded_lines": 0}, "missing_lines": [73, 74, 78], "excluded_lines": []}, "HarvestOrchestrator.harvest_cve_data": {"executed_lines": [96, 99, 101, 102, 104, 106, 111, 112, 113, 114, 115], "summary": {"covered_lines": 11, "num_statements": 12, "percent_covered": 91.66666666666667, "percent_covered_display": "92", "missing_lines": 1, "excluded_lines": 0}, "missing_lines": [97], "excluded_lines": []}, "HarvestOrchestrator.enrich_with_epss": {"executed_lines": [123, 124, 126, 129, 131, 133, 136, 137, 138, 139, 140, 142], "summary": {"covered_lines": 12, "num_statements": 14, "percent_covered": 85.71428571428571, "percent_covered_display": "86", "missing_lines": 2, "excluded_lines": 0}, "missing_lines": [147, 148], "excluded_lines": []}, "HarvestOrchestrator.harvest_all_sources": {"executed_lines": [170, 171, 173, 174, 183, 193, 195, 196, 206, 208, 209, 216, 217, 219, 220, 221, 223, 224, 225, 226, 227, 228, 235, 242, 268, 273, 282, 283, 288, 295, 298, 304, 307, 311, 312, 319, 322, 323, 326, 329, 330, 331, 332, 333, 335, 342, 345, 354, 362, 365, 374], "summary": {"covered_lines": 51, "num_statements": 55, "percent_covered": 92.72727272727273, "percent_covered_display": "93", "missing_lines": 4, "excluded_lines": 0}, "missing_lines": [247, 248, 253, 263], "excluded_lines": []}, "HarvestOrchestrator.get_high_priority_vulnerabilities": {"executed_lines": [392, 396, 403], "summary": {"covered_lines": 3, "num_statements": 3, "percent_covered": 100.0, "percent_covered_display": "100", "missing_lines": 0, "excluded_lines": 0}, "missing_lines": [], "excluded_lines": []}, "HarvestOrchestrator.harvest_async": {"executed_lines": [424, 425], "summary": {"covered_lines": 2, "num_statements": 2, "percent_covered": 100.0, "percent_covered_display": "100", "missing_lines": 0, "excluded_lines": 0}, "missing_lines": [], "excluded_lines": []}, "": {"executed_lines": [1, 3, 4, 5, 6, 7, 9, 10, 12, 13, 14, 15, 16, 17, 18, 19, 22, 23, 25, 64, 80, 117, 150, 376, 405], "summary": {"covered_lines": 23, "num_statements": 23, "percent_covered": 100.0, "percent_covered_display": "100", "missing_lines": 0, "excluded_lines": 0}, "missing_lines": [], "excluded_lines": []}}, "classes": {"HarvestOrchestrator": {"executed_lines": [38, 39, 40, 41, 44, 45, 46, 47, 50, 51, 54, 60, 66, 68, 69, 70, 71, 72, 96, 99, 101, 102, 104, 106, 111, 112, 113, 114, 115, 123, 124, 126, 129, 131, 133, 136, 137, 138, 139, 140, 142, 170, 171, 173, 174, 183, 193, 195, 196, 206, 208, 209, 216, 217, 219, 220, 221, 223, 224, 225, 226, 227, 228, 235, 242, 268, 273, 282, 283, 288, 295, 298, 304, 307, 311, 312, 319, 322, 323, 326, 329, 330, 331, 332, 333, 335, 342, 345, 354, 362, 365, 374, 392, 396, 403, 424, 425], "summary": {"covered_lines": 97, "num_statements": 107, "percent_covered": 90.65420560747664, "percent_covered_display": "91", "missing_lines": 10, "excluded_lines": 0}, "missing_lines": [73, 74, 78, 97, 147, 148, 247, 248, 253, 263], "excluded_lines": []}, "": {"executed_lines": [1, 3, 4, 5, 6, 7, 9, 10, 12, 13, 14, 15, 16, 17, 18, 19, 22, 23, 25, 64, 80, 117, 150, 376, 405], "summary": {"covered_lines": 23, "num_statements": 23, "percent_covered": 100.0, "percent_covered_display": "100", "missing_lines": 0, "excluded_lines": 0}, "missing_lines": [], "excluded_lines": []}}}, "scripts/main.py": {"executed_lines": [2, 4, 5, 6, 7, 9, 10, 11, 12, 13, 15, 16, 18, 21, 38, 39, 40, 43, 44, 51, 52, 58, 65, 71, 74, 79, 84, 85, 95, 97, 98, 101, 103, 106, 107, 108, 109, 110, 111, 112, 115, 118, 119, 120, 121, 122, 123, 128, 130, 133, 136, 138, 141, 143, 144, 147, 152, 153, 154, 155, 158, 159, 160, 163, 165, 168, 170, 173, 176, 182, 188, 191, 192, 200, 201, 204, 206, 207, 208, 209, 210, 211, 212, 214, 223, 225, 226, 227, 230, 231, 237, 243, 249, 251, 252, 254, 256, 258, 259, 263, 265, 266, 267, 270, 273, 275, 284, 286, 287, 288, 289, 297, 298, 300, 301, 304, 307, 308, 309, 312, 318, 319, 323, 325, 326, 328, 331, 338, 339, 342, 343, 345, 346, 347, 350, 353, 357, 364, 365, 366, 371, 372, 373, 374, 375, 376, 378, 379, 387, 388, 389, 393, 397, 398, 399, 400, 401, 572], "summary": {"covered_lines": 156, "num_statements": 222, "percent_covered": 70.27027027027027, "percent_covered_display": "70", "missing_lines": 66, "excluded_lines": 2}, "missing_lines": [125, 129, 131, 137, 139, 162, 215, 291, 292, 293, 294, 327, 329, 332, 333, 336, 358, 359, 362, 390, 394, 404, 406, 408, 414, 416, 432, 434, 435, 436, 443, 472, 473, 475, 476, 478, 479, 481, 482, 495, 496, 507, 522, 523, 526, 532, 534, 542, 545, 547, 548, 549, 550, 551, 552, 553, 554, 557, 558, 561, 563, 564, 565, 566, 567, 569], "excluded_lines": [572, 573], "functions": {"cli": {"executed_lines": [43, 44], "summary": {"covered_lines": 2, "num_statements": 2, "percent_covered": 100.0, "percent_covered_display": "100", "missing_lines": 0, "excluded_lines": 0}, "missing_lines": [], "excluded_lines": []}, "harvest": {"executed_lines": [95, 97, 98, 101, 103, 106, 107, 108, 109, 110, 111, 112, 115, 118, 119, 120, 121, 122, 123, 128, 130, 133, 136, 138, 141, 143, 144, 147, 152, 153, 154, 155, 158, 159, 160, 163, 165, 168, 170, 173, 176, 182, 188, 191, 192, 200, 201, 204, 206, 207, 208, 209, 210, 211, 212, 214, 223, 225, 226, 227], "summary": {"covered_lines": 60, "num_statements": 67, "percent_covered": 89.55223880597015, "percent_covered_display": "90", "missing_lines": 7, "excluded_lines": 0}, "missing_lines": [125, 129, 131, 137, 139, 162, 215], "excluded_lines": []}, "generate_briefing": {"executed_lines": [251, 252, 254, 256, 258, 259, 263, 265, 266, 267, 270, 273, 275, 284, 286, 287, 288, 289], "summary": {"covered_lines": 18, "num_statements": 22, "percent_covered": 81.81818181818181, "percent_covered_display": "82", "missing_lines": 4, "excluded_lines": 0}, "missing_lines": [291, 292, 293, 294], "excluded_lines": []}, "update_badge": {"executed_lines": [300, 301, 304], "summary": {"covered_lines": 3, "num_statements": 3, "percent_covered": 100.0, "percent_covered_display": "100", "missing_lines": 0, "excluded_lines": 0}, "missing_lines": [], "excluded_lines": []}, "send_alerts": {"executed_lines": [323, 325, 326, 328, 331, 338, 339, 342, 343, 345, 346, 347, 350, 353, 357, 364, 365, 366, 371, 372, 373, 374, 375, 376, 378, 379, 387, 388, 389, 393, 397, 398, 399, 400, 401], "summary": {"covered_lines": 35, "num_statements": 85, "percent_covered": 41.1764705882353, "percent_covered_display": "41", "missing_lines": 50, "excluded_lines": 0}, "missing_lines": [327, 329, 332, 333, 336, 358, 359, 362, 390, 394, 404, 406, 408, 414, 432, 472, 473, 475, 476, 478, 479, 481, 482, 495, 496, 507, 522, 523, 526, 532, 534, 542, 545, 547, 548, 549, 550, 551, 552, 553, 554, 557, 558, 561, 563, 564, 565, 566, 567, 569], "excluded_lines": []}, "send_alerts.create_slack_payload": {"executed_lines": [], "summary": {"covered_lines": 0, "num_statements": 1, "percent_covered": 0.0, "percent_covered_display": "0", "missing_lines": 1, "excluded_lines": 0}, "missing_lines": [416], "excluded_lines": []}, "send_alerts.create_teams_payload": {"executed_lines": [], "summary": {"covered_lines": 0, "num_statements": 4, "percent_covered": 0.0, "percent_covered_display": "0", "missing_lines": 4, "excluded_lines": 0}, "missing_lines": [434, 435, 436, 443], "excluded_lines": []}, "": {"executed_lines": [2, 4, 5, 6, 7, 9, 10, 11, 12, 13, 15, 16, 18, 21, 38, 39, 40, 51, 52, 58, 65, 71, 74, 79, 84, 85, 230, 231, 237, 243, 249, 297, 298, 307, 308, 309, 312, 318, 319, 572], "summary": {"covered_lines": 38, "num_statements": 38, "percent_covered": 100.0, "percent_covered_display": "100", "missing_lines": 0, "excluded_lines": 2}, "missing_lines": [], "excluded_lines": [572, 573]}}, "classes": {"": {"executed_lines": [2, 4, 5, 6, 7, 9, 10, 11, 12, 13, 15, 16, 18, 21, 38, 39, 40, 43, 44, 51, 52, 58, 65, 71, 74, 79, 84, 85, 95, 97, 98, 101, 103, 106, 107, 108, 109, 110, 111, 112, 115, 118, 119, 120, 121, 122, 123, 128, 130, 133, 136, 138, 141, 143, 144, 147, 152, 153, 154, 155, 158, 159, 160, 163, 165, 168, 170, 173, 176, 182, 188, 191, 192, 200, 201, 204, 206, 207, 208, 209, 210, 211, 212, 214, 223, 225, 226, 227, 230, 231, 237, 243, 249, 251, 252, 254, 256, 258, 259, 263, 265, 266, 267, 270, 273, 275, 284, 286, 287, 288, 289, 297, 298, 300, 301, 304, 307, 308, 309, 312, 318, 319, 323, 325, 326, 328, 331, 338, 339, 342, 343, 345, 346, 347, 350, 353, 357, 364, 365, 366, 371, 372, 373, 374, 375, 376, 378, 379, 387, 388, 389, 393, 397, 398, 399, 400, 401, 572], "summary": {"covered_lines": 156, "num_statements": 222, "percent_covered": 70.27027027027027, "percent_covered_display": "70", "missing_lines": 66, "excluded_lines": 2}, "missing_lines": [125, 129, 131, 137, 139, 162, 215, 291, 292, 293, 294, 327, 329, 332, 333, 336, 358, 359, 362, 390, 394, 404, 406, 408, 414, 416, 432, 434, 435, 436, 443, 472, 473, 475, 476, 478, 479, 481, 482, 495, 496, 507, 522, 523, 526, 532, 534, 542, 545, 547, 548, 549, 550, 551, 552, 553, 554, 557, 558, 561, 563, 564, 565, 566, 567, 569], "excluded_lines": [572, 573]}}}, "scripts/metrics.py": {"executed_lines": [1, 5, 6, 7, 8, 9, 10, 11, 12, 14, 17, 18, 20, 26, 27, 28, 29, 30, 32, 34, 35, 50, 62, 81, 94, 97, 100, 103, 106, 110, 111, 113, 114, 115, 116, 117, 119, 121, 130, 132, 133, 140, 142, 144, 153, 156, 157, 160, 162, 164, 179, 185, 194, 212, 213, 215, 221, 224, 242, 243, 245, 255, 258, 268, 296, 298, 299, 301, 303, 304, 331, 332, 349, 351, 437, 458], "summary": {"covered_lines": 74, "num_statements": 103, "percent_covered": 71.84466019417475, "percent_covered_display": "72", "missing_lines": 29, "excluded_lines": 0}, "missing_lines": [154, 222, 256, 278, 279, 281, 282, 360, 361, 362, 364, 366, 370, 371, 374, 397, 409, 446, 447, 456, 465, 466, 467, 469, 471, 473, 484, 494, 508], "excluded_lines": [], "functions": {"MetricsCollector.__init__": {"executed_lines": [26, 27, 28, 29, 30], "summary": {"covered_lines": 5, "num_statements": 5, "percent_covered": 100.0, "percent_covered_display": "100", "missing_lines": 0, "excluded_lines": 0}, "missing_lines": [], "excluded_lines": []}, "MetricsCollector._init_db": {"executed_lines": [34, 35, 50, 62, 81, 94, 97, 100, 103, 106], "summary": {"covered_lines": 10, "num_statements": 10, "percent_covered": 100.0, "percent_covered_display": "100", "missing_lines": 0, "excluded_lines": 0}, "missing_lines": [], "excluded_lines": []}, "MetricsCollector._get_db": {"executed_lines": [113, 114, 115, 116, 117, 119], "summary": {"covered_lines": 6, "num_statements": 6, "percent_covered": 100.0, "percent_covered_display": "100", "missing_lines": 0, "excluded_lines": 0}, "missing_lines": [], "excluded_lines": []}, "MetricsCollector.start_harvest": {"executed_lines": [130, 132, 133, 140, 142], "summary": {"covered_lines": 5, "num_statements": 5, "percent_covered": 100.0, "percent_covered_display": "100", "missing_lines": 0, "excluded_lines": 0}, "missing_lines": [], "excluded_lines": []}, "MetricsCollector.end_harvest": {"executed_lines": [153, 156, 157, 160, 162, 164, 179, 185, 194, 212, 213], "summary": {"covered_lines": 11, "num_statements": 12, "percent_covered": 91.66666666666667, "percent_covered_display": "92", "missing_lines": 1, "excluded_lines": 0}, "missing_lines": [154], "excluded_lines": []}, "MetricsCollector.record_vulnerability": {"executed_lines": [221, 224, 242, 243], "summary": {"covered_lines": 4, "num_statements": 5, "percent_covered": 80.0, "percent_covered_display": "80", "missing_lines": 1, "excluded_lines": 0}, "missing_lines": [222], "excluded_lines": []}, "MetricsCollector.record_metric": {"executed_lines": [255, 258], "summary": {"covered_lines": 2, "num_statements": 3, "percent_covered": 66.66666666666667, "percent_covered_display": "67", "missing_lines": 1, "excluded_lines": 0}, "missing_lines": [256], "excluded_lines": []}, "MetricsCollector.record_error": {"executed_lines": [], "summary": {"covered_lines": 0, "num_statements": 4, "percent_covered": 0.0, "percent_covered_display": "0", "missing_lines": 4, "excluded_lines": 0}, "missing_lines": [278, 279, 281, 282], "excluded_lines": []}, "MetricsCollector._flush_metrics": {"executed_lines": [298, 299, 301, 303, 304, 331, 332, 349], "summary": {"covered_lines": 8, "num_statements": 8, "percent_covered": 100.0, "percent_covered_display": "100", "missing_lines": 0, "excluded_lines": 0}, "missing_lines": [], "excluded_lines": []}, "MetricsCollector.get_harvest_summary": {"executed_lines": [], "summary": {"covered_lines": 0, "num_statements": 10, "percent_covered": 0.0, "percent_covered_display": "0", "missing_lines": 10, "excluded_lines": 0}, "missing_lines": [360, 361, 362, 364, 366, 370, 371, 374, 397, 409], "excluded_lines": []}, "MetricsCollector.get_recent_harvests": {"executed_lines": [], "summary": {"covered_lines": 0, "num_statements": 3, "percent_covered": 0.0, "percent_covered_display": "0", "missing_lines": 3, "excluded_lines": 0}, "missing_lines": [446, 447, 456], "excluded_lines": []}, "MetricsCollector.export_metrics": {"executed_lines": [], "summary": {"covered_lines": 0, "num_statements": 9, "percent_covered": 0.0, "percent_covered_display": "0", "missing_lines": 9, "excluded_lines": 0}, "missing_lines": [465, 466, 467, 469, 471, 473, 484, 494, 508], "excluded_lines": []}, "": {"executed_lines": [1, 5, 6, 7, 8, 9, 10, 11, 12, 14, 17, 18, 20, 32, 110, 111, 121, 144, 215, 245, 268, 296, 351, 437, 458], "summary": {"covered_lines": 23, "num_statements": 23, "percent_covered": 100.0, "percent_covered_display": "100", "missing_lines": 0, "excluded_lines": 0}, "missing_lines": [], "excluded_lines": []}}, "classes": {"MetricsCollector": {"executed_lines": [26, 27, 28, 29, 30, 34, 35, 50, 62, 81, 94, 97, 100, 103, 106, 113, 114, 115, 116, 117, 119, 130, 132, 133, 140, 142, 153, 156, 157, 160, 162, 164, 179, 185, 194, 212, 213, 221, 224, 242, 243, 255, 258, 298, 299, 301, 303, 304, 331, 332, 349], "summary": {"covered_lines": 51, "num_statements": 80, "percent_covered": 63.75, "percent_covered_display": "64", "missing_lines": 29, "excluded_lines": 0}, "missing_lines": [154, 222, 256, 278, 279, 281, 282, 360, 361, 362, 364, 366, 370, 371, 374, 397, 409, 446, 447, 456, 465, 466, 467, 469, 471, 473, 484, 494, 508], "excluded_lines": []}, "": {"executed_lines": [1, 5, 6, 7, 8, 9, 10, 11, 12, 14, 17, 18, 20, 32, 110, 111, 121, 144, 215, 245, 268, 296, 351, 437, 458], "summary": {"covered_lines": 23, "num_statements": 23, "percent_covered": 100.0, "percent_covered_display": "100", "missing_lines": 0, "excluded_lines": 0}, "missing_lines": [], "excluded_lines": []}}}, "scripts/models.py": {"executed_lines": [1, 3, 4, 5, 7, 10, 11, 13, 14, 15, 16, 17, 20, 21, 23, 24, 25, 26, 27, 30, 31, 33, 34, 35, 36, 37, 38, 41, 42, 44, 45, 46, 48, 49, 50, 52, 55, 56, 58, 59, 60, 63, 64, 66, 67, 68, 69, 70, 71, 74, 75, 77, 78, 79, 82, 83, 85, 86, 87, 90, 91, 94, 95, 96, 99, 100, 103, 104, 105, 108, 109, 112, 113, 114, 117, 118, 121, 122, 125, 126, 127, 130, 132, 133, 135, 137, 138, 140, 141, 142, 144, 145, 147, 148, 149, 151, 152, 154, 155, 157, 158, 160, 161, 163, 168, 170, 184, 186, 270, 271, 273, 274, 275, 277, 278, 280, 282, 284, 291, 292, 296, 298, 300, 302], "summary": {"covered_lines": 112, "num_statements": 112, "percent_covered": 100.0, "percent_covered_display": "100", "missing_lines": 0, "excluded_lines": 0}, "missing_lines": [], "excluded_lines": [], "functions": {"EPSSScore.round_values": {"executed_lines": [52], "summary": {"covered_lines": 1, "num_statements": 1, "percent_covered": 100.0, "percent_covered_display": "100", "missing_lines": 0, "excluded_lines": 0}, "missing_lines": [], "excluded_lines": []}, "Vulnerability.cvss_base_score": {"executed_lines": [140, 141, 142], "summary": {"covered_lines": 3, "num_statements": 3, "percent_covered": 100.0, "percent_covered_display": "100", "missing_lines": 0, "excluded_lines": 0}, "missing_lines": [], "excluded_lines": []}, "Vulnerability.epss_probability": {"executed_lines": [147, 148, 149], "summary": {"covered_lines": 3, "num_statements": 3, "percent_covered": 100.0, "percent_covered_display": "100", "missing_lines": 0, "excluded_lines": 0}, "missing_lines": [], "excluded_lines": []}, "Vulnerability.cvss_vector": {"executed_lines": [154, 155, 157, 158], "summary": {"covered_lines": 4, "num_statements": 4, "percent_covered": 100.0, "percent_covered_display": "100", "missing_lines": 0, "excluded_lines": 0}, "missing_lines": [], "excluded_lines": []}, "Vulnerability.is_exploited": {"executed_lines": [163], "summary": {"covered_lines": 1, "num_statements": 1, "percent_covered": 100.0, "percent_covered_display": "100", "missing_lines": 0, "excluded_lines": 0}, "missing_lines": [], "excluded_lines": []}, "Vulnerability.to_summary_dict": {"executed_lines": [170], "summary": {"covered_lines": 1, "num_statements": 1, "percent_covered": 100.0, "percent_covered_display": "100", "missing_lines": 0, "excluded_lines": 0}, "missing_lines": [], "excluded_lines": []}, "Vulnerability.to_detail_dict": {"executed_lines": [186], "summary": {"covered_lines": 1, "num_statements": 1, "percent_covered": 100.0, "percent_covered_display": "100", "missing_lines": 0, "excluded_lines": 0}, "missing_lines": [], "excluded_lines": []}, "VulnerabilityBatch.count": {"executed_lines": [280], "summary": {"covered_lines": 1, "num_statements": 1, "percent_covered": 100.0, "percent_covered_display": "100", "missing_lines": 0, "excluded_lines": 0}, "missing_lines": [], "excluded_lines": []}, "VulnerabilityBatch.filter_by_severity": {"executed_lines": [284, 291, 292], "summary": {"covered_lines": 3, "num_statements": 3, "percent_covered": 100.0, "percent_covered_display": "100", "missing_lines": 0, "excluded_lines": 0}, "missing_lines": [], "excluded_lines": []}, "VulnerabilityBatch.filter_by_risk_score": {"executed_lines": [298], "summary": {"covered_lines": 1, "num_statements": 1, "percent_covered": 100.0, "percent_covered_display": "100", "missing_lines": 0, "excluded_lines": 0}, "missing_lines": [], "excluded_lines": []}, "VulnerabilityBatch.sort_by_risk": {"executed_lines": [302], "summary": {"covered_lines": 1, "num_statements": 1, "percent_covered": 100.0, "percent_covered_display": "100", "missing_lines": 0, "excluded_lines": 0}, "missing_lines": [], "excluded_lines": []}, "": {"executed_lines": [1, 3, 4, 5, 7, 10, 11, 13, 14, 15, 16, 17, 20, 21, 23, 24, 25, 26, 27, 30, 31, 33, 34, 35, 36, 37, 38, 41, 42, 44, 45, 46, 48, 49, 50, 55, 56, 58, 59, 60, 63, 64, 66, 67, 68, 69, 70, 71, 74, 75, 77, 78, 79, 82, 83, 85, 86, 87, 90, 91, 94, 95, 96, 99, 100, 103, 104, 105, 108, 109, 112, 113, 114, 117, 118, 121, 122, 125, 126, 127, 130, 132, 133, 135, 137, 138, 144, 145, 151, 152, 160, 161, 168, 184, 270, 271, 273, 274, 275, 277, 278, 282, 296, 300], "summary": {"covered_lines": 92, "num_statements": 92, "percent_covered": 100.0, "percent_covered_display": "100", "missing_lines": 0, "excluded_lines": 0}, "missing_lines": [], "excluded_lines": []}}, "classes": {"SeverityLevel": {"executed_lines": [], "summary": {"covered_lines": 0, "num_statements": 0, "percent_covered": 100.0, "percent_covered_display": "100", "missing_lines": 0, "excluded_lines": 0}, "missing_lines": [], "excluded_lines": []}, "ExploitationStatus": {"executed_lines": [], "summary": {"covered_lines": 0, "num_statements": 0, "percent_covered": 100.0, "percent_covered_display": "100", "missing_lines": 0, "excluded_lines": 0}, "missing_lines": [], "excluded_lines": []}, "CVSSMetric": {"executed_lines": [], "summary": {"covered_lines": 0, "num_statements": 0, "percent_covered": 100.0, "percent_covered_display": "100", "missing_lines": 0, "excluded_lines": 0}, "missing_lines": [], "excluded_lines": []}, "EPSSScore": {"executed_lines": [52], "summary": {"covered_lines": 1, "num_statements": 1, "percent_covered": 100.0, "percent_covered_display": "100", "missing_lines": 0, "excluded_lines": 0}, "missing_lines": [], "excluded_lines": []}, "Reference": {"executed_lines": [], "summary": {"covered_lines": 0, "num_statements": 0, "percent_covered": 100.0, "percent_covered_display": "100", "missing_lines": 0, "excluded_lines": 0}, "missing_lines": [], "excluded_lines": []}, "CPEMatch": {"executed_lines": [], "summary": {"covered_lines": 0, "num_statements": 0, "percent_covered": 100.0, "percent_covered_display": "100", "missing_lines": 0, "excluded_lines": 0}, "missing_lines": [], "excluded_lines": []}, "ATTACKTechnique": {"executed_lines": [], "summary": {"covered_lines": 0, "num_statements": 0, "percent_covered": 100.0, "percent_covered_display": "100", "missing_lines": 0, "excluded_lines": 0}, "missing_lines": [], "excluded_lines": []}, "VulnerabilitySource": {"executed_lines": [], "summary": {"covered_lines": 0, "num_statements": 0, "percent_covered": 100.0, "percent_covered_display": "100", "missing_lines": 0, "excluded_lines": 0}, "missing_lines": [], "excluded_lines": []}, "Vulnerability": {"executed_lines": [140, 141, 142, 147, 148, 149, 154, 155, 157, 158, 163, 170, 186], "summary": {"covered_lines": 13, "num_statements": 13, "percent_covered": 100.0, "percent_covered_display": "100", "missing_lines": 0, "excluded_lines": 0}, "missing_lines": [], "excluded_lines": []}, "Vulnerability.Config": {"executed_lines": [], "summary": {"covered_lines": 0, "num_statements": 0, "percent_covered": 100.0, "percent_covered_display": "100", "missing_lines": 0, "excluded_lines": 0}, "missing_lines": [], "excluded_lines": []}, "VulnerabilityBatch": {"executed_lines": [280, 284, 291, 292, 298, 302], "summary": {"covered_lines": 6, "num_statements": 6, "percent_covered": 100.0, "percent_covered_display": "100", "missing_lines": 0, "excluded_lines": 0}, "missing_lines": [], "excluded_lines": []}, "": {"executed_lines": [1, 3, 4, 5, 7, 10, 11, 13, 14, 15, 16, 17, 20, 21, 23, 24, 25, 26, 27, 30, 31, 33, 34, 35, 36, 37, 38, 41, 42, 44, 45, 46, 48, 49, 50, 55, 56, 58, 59, 60, 63, 64, 66, 67, 68, 69, 70, 71, 74, 75, 77, 78, 79, 82, 83, 85, 86, 87, 90, 91, 94, 95, 96, 99, 100, 103, 104, 105, 108, 109, 112, 113, 114, 117, 118, 121, 122, 125, 126, 127, 130, 132, 133, 135, 137, 138, 144, 145, 151, 152, 160, 161, 168, 184, 270, 271, 273, 274, 275, 277, 278, 282, 296, 300], "summary": {"covered_lines": 92, "num_statements": 92, "percent_covered": 100.0, "percent_covered_display": "100", "missing_lines": 0, "excluded_lines": 0}, "missing_lines": [], "excluded_lines": []}}}, "scripts/processing/briefing_generator.py": {"executed_lines": [1, 3, 4, 5, 7, 9, 10, 13, 14, 16, 23, 24, 27, 30, 31, 32, 33, 36, 38, 53, 54, 55, 58, 61, 97, 98, 100, 119, 122, 125, 126, 128, 134, 136, 145, 148, 164, 183, 184, 198, 199, 205, 206, 207, 209, 210, 211, 213, 214, 217, 219, 220, 226, 227, 228, 230, 231, 234, 243, 244, 245, 249, 258, 260, 269, 270, 273, 276, 277, 279, 281, 290, 293, 302, 303, 305, 311, 313, 327, 329, 336, 337, 344, 345, 350, 351, 352, 353, 361, 368], "summary": {"covered_lines": 88, "num_statements": 94, "percent_covered": 93.61702127659575, "percent_covered_display": "94", "missing_lines": 6, "excluded_lines": 0}, "missing_lines": [340, 341, 346, 347, 354, 355], "excluded_lines": [], "functions": {"BriefingGenerator.__init__": {"executed_lines": [23, 24, 27, 30, 31, 32, 33, 36], "summary": {"covered_lines": 8, "num_statements": 8, "percent_covered": 100.0, "percent_covered_display": "100", "missing_lines": 0, "excluded_lines": 0}, "missing_lines": [], "excluded_lines": []}, "BriefingGenerator.generate_briefing_post": {"executed_lines": [53, 54, 55, 58, 61, 97, 98, 100, 119, 122, 125, 126, 128, 134], "summary": {"covered_lines": 14, "num_statements": 14, "percent_covered": 100.0, "percent_covered_display": "100", "missing_lines": 0, "excluded_lines": 0}, "missing_lines": [], "excluded_lines": []}, "BriefingGenerator._generate_markdown_briefing": {"executed_lines": [145, 148, 164, 183, 184, 198, 199, 205, 206, 207, 209, 210, 211, 213, 214, 217, 219, 220, 226, 227, 228, 230, 231, 234, 243, 244, 245, 249, 258], "summary": {"covered_lines": 29, "num_statements": 29, "percent_covered": 100.0, "percent_covered_display": "100", "missing_lines": 0, "excluded_lines": 0}, "missing_lines": [], "excluded_lines": []}, "BriefingGenerator.generate_vulnerability_json": {"executed_lines": [269, 270, 273, 276, 277, 279], "summary": {"covered_lines": 6, "num_statements": 6, "percent_covered": 100.0, "percent_covered_display": "100", "missing_lines": 0, "excluded_lines": 0}, "missing_lines": [], "excluded_lines": []}, "BriefingGenerator.generate_search_index": {"executed_lines": [290, 293, 302, 303, 305, 311], "summary": {"covered_lines": 6, "num_statements": 6, "percent_covered": 100.0, "percent_covered_display": "100", "missing_lines": 0, "excluded_lines": 0}, "missing_lines": [], "excluded_lines": []}, "BriefingGenerator.generate_all": {"executed_lines": [327, 329, 336, 337, 344, 345, 350, 351, 352, 353, 361, 368], "summary": {"covered_lines": 12, "num_statements": 18, "percent_covered": 66.66666666666667, "percent_covered_display": "67", "missing_lines": 6, "excluded_lines": 0}, "missing_lines": [340, 341, 346, 347, 354, 355], "excluded_lines": []}, "": {"executed_lines": [1, 3, 4, 5, 7, 9, 10, 13, 14, 16, 38, 136, 260, 281, 313], "summary": {"covered_lines": 13, "num_statements": 13, "percent_covered": 100.0, "percent_covered_display": "100", "missing_lines": 0, "excluded_lines": 0}, "missing_lines": [], "excluded_lines": []}}, "classes": {"BriefingGenerator": {"executed_lines": [23, 24, 27, 30, 31, 32, 33, 36, 53, 54, 55, 58, 61, 97, 98, 100, 119, 122, 125, 126, 128, 134, 145, 148, 164, 183, 184, 198, 199, 205, 206, 207, 209, 210, 211, 213, 214, 217, 219, 220, 226, 227, 228, 230, 231, 234, 243, 244, 245, 249, 258, 269, 270, 273, 276, 277, 279, 290, 293, 302, 303, 305, 311, 327, 329, 336, 337, 344, 345, 350, 351, 352, 353, 361, 368], "summary": {"covered_lines": 75, "num_statements": 81, "percent_covered": 92.5925925925926, "percent_covered_display": "93", "missing_lines": 6, "excluded_lines": 0}, "missing_lines": [340, 341, 346, 347, 354, 355], "excluded_lines": []}, "": {"executed_lines": [1, 3, 4, 5, 7, 9, 10, 13, 14, 16, 38, 136, 260, 281, 313], "summary": {"covered_lines": 13, "num_statements": 13, "percent_covered": 100.0, "percent_covered_display": "100", "missing_lines": 0, "excluded_lines": 0}, "missing_lines": [], "excluded_lines": []}}}, "scripts/processing/cache_manager.py": {"executed_lines": [1, 3, 4, 5, 6, 7, 9, 10, 20, 21, 23, 25, 28, 29, 31, 33, 34, 35, 36, 37, 38, 39, 40, 45, 48, 49, 51, 53, 54, 57, 58, 59, 60, 67, 68, 70, 83, 84, 87, 88, 89, 90, 91, 92, 97, 100, 106, 109, 111, 112, 114, 115, 116, 117, 122, 124, 130, 132, 135, 142, 144, 146, 147, 148, 149, 150, 151, 152, 155, 164, 166, 172, 174, 176, 190, 193, 194, 196, 198, 207, 208, 212, 217, 218, 219, 220, 221, 226, 227, 236, 252, 253, 254, 258, 261, 265, 270, 271, 272, 273, 274, 282, 284, 319, 325, 326, 332, 341, 343, 349, 350, 351, 358, 359, 368, 371, 400], "summary": {"covered_lines": 113, "num_statements": 135, "percent_covered": 83.70370370370371, "percent_covered_display": "84", "missing_lines": 22, "excluded_lines": 0}, "missing_lines": [94, 118, 119, 120, 213, 222, 223, 228, 229, 234, 259, 262, 275, 276, 296, 297, 304, 305, 306, 317, 333, 337], "excluded_lines": [], "functions": {"CacheManager.__init__": {"executed_lines": [83, 84, 87, 88, 89, 90, 91, 92, 97, 100, 106, 109], "summary": {"covered_lines": 12, "num_statements": 13, "percent_covered": 92.3076923076923, "percent_covered_display": "92", "missing_lines": 1, "excluded_lines": 0}, "missing_lines": [94], "excluded_lines": []}, "CacheManager.get_session": {"executed_lines": [114, 115, 116, 117, 122], "summary": {"covered_lines": 5, "num_statements": 8, "percent_covered": 62.5, "percent_covered_display": "62", "missing_lines": 3, "excluded_lines": 0}, "missing_lines": [118, 119, 120], "excluded_lines": []}, "CacheManager.cache_vulnerability": {"executed_lines": [130, 132, 135, 142, 144, 146, 147, 148, 149, 150, 151, 152, 155, 164], "summary": {"covered_lines": 14, "num_statements": 14, "percent_covered": 100.0, "percent_covered_display": "100", "missing_lines": 0, "excluded_lines": 0}, "missing_lines": [], "excluded_lines": []}, "CacheManager.cache_batch": {"executed_lines": [172, 174, 176, 190, 193, 194, 196], "summary": {"covered_lines": 7, "num_statements": 7, "percent_covered": 100.0, "percent_covered_display": "100", "missing_lines": 0, "excluded_lines": 0}, "missing_lines": [], "excluded_lines": []}, "CacheManager.get_vulnerability": {"executed_lines": [207, 208, 212, 217, 218, 219, 220, 221, 226, 227], "summary": {"covered_lines": 10, "num_statements": 16, "percent_covered": 62.5, "percent_covered_display": "62", "missing_lines": 6, "excluded_lines": 0}, "missing_lines": [213, 222, 223, 228, 229, 234], "excluded_lines": []}, "CacheManager.get_recent_vulnerabilities": {"executed_lines": [252, 253, 254, 258, 261, 265, 270, 271, 272, 273, 274, 282], "summary": {"covered_lines": 12, "num_statements": 16, "percent_covered": 75.0, "percent_covered_display": "75", "missing_lines": 4, "excluded_lines": 0}, "missing_lines": [259, 262, 275, 276], "excluded_lines": []}, "CacheManager.get_harvest_metadata": {"executed_lines": [], "summary": {"covered_lines": 0, "num_statements": 6, "percent_covered": 0.0, "percent_covered_display": "0", "missing_lines": 6, "excluded_lines": 0}, "missing_lines": [296, 297, 304, 305, 306, 317], "excluded_lines": []}, "CacheManager.cleanup_expired": {"executed_lines": [325, 326, 332, 341], "summary": {"covered_lines": 4, "num_statements": 6, "percent_covered": 66.66666666666667, "percent_covered_display": "67", "missing_lines": 2, "excluded_lines": 0}, "missing_lines": [333, 337], "excluded_lines": []}, "CacheManager.get_cache_stats": {"executed_lines": [349, 350, 351, 358, 359, 368, 371, 400], "summary": {"covered_lines": 8, "num_statements": 8, "percent_covered": 100.0, "percent_covered_display": "100", "missing_lines": 0, "excluded_lines": 0}, "missing_lines": [], "excluded_lines": []}, "": {"executed_lines": [1, 3, 4, 5, 6, 7, 9, 10, 20, 21, 23, 25, 28, 29, 31, 33, 34, 35, 36, 37, 38, 39, 40, 45, 48, 49, 51, 53, 54, 57, 58, 59, 60, 67, 68, 70, 111, 112, 124, 166, 198, 236, 284, 319, 343], "summary": {"covered_lines": 41, "num_statements": 41, "percent_covered": 100.0, "percent_covered_display": "100", "missing_lines": 0, "excluded_lines": 0}, "missing_lines": [], "excluded_lines": []}}, "classes": {"VulnerabilityCache": {"executed_lines": [], "summary": {"covered_lines": 0, "num_statements": 0, "percent_covered": 100.0, "percent_covered_display": "100", "missing_lines": 0, "excluded_lines": 0}, "missing_lines": [], "excluded_lines": []}, "HarvestMetadata": {"executed_lines": [], "summary": {"covered_lines": 0, "num_statements": 0, "percent_covered": 100.0, "percent_covered_display": "100", "missing_lines": 0, "excluded_lines": 0}, "missing_lines": [], "excluded_lines": []}, "CacheManager": {"executed_lines": [83, 84, 87, 88, 89, 90, 91, 92, 97, 100, 106, 109, 114, 115, 116, 117, 122, 130, 132, 135, 142, 144, 146, 147, 148, 149, 150, 151, 152, 155, 164, 172, 174, 176, 190, 193, 194, 196, 207, 208, 212, 217, 218, 219, 220, 221, 226, 227, 252, 253, 254, 258, 261, 265, 270, 271, 272, 273, 274, 282, 325, 326, 332, 341, 349, 350, 351, 358, 359, 368, 371, 400], "summary": {"covered_lines": 72, "num_statements": 94, "percent_covered": 76.59574468085107, "percent_covered_display": "77", "missing_lines": 22, "excluded_lines": 0}, "missing_lines": [94, 118, 119, 120, 213, 222, 223, 228, 229, 234, 259, 262, 275, 276, 296, 297, 304, 305, 306, 317, 333, 337], "excluded_lines": []}, "": {"executed_lines": [1, 3, 4, 5, 6, 7, 9, 10, 20, 21, 23, 25, 28, 29, 31, 33, 34, 35, 36, 37, 38, 39, 40, 45, 48, 49, 51, 53, 54, 57, 58, 59, 60, 67, 68, 70, 111, 112, 124, 166, 198, 236, 284, 319, 343], "summary": {"covered_lines": 41, "num_statements": 41, "percent_covered": 100.0, "percent_covered_display": "100", "missing_lines": 0, "excluded_lines": 0}, "missing_lines": [], "excluded_lines": []}}}, "scripts/processing/normalizer.py": {"executed_lines": [1, 3, 4, 5, 7, 8, 10, 19, 20, 23, 26, 38, 56, 69, 71, 73, 83, 84, 85, 86, 88, 97, 100, 106, 107, 108, 110, 112, 121, 122, 125, 126, 129, 130, 131, 132, 133, 134, 135, 136, 137, 138, 140, 141, 142, 144, 145, 146, 147, 148, 149, 150, 151, 152, 154, 156, 158, 167, 169, 170, 171, 173, 175, 184, 185, 187, 188, 189, 190, 191, 193, 195, 206, 209, 213, 215, 217, 218, 221, 222, 227, 230, 233, 236, 240, 241, 246, 249, 254, 255, 256, 257, 260, 263, 265, 267, 377, 390, 392, 393, 394, 395, 398, 399, 400, 401, 403, 404, 409, 411, 418], "summary": {"covered_lines": 109, "num_statements": 153, "percent_covered": 71.24183006535948, "percent_covered_display": "71", "missing_lines": 44, "excluded_lines": 0}, "missing_lines": [207, 210, 237, 242, 243, 278, 280, 281, 282, 283, 284, 285, 287, 289, 292, 293, 295, 296, 297, 298, 301, 304, 305, 308, 311, 314, 315, 317, 318, 319, 320, 321, 323, 324, 325, 326, 329, 337, 338, 346, 367, 369, 370, 375], "excluded_lines": [], "functions": {"VulnerabilityNormalizer.__init__": {"executed_lines": [71], "summary": {"covered_lines": 1, "num_statements": 1, "percent_covered": 100.0, "percent_covered_display": "100", "missing_lines": 0, "excluded_lines": 0}, "missing_lines": [], "excluded_lines": []}, "VulnerabilityNormalizer.normalize_cve_id": {"executed_lines": [83, 84, 85, 86], "summary": {"covered_lines": 4, "num_statements": 4, "percent_covered": 100.0, "percent_covered_display": "100", "missing_lines": 0, "excluded_lines": 0}, "missing_lines": [], "excluded_lines": []}, "VulnerabilityNormalizer.detect_exploitation_status": {"executed_lines": [97, 100, 106, 107, 108, 110], "summary": {"covered_lines": 6, "num_statements": 6, "percent_covered": 100.0, "percent_covered_display": "100", "missing_lines": 0, "excluded_lines": 0}, "missing_lines": [], "excluded_lines": []}, "VulnerabilityNormalizer.normalize_severity": {"executed_lines": [121, 122, 125, 126, 129, 130, 131, 132, 133, 134, 135, 136, 137, 138, 140, 141, 142, 144, 145, 146, 147, 148, 149, 150, 151, 152, 154, 156], "summary": {"covered_lines": 28, "num_statements": 28, "percent_covered": 100.0, "percent_covered_display": "100", "missing_lines": 0, "excluded_lines": 0}, "missing_lines": [], "excluded_lines": []}, "VulnerabilityNormalizer.extract_tags": {"executed_lines": [167, 169, 170, 171, 173], "summary": {"covered_lines": 5, "num_statements": 5, "percent_covered": 100.0, "percent_covered_display": "100", "missing_lines": 0, "excluded_lines": 0}, "missing_lines": [], "excluded_lines": []}, "VulnerabilityNormalizer.parse_date": {"executed_lines": [184, 185, 187, 188, 189, 190, 191, 193], "summary": {"covered_lines": 8, "num_statements": 8, "percent_covered": 100.0, "percent_covered_display": "100", "missing_lines": 0, "excluded_lines": 0}, "missing_lines": [], "excluded_lines": []}, "VulnerabilityNormalizer.merge_vulnerabilities": {"executed_lines": [206, 209, 213, 215, 217, 218, 221, 222, 227, 230, 233, 236, 240, 241, 246, 249, 254, 255, 256, 257, 260, 263, 265], "summary": {"covered_lines": 23, "num_statements": 28, "percent_covered": 82.14285714285714, "percent_covered_display": "82", "missing_lines": 5, "excluded_lines": 0}, "missing_lines": [207, 210, 237, 242, 243], "excluded_lines": []}, "VulnerabilityNormalizer.normalize_github_advisory": {"executed_lines": [], "summary": {"covered_lines": 0, "num_statements": 39, "percent_covered": 0.0, "percent_covered_display": "0", "missing_lines": 39, "excluded_lines": 0}, "missing_lines": [278, 280, 281, 282, 283, 284, 285, 287, 289, 292, 293, 295, 296, 297, 298, 301, 304, 305, 308, 311, 314, 315, 317, 318, 319, 320, 321, 323, 324, 325, 326, 329, 337, 338, 346, 367, 369, 370, 375], "excluded_lines": []}, "VulnerabilityNormalizer.deduplicate_vulnerabilities": {"executed_lines": [390, 392, 393, 394, 395, 398, 399, 400, 401, 403, 404, 409, 411, 418], "summary": {"covered_lines": 14, "num_statements": 14, "percent_covered": 100.0, "percent_covered_display": "100", "missing_lines": 0, "excluded_lines": 0}, "missing_lines": [], "excluded_lines": []}, "": {"executed_lines": [1, 3, 4, 5, 7, 8, 10, 19, 20, 23, 26, 38, 56, 69, 73, 88, 112, 158, 175, 195, 267, 377], "summary": {"covered_lines": 20, "num_statements": 20, "percent_covered": 100.0, "percent_covered_display": "100", "missing_lines": 0, "excluded_lines": 0}, "missing_lines": [], "excluded_lines": []}}, "classes": {"VulnerabilityNormalizer": {"executed_lines": [71, 83, 84, 85, 86, 97, 100, 106, 107, 108, 110, 121, 122, 125, 126, 129, 130, 131, 132, 133, 134, 135, 136, 137, 138, 140, 141, 142, 144, 145, 146, 147, 148, 149, 150, 151, 152, 154, 156, 167, 169, 170, 171, 173, 184, 185, 187, 188, 189, 190, 191, 193, 206, 209, 213, 215, 217, 218, 221, 222, 227, 230, 233, 236, 240, 241, 246, 249, 254, 255, 256, 257, 260, 263, 265, 390, 392, 393, 394, 395, 398, 399, 400, 401, 403, 404, 409, 411, 418], "summary": {"covered_lines": 89, "num_statements": 133, "percent_covered": 66.9172932330827, "percent_covered_display": "67", "missing_lines": 44, "excluded_lines": 0}, "missing_lines": [207, 210, 237, 242, 243, 278, 280, 281, 282, 283, 284, 285, 287, 289, 292, 293, 295, 296, 297, 298, 301, 304, 305, 308, 311, 314, 315, 317, 318, 319, 320, 321, 323, 324, 325, 326, 329, 337, 338, 346, 367, 369, 370, 375], "excluded_lines": []}, "": {"executed_lines": [1, 3, 4, 5, 7, 8, 10, 19, 20, 23, 26, 38, 56, 69, 73, 88, 112, 158, 175, 195, 267, 377], "summary": {"covered_lines": 20, "num_statements": 20, "percent_covered": 100.0, "percent_covered_display": "100", "missing_lines": 0, "excluded_lines": 0}, "missing_lines": [], "excluded_lines": []}}}, "scripts/processing/optimized_briefing_generator.py": {"executed_lines": [2, 4, 5, 6, 7, 9, 11, 12, 15, 16, 18, 25, 26, 27, 29, 41, 49, 50, 57, 58, 63, 64, 67, 68, 71, 72, 80, 88, 90, 98, 99, 102, 103, 104, 105, 106, 109, 110, 111, 118, 119, 121, 122, 130, 144, 145, 146, 148, 150, 158, 159, 161, 163, 164, 165, 167, 168, 175, 176, 178, 179, 189, 197, 198, 199, 201, 203, 209, 211, 219, 220, 222, 228], "summary": {"covered_lines": 71, "num_statements": 76, "percent_covered": 93.42105263157895, "percent_covered_display": "93", "missing_lines": 5, "excluded_lines": 0}, "missing_lines": [53, 54, 59, 60, 75], "excluded_lines": [], "functions": {"OptimizedBriefingGenerator.__init__": {"executed_lines": [25, 26, 27], "summary": {"covered_lines": 3, "num_statements": 3, "percent_covered": 100.0, "percent_covered_display": "100", "missing_lines": 0, "excluded_lines": 0}, "missing_lines": [], "excluded_lines": []}, "OptimizedBriefingGenerator.generate_all": {"executed_lines": [41, 49, 50, 57, 58, 63, 64, 67, 68, 71, 72, 80, 88], "summary": {"covered_lines": 13, "num_statements": 18, "percent_covered": 72.22222222222223, "percent_covered_display": "72", "missing_lines": 5, "excluded_lines": 0}, "missing_lines": [53, 54, 59, 60, 75], "excluded_lines": []}, "OptimizedBriefingGenerator._generate_severity_year_chunks": {"executed_lines": [98, 99, 102, 103, 104, 105, 106, 109, 110, 111, 118, 119, 121, 122, 130, 144, 145, 146, 148], "summary": {"covered_lines": 19, "num_statements": 19, "percent_covered": 100.0, "percent_covered_display": "100", "missing_lines": 0, "excluded_lines": 0}, "missing_lines": [], "excluded_lines": []}, "OptimizedBriefingGenerator._generate_size_chunks": {"executed_lines": [158, 159, 161, 163, 164, 165, 167, 168, 175, 176, 178, 179, 189, 197, 198, 199, 201], "summary": {"covered_lines": 17, "num_statements": 17, "percent_covered": 100.0, "percent_covered_display": "100", "missing_lines": 0, "excluded_lines": 0}, "missing_lines": [], "excluded_lines": []}, "OptimizedBriefingGenerator._generate_single_file": {"executed_lines": [209, 211, 219, 220, 222, 228], "summary": {"covered_lines": 6, "num_statements": 6, "percent_covered": 100.0, "percent_covered_display": "100", "missing_lines": 0, "excluded_lines": 0}, "missing_lines": [], "excluded_lines": []}, "": {"executed_lines": [2, 4, 5, 6, 7, 9, 11, 12, 15, 16, 18, 29, 90, 150, 203], "summary": {"covered_lines": 13, "num_statements": 13, "percent_covered": 100.0, "percent_covered_display": "100", "missing_lines": 0, "excluded_lines": 0}, "missing_lines": [], "excluded_lines": []}}, "classes": {"OptimizedBriefingGenerator": {"executed_lines": [25, 26, 27, 41, 49, 50, 57, 58, 63, 64, 67, 68, 71, 72, 80, 88, 98, 99, 102, 103, 104, 105, 106, 109, 110, 111, 118, 119, 121, 122, 130, 144, 145, 146, 148, 158, 159, 161, 163, 164, 165, 167, 168, 175, 176, 178, 179, 189, 197, 198, 199, 201, 209, 211, 219, 220, 222, 228], "summary": {"covered_lines": 58, "num_statements": 63, "percent_covered": 92.06349206349206, "percent_covered_display": "92", "missing_lines": 5, "excluded_lines": 0}, "missing_lines": [53, 54, 59, 60, 75], "excluded_lines": []}, "": {"executed_lines": [2, 4, 5, 6, 7, 9, 11, 12, 15, 16, 18, 29, 90, 150, 203], "summary": {"covered_lines": 13, "num_statements": 13, "percent_covered": 100.0, "percent_covered_display": "100", "missing_lines": 0, "excluded_lines": 0}, "missing_lines": [], "excluded_lines": []}}}, "scripts/processing/risk_scorer.py": {"executed_lines": [1, 3, 4, 6, 8, 11, 12, 15, 27, 50, 73, 88, 90, 92, 101, 104, 105, 108, 109, 112, 119, 125, 126, 128, 129, 130, 131, 132, 133, 135, 136, 138, 141, 142, 144, 147, 150, 151, 152, 155, 158, 162, 163, 167, 169, 172, 178, 183, 186, 187, 190, 191, 192, 195, 198, 199, 200, 201, 202, 203, 206, 211, 213, 221, 223, 229, 231, 232, 235, 242, 244, 253, 256, 257, 260, 261, 264, 268, 274, 275, 276, 277, 278, 279, 280, 281, 284, 285, 288, 289, 294, 295, 298, 299, 302, 305], "summary": {"covered_lines": 94, "num_statements": 100, "percent_covered": 94.0, "percent_covered_display": "94", "missing_lines": 6, "excluded_lines": 0}, "missing_lines": [127, 134, 143, 145, 193, 303], "excluded_lines": [], "functions": {"RiskScorer.__init__": {"executed_lines": [90], "summary": {"covered_lines": 1, "num_statements": 1, "percent_covered": 100.0, "percent_covered_display": "100", "missing_lines": 0, "excluded_lines": 0}, "missing_lines": [], "excluded_lines": []}, "RiskScorer.calculate_risk_score": {"executed_lines": [101, 104, 105, 108, 109, 112, 119, 125, 126, 128, 129, 130, 131, 132, 133, 135, 136, 138, 141, 142, 144, 147, 150, 151, 152, 155, 158, 162, 163, 167, 169, 172, 178, 183, 186, 187, 190, 191, 192, 195, 198, 199, 200, 201, 202, 203, 206, 211, 213, 221], "summary": {"covered_lines": 50, "num_statements": 55, "percent_covered": 90.9090909090909, "percent_covered_display": "91", "missing_lines": 5, "excluded_lines": 0}, "missing_lines": [127, 134, 143, 145, 193], "excluded_lines": []}, "RiskScorer.score_batch": {"executed_lines": [229, 231, 232, 235, 242], "summary": {"covered_lines": 5, "num_statements": 5, "percent_covered": 100.0, "percent_covered_display": "100", "missing_lines": 0, "excluded_lines": 0}, "missing_lines": [], "excluded_lines": []}, "RiskScorer.get_risk_factors": {"executed_lines": [253, 256, 257, 260, 261, 264, 268, 274, 275, 276, 277, 278, 279, 280, 281, 284, 285, 288, 289, 294, 295, 298, 299, 302, 305], "summary": {"covered_lines": 25, "num_statements": 26, "percent_covered": 96.15384615384616, "percent_covered_display": "96", "missing_lines": 1, "excluded_lines": 0}, "missing_lines": [303], "excluded_lines": []}, "": {"executed_lines": [1, 3, 4, 6, 8, 11, 12, 15, 27, 50, 73, 88, 92, 223, 244], "summary": {"covered_lines": 13, "num_statements": 13, "percent_covered": 100.0, "percent_covered_display": "100", "missing_lines": 0, "excluded_lines": 0}, "missing_lines": [], "excluded_lines": []}}, "classes": {"RiskScorer": {"executed_lines": [90, 101, 104, 105, 108, 109, 112, 119, 125, 126, 128, 129, 130, 131, 132, 133, 135, 136, 138, 141, 142, 144, 147, 150, 151, 152, 155, 158, 162, 163, 167, 169, 172, 178, 183, 186, 187, 190, 191, 192, 195, 198, 199, 200, 201, 202, 203, 206, 211, 213, 221, 229, 231, 232, 235, 242, 253, 256, 257, 260, 261, 264, 268, 274, 275, 276, 277, 278, 279, 280, 281, 284, 285, 288, 289, 294, 295, 298, 299, 302, 305], "summary": {"covered_lines": 81, "num_statements": 87, "percent_covered": 93.10344827586206, "percent_covered_display": "93", "missing_lines": 6, "excluded_lines": 0}, "missing_lines": [127, 134, 143, 145, 193, 303], "excluded_lines": []}, "": {"executed_lines": [1, 3, 4, 6, 8, 11, 12, 15, 27, 50, 73, 88, 92, 223, 244], "summary": {"covered_lines": 13, "num_statements": 13, "percent_covered": 100.0, "percent_covered_display": "100", "missing_lines": 0, "excluded_lines": 0}, "missing_lines": [], "excluded_lines": []}}}, "scripts/quality/config.py": {"executed_lines": [1, 3, 4, 7, 8, 9, 12, 15, 18, 19, 20, 21, 22, 23, 26, 38, 39, 40, 41, 42, 43, 46, 49, 50, 51, 54, 55, 56, 94, 121, 140, 141, 142, 143, 144, 147, 148, 151, 152, 153, 156, 157, 160, 161, 164, 165, 178, 179, 182, 183, 184, 186, 188, 189, 190, 191, 192, 193, 197, 199, 201, 202, 203, 204, 206, 207, 209, 215, 218, 219, 224, 225, 226, 228, 229, 231, 232, 233, 235, 236, 238, 240, 242, 246, 250, 251, 252, 256], "summary": {"covered_lines": 86, "num_statements": 94, "percent_covered": 91.48936170212765, "percent_covered_display": "91", "missing_lines": 8, "excluded_lines": 0}, "missing_lines": [185, 187, 227, 234, 239, 241, 243, 247], "excluded_lines": [], "functions": {"DataQualityConfig.from_dict": {"executed_lines": [182, 183, 184, 186, 188, 189, 190, 191, 192, 193, 197], "summary": {"covered_lines": 11, "num_statements": 13, "percent_covered": 84.61538461538461, "percent_covered_display": "85", "missing_lines": 2, "excluded_lines": 0}, "missing_lines": [185, 187], "excluded_lines": []}, "DataQualityConfig.to_dict": {"executed_lines": [201, 202, 203, 204, 206, 207], "summary": {"covered_lines": 6, "num_statements": 6, "percent_covered": 100.0, "percent_covered_display": "100", "missing_lines": 0, "excluded_lines": 0}, "missing_lines": [], "excluded_lines": []}, "DataQualityConfig.validate": {"executed_lines": [215, 218, 219, 224, 225, 226, 228, 229, 231, 232, 233, 235, 236, 238, 240, 242, 246, 250, 251, 252, 256], "summary": {"covered_lines": 21, "num_statements": 27, "percent_covered": 77.77777777777777, "percent_covered_display": "78", "missing_lines": 6, "excluded_lines": 0}, "missing_lines": [227, 234, 239, 241, 243, 247], "excluded_lines": []}, "": {"executed_lines": [1, 3, 4, 7, 8, 9, 12, 15, 18, 19, 20, 21, 22, 23, 26, 38, 39, 40, 41, 42, 43, 46, 49, 50, 51, 54, 55, 56, 94, 121, 140, 141, 142, 143, 144, 147, 148, 151, 152, 153, 156, 157, 160, 161, 164, 165, 178, 179, 199, 209], "summary": {"covered_lines": 48, "num_statements": 48, "percent_covered": 100.0, "percent_covered_display": "100", "missing_lines": 0, "excluded_lines": 0}, "missing_lines": [], "excluded_lines": []}}, "classes": {"DataQualityConfig": {"executed_lines": [182, 183, 184, 186, 188, 189, 190, 191, 192, 193, 197, 201, 202, 203, 204, 206, 207, 215, 218, 219, 224, 225, 226, 228, 229, 231, 232, 233, 235, 236, 238, 240, 242, 246, 250, 251, 252, 256], "summary": {"covered_lines": 38, "num_statements": 46, "percent_covered": 82.6086956521739, "percent_covered_display": "83", "missing_lines": 8, "excluded_lines": 0}, "missing_lines": [185, 187, 227, 234, 239, 241, 243, 247], "excluded_lines": []}, "": {"executed_lines": [1, 3, 4, 7, 8, 9, 12, 15, 18, 19, 20, 21, 22, 23, 26, 38, 39, 40, 41, 42, 43, 46, 49, 50, 51, 54, 55, 56, 94, 121, 140, 141, 142, 143, 144, 147, 148, 151, 152, 153, 156, 157, 160, 161, 164, 165, 178, 179, 199, 209], "summary": {"covered_lines": 48, "num_statements": 48, "percent_covered": 100.0, "percent_covered_display": "100", "missing_lines": 0, "excluded_lines": 0}, "missing_lines": [], "excluded_lines": []}}}, "scripts/quality/validator.py": {"executed_lines": [1, 3, 4, 5, 7, 9, 10, 13, 14, 16, 22, 23, 24, 27, 28, 31, 42, 43, 44, 47, 48, 49, 52, 53, 54, 55, 57, 62, 63, 65, 70, 71, 76, 77, 79, 80, 81, 83, 84, 88, 89, 92, 94, 95, 98, 107, 108, 109, 112, 114, 116, 117, 123, 124, 125, 128, 130, 132, 135, 136, 137, 138, 141, 142, 145, 147, 148, 151, 152, 157, 162, 167, 169, 174, 175, 176, 178, 184, 185, 186, 188, 189, 190, 193, 196, 199, 200, 204, 205, 207, 221, 223, 224, 225, 227, 229, 240, 241, 251, 252, 253, 255, 257, 262, 263, 271, 272, 273, 274, 275, 278, 279, 280, 281, 282, 285, 286, 287, 292, 295, 296, 297, 299, 301, 312, 313, 315, 316, 338, 342, 354, 357, 360, 368, 369, 373, 377, 378, 382, 401, 405, 408, 413, 419, 424, 425, 429], "summary": {"covered_lines": 145, "num_statements": 169, "percent_covered": 85.79881656804734, "percent_covered_display": "86", "missing_lines": 24, "excluded_lines": 0}, "missing_lines": [29, 59, 64, 67, 96, 104, 118, 143, 158, 163, 170, 179, 258, 259, 264, 265, 268, 288, 289, 370, 374, 409, 414, 420], "excluded_lines": [], "functions": {"DataQualityValidator.__init__": {"executed_lines": [22, 23, 24, 27, 28], "summary": {"covered_lines": 5, "num_statements": 6, "percent_covered": 83.33333333333333, "percent_covered_display": "83", "missing_lines": 1, "excluded_lines": 0}, "missing_lines": [29], "excluded_lines": []}, "DataQualityValidator.validate_vulnerability": {"executed_lines": [42, 43, 44, 47, 48, 49, 52, 53, 54, 55, 57, 62, 63, 65, 70, 71, 76, 77, 79, 80, 81, 83, 84, 88, 89, 92, 94, 95, 98, 107, 108, 109, 112, 114, 116, 117, 123, 124, 125, 128, 130, 132, 135, 136, 137, 138, 141, 142, 145, 147, 148, 151, 152, 157, 162, 167, 169, 174, 175, 176, 178, 184, 185, 186, 188, 189, 190, 193, 196, 199, 200, 204, 205], "summary": {"covered_lines": 73, "num_statements": 84, "percent_covered": 86.9047619047619, "percent_covered_display": "87", "missing_lines": 11, "excluded_lines": 0}, "missing_lines": [59, 64, 67, 96, 104, 118, 143, 158, 163, 170, 179], "excluded_lines": []}, "DataQualityValidator.calculate_quality_score": {"executed_lines": [221, 223, 224, 225, 227], "summary": {"covered_lines": 5, "num_statements": 5, "percent_covered": 100.0, "percent_covered_display": "100", "missing_lines": 0, "excluded_lines": 0}, "missing_lines": [], "excluded_lines": []}, "DataQualityValidator.filter_vulnerabilities": {"executed_lines": [240, 241, 251, 252, 253, 255, 257, 262, 263, 271, 272, 273, 274, 275, 278, 279, 280, 281, 282, 285, 286, 287, 292, 295, 296, 297, 299], "summary": {"covered_lines": 27, "num_statements": 34, "percent_covered": 79.41176470588235, "percent_covered_display": "79", "missing_lines": 7, "excluded_lines": 0}, "missing_lines": [258, 259, 264, 265, 268, 288, 289], "excluded_lines": []}, "DataQualityValidator.check_data_completeness": {"executed_lines": [312, 313, 315, 316, 338], "summary": {"covered_lines": 5, "num_statements": 5, "percent_covered": 100.0, "percent_covered_display": "100", "missing_lines": 0, "excluded_lines": 0}, "missing_lines": [], "excluded_lines": []}, "DataQualityValidator.get_quality_report": {"executed_lines": [354, 357, 360, 368, 369, 373, 377, 378, 382], "summary": {"covered_lines": 9, "num_statements": 11, "percent_covered": 81.81818181818181, "percent_covered_display": "82", "missing_lines": 2, "excluded_lines": 0}, "missing_lines": [370, 374], "excluded_lines": []}, "DataQualityValidator._generate_recommendations": {"executed_lines": [405, 408, 413, 419, 424, 425, 429], "summary": {"covered_lines": 7, "num_statements": 10, "percent_covered": 70.0, "percent_covered_display": "70", "missing_lines": 3, "excluded_lines": 0}, "missing_lines": [409, 414, 420], "excluded_lines": []}, "": {"executed_lines": [1, 3, 4, 5, 7, 9, 10, 13, 14, 16, 31, 207, 229, 301, 342, 401], "summary": {"covered_lines": 14, "num_statements": 14, "percent_covered": 100.0, "percent_covered_display": "100", "missing_lines": 0, "excluded_lines": 0}, "missing_lines": [], "excluded_lines": []}}, "classes": {"DataQualityValidator": {"executed_lines": [22, 23, 24, 27, 28, 42, 43, 44, 47, 48, 49, 52, 53, 54, 55, 57, 62, 63, 65, 70, 71, 76, 77, 79, 80, 81, 83, 84, 88, 89, 92, 94, 95, 98, 107, 108, 109, 112, 114, 116, 117, 123, 124, 125, 128, 130, 132, 135, 136, 137, 138, 141, 142, 145, 147, 148, 151, 152, 157, 162, 167, 169, 174, 175, 176, 178, 184, 185, 186, 188, 189, 190, 193, 196, 199, 200, 204, 205, 221, 223, 224, 225, 227, 240, 241, 251, 252, 253, 255, 257, 262, 263, 271, 272, 273, 274, 275, 278, 279, 280, 281, 282, 285, 286, 287, 292, 295, 296, 297, 299, 312, 313, 315, 316, 338, 354, 357, 360, 368, 369, 373, 377, 378, 382, 405, 408, 413, 419, 424, 425, 429], "summary": {"covered_lines": 131, "num_statements": 155, "percent_covered": 84.51612903225806, "percent_covered_display": "85", "missing_lines": 24, "excluded_lines": 0}, "missing_lines": [29, 59, 64, 67, 96, 104, 118, 143, 158, 163, 170, 179, 258, 259, 264, 265, 268, 288, 289, 370, 374, 409, 414, 420], "excluded_lines": []}, "": {"executed_lines": [1, 3, 4, 5, 7, 9, 10, 13, 14, 16, 31, 207, 229, 301, 342, 401], "summary": {"covered_lines": 14, "num_statements": 14, "percent_covered": 100.0, "percent_covered_display": "100", "missing_lines": 0, "excluded_lines": 0}, "missing_lines": [], "excluded_lines": []}}}, "scripts/storage_optimizer.py": {"executed_lines": [2, 4, 5, 6, 7, 10, 21, 22, 23, 24, 26, 27, 29, 30, 33, 35, 36, 37, 38, 39, 40, 42, 45, 47, 49, 50, 51, 52, 53, 56, 57, 58, 59, 64, 65, 66, 69, 82, 83, 85, 90, 94, 96, 97, 98, 99, 102, 103, 104, 105, 110, 111, 112, 114, 119, 122, 128, 129, 130, 132, 135, 137, 281, 284, 285, 287, 292, 293, 294, 296, 299, 300, 301, 302], "summary": {"covered_lines": 62, "num_statements": 62, "percent_covered": 100.0, "percent_covered_display": "100", "missing_lines": 0, "excluded_lines": 14}, "missing_lines": [], "excluded_lines": [284, 285, 287, 288, 289, 290, 292, 293, 294, 296, 299, 300, 301, 302], "functions": {"optimize_vulnerability_storage": {"executed_lines": [21, 22, 23, 24, 26, 27, 29, 30, 33, 35, 36, 37, 38, 39, 40, 42], "summary": {"covered_lines": 16, "num_statements": 16, "percent_covered": 100.0, "percent_covered_display": "100", "missing_lines": 0, "excluded_lines": 0}, "missing_lines": [], "excluded_lines": []}, "optimize_by_severity_year": {"executed_lines": [47, 49, 50, 51, 52, 53, 56, 57, 58, 59, 64, 65, 66, 69, 82, 83, 85], "summary": {"covered_lines": 17, "num_statements": 17, "percent_covered": 100.0, "percent_covered_display": "100", "missing_lines": 0, "excluded_lines": 0}, "missing_lines": [], "excluded_lines": []}, "optimize_by_size_chunks": {"executed_lines": [94, 96, 97, 98, 99, 102, 103, 104, 105, 110, 111, 112, 114], "summary": {"covered_lines": 13, "num_statements": 13, "percent_covered": 100.0, "percent_covered_display": "100", "missing_lines": 0, "excluded_lines": 0}, "missing_lines": [], "excluded_lines": []}, "optimize_single_file": {"executed_lines": [122, 128, 129, 130, 132], "summary": {"covered_lines": 5, "num_statements": 5, "percent_covered": 100.0, "percent_covered_display": "100", "missing_lines": 0, "excluded_lines": 0}, "missing_lines": [], "excluded_lines": []}, "create_client_viewer": {"executed_lines": [137, 281], "summary": {"covered_lines": 2, "num_statements": 2, "percent_covered": 100.0, "percent_covered_display": "100", "missing_lines": 0, "excluded_lines": 0}, "missing_lines": [], "excluded_lines": []}, "": {"executed_lines": [2, 4, 5, 6, 7, 10, 45, 90, 119, 135, 284, 285, 287, 292, 293, 294, 296, 299, 300, 301, 302], "summary": {"covered_lines": 9, "num_statements": 9, "percent_covered": 100.0, "percent_covered_display": "100", "missing_lines": 0, "excluded_lines": 14}, "missing_lines": [], "excluded_lines": [284, 285, 287, 288, 289, 290, 292, 293, 294, 296, 299, 300, 301, 302]}}, "classes": {"": {"executed_lines": [2, 4, 5, 6, 7, 10, 21, 22, 23, 24, 26, 27, 29, 30, 33, 35, 36, 37, 38, 39, 40, 42, 45, 47, 49, 50, 51, 52, 53, 56, 57, 58, 59, 64, 65, 66, 69, 82, 83, 85, 90, 94, 96, 97, 98, 99, 102, 103, 104, 105, 110, 111, 112, 114, 119, 122, 128, 129, 130, 132, 135, 137, 281, 284, 285, 287, 292, 293, 294, 296, 299, 300, 301, 302], "summary": {"covered_lines": 62, "num_statements": 62, "percent_covered": 100.0, "percent_covered_display": "100", "missing_lines": 0, "excluded_lines": 14}, "missing_lines": [], "excluded_lines": [284, 285, 287, 288, 289, 290, 292, 293, 294, 296, 299, 300, 301, 302]}}}, "scripts/visualize_metrics.py": {"executed_lines": [2, 6, 7, 8, 9, 11, 14, 16, 17, 18, 19, 21, 24, 26, 27, 28, 31, 32, 33, 34, 35, 38, 41, 42, 43, 44, 45, 46, 47, 50, 51, 52, 53, 54, 55, 56, 57, 60, 61, 62, 63, 65, 68, 69, 70, 71, 72, 73, 74, 75, 76, 79, 81, 84, 87, 88, 89, 90, 93, 94, 95, 97, 98, 99, 100, 101, 102, 105, 106, 107, 108, 109, 110, 111, 114, 115, 116, 117, 119, 122, 124, 126, 129, 135, 140, 146, 151, 157, 160, 163, 177, 181, 182, 185, 188, 193, 194, 195, 196, 201], "summary": {"covered_lines": 98, "num_statements": 113, "percent_covered": 86.72566371681415, "percent_covered_display": "87", "missing_lines": 15, "excluded_lines": 2}, "missing_lines": [164, 166, 167, 169, 170, 171, 172, 174, 178, 183, 184, 189, 190, 197, 198], "excluded_lines": [201, 202], "functions": {"format_duration": {"executed_lines": [16, 17, 18, 19, 21], "summary": {"covered_lines": 5, "num_statements": 5, "percent_covered": 100.0, "percent_covered_display": "100", "missing_lines": 0, "excluded_lines": 0}, "missing_lines": [], "excluded_lines": []}, "print_harvest_summary": {"executed_lines": [26, 27, 28, 31, 32, 33, 34, 35, 38, 41, 42, 43, 44, 45, 46, 47, 50, 51, 52, 53, 54, 55, 56, 57, 60, 61, 62, 63, 65, 68, 69, 70, 71, 72, 73, 74, 75, 76], "summary": {"covered_lines": 38, "num_statements": 38, "percent_covered": 100.0, "percent_covered_display": "100", "missing_lines": 0, "excluded_lines": 0}, "missing_lines": [], "excluded_lines": []}, "generate_github_summary": {"executed_lines": [81, 84, 87, 88, 89, 90, 93, 94, 95, 97, 98, 99, 100, 101, 102, 105, 106, 107, 108, 109, 110, 111, 114, 115, 116, 117, 119], "summary": {"covered_lines": 27, "num_statements": 27, "percent_covered": 100.0, "percent_covered_display": "100", "missing_lines": 0, "excluded_lines": 0}, "missing_lines": [], "excluded_lines": []}, "main": {"executed_lines": [124, 126, 129, 135, 140, 146, 151, 157, 160, 163, 177, 181, 182, 185, 188, 193, 194, 195, 196], "summary": {"covered_lines": 19, "num_statements": 34, "percent_covered": 55.88235294117647, "percent_covered_display": "56", "missing_lines": 15, "excluded_lines": 0}, "missing_lines": [164, 166, 167, 169, 170, 171, 172, 174, 178, 183, 184, 189, 190, 197, 198], "excluded_lines": []}, "": {"executed_lines": [2, 6, 7, 8, 9, 11, 14, 24, 79, 122, 201], "summary": {"covered_lines": 9, "num_statements": 9, "percent_covered": 100.0, "percent_covered_display": "100", "missing_lines": 0, "excluded_lines": 2}, "missing_lines": [], "excluded_lines": [201, 202]}}, "classes": {"": {"executed_lines": [2, 6, 7, 8, 9, 11, 14, 16, 17, 18, 19, 21, 24, 26, 27, 28, 31, 32, 33, 34, 35, 38, 41, 42, 43, 44, 45, 46, 47, 50, 51, 52, 53, 54, 55, 56, 57, 60, 61, 62, 63, 65, 68, 69, 70, 71, 72, 73, 74, 75, 76, 79, 81, 84, 87, 88, 89, 90, 93, 94, 95, 97, 98, 99, 100, 101, 102, 105, 106, 107, 108, 109, 110, 111, 114, 115, 116, 117, 119, 122, 124, 126, 129, 135, 140, 146, 151, 157, 160, 163, 177, 181, 182, 185, 188, 193, 194, 195, 196, 201], "summary": {"covered_lines": 98, "num_statements": 113, "percent_covered": 86.72566371681415, "percent_covered_display": "87", "missing_lines": 15, "excluded_lines": 2}, "missing_lines": [164, 166, 167, 169, 170, 171, 172, 174, 178, 183, 184, 189, 190, 197, 198], "excluded_lines": [201, 202]}}}}, "totals": {"covered_lines": 2097, "num_statements": 2426, "percent_covered": 86.43858202802969, "percent_covered_display": "86", "missing_lines": 329, "excluded_lines": 24}}