{"meta": {"format": 3, "version": "7.10.1", "timestamp": "2025-07-31T18:53:10.406826", "branch_coverage": false, "show_contexts": false}, "files": {"scripts/agents/agent_manager.py": {"executed_lines": [], "summary": {"covered_lines": 0, "num_statements": 116, "percent_covered": 0.0, "percent_covered_display": "0", "missing_lines": 116, "excluded_lines": 0}, "missing_lines": [3, 4, 6, 8, 9, 10, 11, 12, 13, 16, 19, 25, 26, 29, 30, 33, 35, 37, 39, 40, 41, 42, 45, 46, 47, 49, 55, 56, 57, 59, 69, 70, 72, 74, 75, 77, 78, 85, 90, 92, 93, 94, 96, 109, 110, 111, 115, 117, 119, 120, 122, 128, 130, 131, 134, 136, 142, 143, 145, 147, 153, 154, 156, 158, 167, 169, 175, 177, 183, 186, 187, 188, 189, 190, 191, 192, 193, 194, 195, 196, 199, 200, 202, 208, 209, 210, 211, 212, 214, 216, 217, 218, 219, 221, 227, 229, 235, 238, 239, 247, 248, 249, 250, 251, 252, 253, 256, 257, 258, 259, 260, 261, 262, 264, 268, 277], "excluded_lines": [], "functions": {"AgentManager.__init__": {"executed_lines": [], "summary": {"covered_lines": 0, "num_statements": 5, "percent_covered": 0.0, "percent_covered_display": "0", "missing_lines": 5, "excluded_lines": 0}, "missing_lines": [25, 26, 29, 30, 33], "excluded_lines": []}, "AgentManager._initialize_agents": {"executed_lines": [], "summary": {"covered_lines": 0, "num_statements": 12, "percent_covered": 0.0, "percent_covered_display": "0", "missing_lines": 12, "excluded_lines": 0}, "missing_lines": [37, 39, 40, 41, 42, 45, 46, 47, 49, 55, 56, 57], "excluded_lines": []}, "AgentManager.run_pipeline": {"executed_lines": [], "summary": {"covered_lines": 0, "num_statements": 12, "percent_covered": 0.0, "percent_covered_display": "0", "missing_lines": 12, "excluded_lines": 0}, "missing_lines": [69, 70, 72, 74, 75, 77, 78, 85, 90, 92, 93, 94], "excluded_lines": []}, "AgentManager.run_agent": {"executed_lines": [], "summary": {"covered_lines": 0, "num_statements": 12, "percent_covered": 0.0, "percent_covered_display": "0", "missing_lines": 12, "excluded_lines": 0}, "missing_lines": [109, 110, 111, 115, 117, 119, 120, 122, 128, 130, 131, 134], "excluded_lines": []}, "AgentManager.get_status": {"executed_lines": [], "summary": {"covered_lines": 0, "num_statements": 3, "percent_covered": 0.0, "percent_covered_display": "0", "missing_lines": 3, "excluded_lines": 0}, "missing_lines": [142, 143, 145], "excluded_lines": []}, "AgentManager.health_check": {"executed_lines": [], "summary": {"covered_lines": 0, "num_statements": 3, "percent_covered": 0.0, "percent_covered_display": "0", "missing_lines": 3, "excluded_lines": 0}, "missing_lines": [153, 154, 156], "excluded_lines": []}, "AgentManager.get_agent": {"executed_lines": [], "summary": {"covered_lines": 0, "num_statements": 1, "percent_covered": 0.0, "percent_covered_display": "0", "missing_lines": 1, "excluded_lines": 0}, "missing_lines": [167], "excluded_lines": []}, "AgentManager.list_agents": {"executed_lines": [], "summary": {"covered_lines": 0, "num_statements": 1, "percent_covered": 0.0, "percent_covered_display": "0", "missing_lines": 1, "excluded_lines": 0}, "missing_lines": [175], "excluded_lines": []}, "AgentManager.cleanup_cache": {"executed_lines": [], "summary": {"covered_lines": 0, "num_statements": 27, "percent_covered": 0.0, "percent_covered_display": "0", "missing_lines": 27, "excluded_lines": 0}, "missing_lines": [183, 186, 187, 188, 189, 190, 191, 192, 193, 194, 195, 196, 199, 200, 202, 208, 209, 210, 211, 212, 214, 216, 217, 218, 219, 221, 227], "excluded_lines": []}, "AgentManager.get_metrics": {"executed_lines": [], "summary": {"covered_lines": 0, "num_statements": 18, "percent_covered": 0.0, "percent_covered_display": "0", "missing_lines": 18, "excluded_lines": 0}, "missing_lines": [235, 238, 239, 247, 248, 249, 250, 251, 252, 253, 256, 257, 258, 259, 260, 261, 262, 264], "excluded_lines": []}, "create_agent_manager": {"executed_lines": [], "summary": {"covered_lines": 0, "num_statements": 1, "percent_covered": 0.0, "percent_covered_display": "0", "missing_lines": 1, "excluded_lines": 0}, "missing_lines": [277], "excluded_lines": []}, "": {"executed_lines": [], "summary": {"covered_lines": 0, "num_statements": 21, "percent_covered": 0.0, "percent_covered_display": "0", "missing_lines": 21, "excluded_lines": 0}, "missing_lines": [3, 4, 6, 8, 9, 10, 11, 12, 13, 16, 19, 35, 59, 96, 136, 147, 158, 169, 177, 229, 268], "excluded_lines": []}}, "classes": {"AgentManager": {"executed_lines": [], "summary": {"covered_lines": 0, "num_statements": 94, "percent_covered": 0.0, "percent_covered_display": "0", "missing_lines": 94, "excluded_lines": 0}, "missing_lines": [25, 26, 29, 30, 33, 37, 39, 40, 41, 42, 45, 46, 47, 49, 55, 56, 57, 69, 70, 72, 74, 75, 77, 78, 85, 90, 92, 93, 94, 109, 110, 111, 115, 117, 119, 120, 122, 128, 130, 131, 134, 142, 143, 145, 153, 154, 156, 167, 175, 183, 186, 187, 188, 189, 190, 191, 192, 193, 194, 195, 196, 199, 200, 202, 208, 209, 210, 211, 212, 214, 216, 217, 218, 219, 221, 227, 235, 238, 239, 247, 248, 249, 250, 251, 252, 253, 256, 257, 258, 259, 260, 261, 262, 264], "excluded_lines": []}, "": {"executed_lines": [], "summary": {"covered_lines": 0, "num_statements": 22, "percent_covered": 0.0, "percent_covered_display": "0", "missing_lines": 22, "excluded_lines": 0}, "missing_lines": [3, 4, 6, 8, 9, 10, 11, 12, 13, 16, 19, 35, 59, 96, 136, 147, 158, 169, 177, 229, 268, 277], "excluded_lines": []}}}, "scripts/agents/base_agent.py": {"executed_lines": [], "summary": {"covered_lines": 0, "num_statements": 101, "percent_covered": 0.0, "percent_covered_display": "0", "missing_lines": 101, "excluded_lines": 0}, "missing_lines": [10, 11, 12, 13, 14, 15, 17, 20, 23, 30, 31, 32, 33, 36, 37, 38, 39, 42, 43, 45, 46, 52, 54, 55, 61, 63, 73, 74, 76, 78, 79, 80, 82, 85, 88, 89, 92, 94, 100, 102, 103, 104, 105, 110, 113, 115, 117, 119, 122, 124, 125, 127, 128, 133, 134, 136, 138, 139, 142, 144, 146, 148, 151, 152, 153, 154, 155, 157, 158, 160, 161, 164, 165, 168, 170, 172, 174, 176, 177, 178, 179, 180, 181, 182, 184, 186, 188, 190, 191, 199, 200, 202, 203, 205, 207, 208, 210, 211, 219, 221, 223], "excluded_lines": [], "functions": {"BaseAgent.__init__": {"executed_lines": [], "summary": {"covered_lines": 0, "num_statements": 10, "percent_covered": 0.0, "percent_covered_display": "0", "missing_lines": 10, "excluded_lines": 0}, "missing_lines": [30, 31, 32, 33, 36, 37, 38, 39, 42, 43], "excluded_lines": []}, "BaseAgent.execute": {"executed_lines": [], "summary": {"covered_lines": 0, "num_statements": 1, "percent_covered": 0.0, "percent_covered_display": "0", "missing_lines": 1, "excluded_lines": 0}, "missing_lines": [52], "excluded_lines": []}, "BaseAgent.get_dependencies": {"executed_lines": [], "summary": {"covered_lines": 0, "num_statements": 1, "percent_covered": 0.0, "percent_covered_display": "0", "missing_lines": 1, "excluded_lines": 0}, "missing_lines": [61], "excluded_lines": []}, "BaseAgent.run": {"executed_lines": [], "summary": {"covered_lines": 0, "num_statements": 19, "percent_covered": 0.0, "percent_covered_display": "0", "missing_lines": 19, "excluded_lines": 0}, "missing_lines": [73, 74, 76, 78, 79, 80, 82, 85, 88, 89, 92, 94, 100, 102, 103, 104, 105, 110, 113], "excluded_lines": []}, "BaseAgent._should_execute": {"executed_lines": [], "summary": {"covered_lines": 0, "num_statements": 13, "percent_covered": 0.0, "percent_covered_display": "0", "missing_lines": 13, "excluded_lines": 0}, "missing_lines": [117, 119, 122, 124, 125, 127, 128, 133, 134, 136, 138, 139, 142], "excluded_lines": []}, "BaseAgent._calculate_state_hash": {"executed_lines": [], "summary": {"covered_lines": 0, "num_statements": 15, "percent_covered": 0.0, "percent_covered_display": "0", "missing_lines": 15, "excluded_lines": 0}, "missing_lines": [146, 148, 151, 152, 153, 154, 155, 157, 158, 160, 161, 164, 165, 168, 170], "excluded_lines": []}, "BaseAgent._load_cached_result": {"executed_lines": [], "summary": {"covered_lines": 0, "num_statements": 9, "percent_covered": 0.0, "percent_covered_display": "0", "missing_lines": 9, "excluded_lines": 0}, "missing_lines": [174, 176, 177, 178, 179, 180, 181, 182, 184], "excluded_lines": []}, "BaseAgent._cache_result": {"executed_lines": [], "summary": {"covered_lines": 0, "num_statements": 7, "percent_covered": 0.0, "percent_covered_display": "0", "missing_lines": 7, "excluded_lines": 0}, "missing_lines": [188, 190, 191, 199, 200, 202, 203], "excluded_lines": []}, "BaseAgent._update_run_metadata": {"executed_lines": [], "summary": {"covered_lines": 0, "num_statements": 5, "percent_covered": 0.0, "percent_covered_display": "0", "missing_lines": 5, "excluded_lines": 0}, "missing_lines": [207, 208, 210, 211, 219], "excluded_lines": []}, "BaseAgent.get_status": {"executed_lines": [], "summary": {"covered_lines": 0, "num_statements": 1, "percent_covered": 0.0, "percent_covered_display": "0", "missing_lines": 1, "excluded_lines": 0}, "missing_lines": [223], "excluded_lines": []}, "": {"executed_lines": [], "summary": {"covered_lines": 0, "num_statements": 20, "percent_covered": 0.0, "percent_covered_display": "0", "missing_lines": 20, "excluded_lines": 0}, "missing_lines": [10, 11, 12, 13, 14, 15, 17, 20, 23, 45, 46, 54, 55, 63, 115, 144, 172, 186, 205, 221], "excluded_lines": []}}, "classes": {"BaseAgent": {"executed_lines": [], "summary": {"covered_lines": 0, "num_statements": 81, "percent_covered": 0.0, "percent_covered_display": "0", "missing_lines": 81, "excluded_lines": 0}, "missing_lines": [30, 31, 32, 33, 36, 37, 38, 39, 42, 43, 52, 61, 73, 74, 76, 78, 79, 80, 82, 85, 88, 89, 92, 94, 100, 102, 103, 104, 105, 110, 113, 117, 119, 122, 124, 125, 127, 128, 133, 134, 136, 138, 139, 142, 146, 148, 151, 152, 153, 154, 155, 157, 158, 160, 161, 164, 165, 168, 170, 174, 176, 177, 178, 179, 180, 181, 182, 184, 188, 190, 191, 199, 200, 202, 203, 207, 208, 210, 211, 219, 223], "excluded_lines": []}, "": {"executed_lines": [], "summary": {"covered_lines": 0, "num_statements": 20, "percent_covered": 0.0, "percent_covered_display": "0", "missing_lines": 20, "excluded_lines": 0}, "missing_lines": [10, 11, 12, 13, 14, 15, 17, 20, 23, 45, 46, 54, 55, 63, 115, 144, 172, 186, 205, 221], "excluded_lines": []}}}, "scripts/agents/ci_agent.py": {"executed_lines": [], "summary": {"covered_lines": 0, "num_statements": 205, "percent_covered": 0.0, "percent_covered_display": "0", "missing_lines": 205, "excluded_lines": 0}, "missing_lines": [3, 4, 5, 6, 8, 11, 14, 15, 18, 30, 36, 38, 47, 49, 50, 51, 52, 53, 56, 57, 60, 61, 62, 65, 66, 67, 68, 69, 72, 73, 74, 75, 77, 80, 81, 82, 85, 86, 87, 88, 89, 91, 93, 94, 100, 109, 111, 112, 113, 114, 116, 117, 119, 128, 134, 135, 136, 137, 139, 140, 141, 147, 149, 150, 152, 154, 156, 157, 158, 159, 160, 162, 171, 177, 178, 179, 180, 183, 184, 192, 194, 195, 197, 198, 199, 200, 201, 203, 212, 214, 215, 216, 218, 219, 220, 222, 224, 225, 227, 228, 229, 230, 231, 233, 242, 248, 249, 250, 252, 253, 254, 256, 259, 260, 261, 262, 264, 265, 267, 268, 269, 270, 271, 273, 279, 285, 287, 293, 294, 295, 300, 301, 302, 303, 304, 305, 307, 308, 310, 316, 318, 319, 320, 321, 322, 324, 330, 332, 334, 336, 337, 338, 339, 340, 343, 344, 345, 346, 347, 350, 351, 362, 364, 365, 366, 368, 369, 371, 372, 374, 375, 376, 377, 378, 380, 390, 391, 393, 400, 404, 412, 413, 414, 421, 422, 423, 431, 433, 442, 448, 450, 459, 460, 461, 462, 463, 468, 469, 473, 478, 479, 480, 487, 488, 490], "excluded_lines": [], "functions": {"CIAgent.__init__": {"executed_lines": [], "summary": {"covered_lines": 0, "num_statements": 2, "percent_covered": 0.0, "percent_covered_display": "0", "missing_lines": 2, "excluded_lines": 0}, "missing_lines": [15, 18], "excluded_lines": []}, "CIAgent.execute": {"executed_lines": [], "summary": {"covered_lines": 0, "num_statements": 42, "percent_covered": 0.0, "percent_covered_display": "0", "missing_lines": 42, "excluded_lines": 0}, "missing_lines": [36, 38, 47, 49, 50, 51, 52, 53, 56, 57, 60, 61, 62, 65, 66, 67, 68, 69, 72, 73, 74, 75, 77, 80, 81, 82, 85, 86, 87, 88, 89, 91, 93, 94, 100, 109, 111, 112, 113, 114, 116, 117], "excluded_lines": []}, "CIAgent._run_lint_checks": {"executed_lines": [], "summary": {"covered_lines": 0, "num_statements": 18, "percent_covered": 0.0, "percent_covered_display": "0", "missing_lines": 18, "excluded_lines": 0}, "missing_lines": [128, 134, 135, 136, 137, 139, 140, 141, 147, 149, 150, 152, 154, 156, 157, 158, 159, 160], "excluded_lines": []}, "CIAgent._run_security_checks": {"executed_lines": [], "summary": {"covered_lines": 0, "num_statements": 15, "percent_covered": 0.0, "percent_covered_display": "0", "missing_lines": 15, "excluded_lines": 0}, "missing_lines": [171, 177, 178, 179, 180, 183, 184, 192, 194, 195, 197, 198, 199, 200, 201], "excluded_lines": []}, "CIAgent._run_tests": {"executed_lines": [], "summary": {"covered_lines": 0, "num_statements": 15, "percent_covered": 0.0, "percent_covered_display": "0", "missing_lines": 15, "excluded_lines": 0}, "missing_lines": [212, 214, 215, 216, 218, 219, 220, 222, 224, 225, 227, 228, 229, 230, 231], "excluded_lines": []}, "CIAgent._run_build": {"executed_lines": [], "summary": {"covered_lines": 0, "num_statements": 19, "percent_covered": 0.0, "percent_covered_display": "0", "missing_lines": 19, "excluded_lines": 0}, "missing_lines": [242, 248, 249, 250, 252, 253, 254, 256, 259, 260, 261, 262, 264, 265, 267, 268, 269, 270, 271], "excluded_lines": []}, "CIAgent._optimize_cache": {"executed_lines": [], "summary": {"covered_lines": 0, "num_statements": 21, "percent_covered": 0.0, "percent_covered_display": "0", "missing_lines": 21, "excluded_lines": 0}, "missing_lines": [279, 285, 287, 293, 294, 295, 300, 301, 302, 303, 304, 305, 307, 308, 310, 316, 318, 319, 320, 321, 322], "excluded_lines": []}, "CIAgent._commit_changes": {"executed_lines": [], "summary": {"covered_lines": 0, "num_statements": 28, "percent_covered": 0.0, "percent_covered_display": "0", "missing_lines": 28, "excluded_lines": 0}, "missing_lines": [330, 332, 334, 336, 337, 338, 339, 340, 343, 344, 345, 346, 347, 350, 351, 362, 364, 365, 366, 368, 369, 371, 372, 374, 375, 376, 377, 378], "excluded_lines": []}, "CIAgent._run_command": {"executed_lines": [], "summary": {"covered_lines": 0, "num_statements": 11, "percent_covered": 0.0, "percent_covered_display": "0", "missing_lines": 11, "excluded_lines": 0}, "missing_lines": [390, 391, 393, 400, 404, 412, 413, 414, 421, 422, 423], "excluded_lines": []}, "CIAgent.get_dependencies": {"executed_lines": [], "summary": {"covered_lines": 0, "num_statements": 1, "percent_covered": 0.0, "percent_covered_display": "0", "missing_lines": 1, "excluded_lines": 0}, "missing_lines": [433], "excluded_lines": []}, "CIAgent.get_build_status": {"executed_lines": [], "summary": {"covered_lines": 0, "num_statements": 16, "percent_covered": 0.0, "percent_covered_display": "0", "missing_lines": 16, "excluded_lines": 0}, "missing_lines": [448, 450, 459, 460, 461, 462, 463, 468, 469, 473, 478, 479, 480, 487, 488, 490], "excluded_lines": []}, "": {"executed_lines": [], "summary": {"covered_lines": 0, "num_statements": 17, "percent_covered": 0.0, "percent_covered_display": "0", "missing_lines": 17, "excluded_lines": 0}, "missing_lines": [3, 4, 5, 6, 8, 11, 14, 30, 119, 162, 203, 233, 273, 324, 380, 431, 442], "excluded_lines": []}}, "classes": {"CIAgent": {"executed_lines": [], "summary": {"covered_lines": 0, "num_statements": 188, "percent_covered": 0.0, "percent_covered_display": "0", "missing_lines": 188, "excluded_lines": 0}, "missing_lines": [15, 18, 36, 38, 47, 49, 50, 51, 52, 53, 56, 57, 60, 61, 62, 65, 66, 67, 68, 69, 72, 73, 74, 75, 77, 80, 81, 82, 85, 86, 87, 88, 89, 91, 93, 94, 100, 109, 111, 112, 113, 114, 116, 117, 128, 134, 135, 136, 137, 139, 140, 141, 147, 149, 150, 152, 154, 156, 157, 158, 159, 160, 171, 177, 178, 179, 180, 183, 184, 192, 194, 195, 197, 198, 199, 200, 201, 212, 214, 215, 216, 218, 219, 220, 222, 224, 225, 227, 228, 229, 230, 231, 242, 248, 249, 250, 252, 253, 254, 256, 259, 260, 261, 262, 264, 265, 267, 268, 269, 270, 271, 279, 285, 287, 293, 294, 295, 300, 301, 302, 303, 304, 305, 307, 308, 310, 316, 318, 319, 320, 321, 322, 330, 332, 334, 336, 337, 338, 339, 340, 343, 344, 345, 346, 347, 350, 351, 362, 364, 365, 366, 368, 369, 371, 372, 374, 375, 376, 377, 378, 390, 391, 393, 400, 404, 412, 413, 414, 421, 422, 423, 433, 448, 450, 459, 460, 461, 462, 463, 468, 469, 473, 478, 479, 480, 487, 488, 490], "excluded_lines": []}, "": {"executed_lines": [], "summary": {"covered_lines": 0, "num_statements": 17, "percent_covered": 0.0, "percent_covered_display": "0", "missing_lines": 17, "excluded_lines": 0}, "missing_lines": [3, 4, 5, 6, 8, 11, 14, 30, 119, 162, 203, 233, 273, 324, 380, 431, 442], "excluded_lines": []}}}, "scripts/agents/controller_agent.py": {"executed_lines": [], "summary": {"covered_lines": 0, "num_statements": 79, "percent_covered": 0.0, "percent_covered_display": "0", "missing_lines": 79, "excluded_lines": 0}, "missing_lines": [3, 4, 5, 6, 8, 11, 14, 15, 16, 17, 24, 30, 31, 33, 39, 40, 42, 50, 52, 53, 54, 55, 56, 57, 58, 60, 62, 63, 64, 67, 72, 76, 83, 89, 90, 91, 92, 93, 98, 100, 101, 102, 103, 104, 109, 112, 116, 130, 131, 137, 143, 145, 146, 147, 148, 149, 151, 154, 157, 158, 160, 162, 168, 184, 186, 192, 199, 200, 201, 202, 214, 216, 217, 218, 220, 221, 222, 223, 225], "excluded_lines": [], "functions": {"ControllerAgent.__init__": {"executed_lines": [], "summary": {"covered_lines": 0, "num_statements": 3, "percent_covered": 0.0, "percent_covered_display": "0", "missing_lines": 3, "excluded_lines": 0}, "missing_lines": [15, 16, 17], "excluded_lines": []}, "ControllerAgent.register_agent": {"executed_lines": [], "summary": {"covered_lines": 0, "num_statements": 2, "percent_covered": 0.0, "percent_covered_display": "0", "missing_lines": 2, "excluded_lines": 0}, "missing_lines": [30, 31], "excluded_lines": []}, "ControllerAgent.execute": {"executed_lines": [], "summary": {"covered_lines": 0, "num_statements": 42, "percent_covered": 0.0, "percent_covered_display": "0", "missing_lines": 42, "excluded_lines": 0}, "missing_lines": [39, 40, 42, 50, 52, 53, 54, 55, 56, 57, 58, 60, 62, 63, 64, 67, 72, 76, 83, 89, 90, 91, 92, 93, 98, 100, 101, 102, 103, 104, 109, 112, 116, 130, 131, 137, 143, 145, 146, 147, 148, 149], "excluded_lines": []}, "ControllerAgent.get_dependencies": {"executed_lines": [], "summary": {"covered_lines": 0, "num_statements": 4, "percent_covered": 0.0, "percent_covered_display": "0", "missing_lines": 4, "excluded_lines": 0}, "missing_lines": [154, 157, 158, 160], "excluded_lines": []}, "ControllerAgent.get_pipeline_status": {"executed_lines": [], "summary": {"covered_lines": 0, "num_statements": 2, "percent_covered": 0.0, "percent_covered_display": "0", "missing_lines": 2, "excluded_lines": 0}, "missing_lines": [168, 184], "excluded_lines": []}, "ControllerAgent.health_check": {"executed_lines": [], "summary": {"covered_lines": 0, "num_statements": 14, "percent_covered": 0.0, "percent_covered_display": "0", "missing_lines": 14, "excluded_lines": 0}, "missing_lines": [192, 199, 200, 201, 202, 214, 216, 217, 218, 220, 221, 222, 223, 225], "excluded_lines": []}, "": {"executed_lines": [], "summary": {"covered_lines": 0, "num_statements": 12, "percent_covered": 0.0, "percent_covered_display": "0", "missing_lines": 12, "excluded_lines": 0}, "missing_lines": [3, 4, 5, 6, 8, 11, 14, 24, 33, 151, 162, 186], "excluded_lines": []}}, "classes": {"ControllerAgent": {"executed_lines": [], "summary": {"covered_lines": 0, "num_statements": 67, "percent_covered": 0.0, "percent_covered_display": "0", "missing_lines": 67, "excluded_lines": 0}, "missing_lines": [15, 16, 17, 30, 31, 39, 40, 42, 50, 52, 53, 54, 55, 56, 57, 58, 60, 62, 63, 64, 67, 72, 76, 83, 89, 90, 91, 92, 93, 98, 100, 101, 102, 103, 104, 109, 112, 116, 130, 131, 137, 143, 145, 146, 147, 148, 149, 154, 157, 158, 160, 168, 184, 192, 199, 200, 201, 202, 214, 216, 217, 218, 220, 221, 222, 223, 225], "excluded_lines": []}, "": {"executed_lines": [], "summary": {"covered_lines": 0, "num_statements": 12, "percent_covered": 0.0, "percent_covered_display": "0", "missing_lines": 12, "excluded_lines": 0}, "missing_lines": [3, 4, 5, 6, 8, 11, 14, 24, 33, 151, 162, 186], "excluded_lines": []}}}, "scripts/agents/cve_fetch_agent.py": {"executed_lines": [], "summary": {"covered_lines": 0, "num_statements": 76, "percent_covered": 0.0, "percent_covered_display": "0", "missing_lines": 76, "excluded_lines": 0}, "missing_lines": [3, 4, 5, 6, 8, 9, 10, 13, 16, 17, 18, 19, 22, 31, 38, 39, 41, 42, 43, 46, 48, 57, 59, 60, 62, 64, 65, 67, 73, 77, 80, 81, 83, 89, 96, 104, 107, 108, 114, 121, 124, 126, 136, 139, 148, 150, 151, 153, 159, 160, 162, 163, 164, 165, 167, 168, 170, 172, 180, 186, 187, 188, 190, 191, 195, 202, 208, 209, 210, 212, 213, 215, 217, 223, 224, 225], "excluded_lines": [], "functions": {"CVEFetchAgent.__init__": {"executed_lines": [], "summary": {"covered_lines": 0, "num_statements": 4, "percent_covered": 0.0, "percent_covered_display": "0", "missing_lines": 4, "excluded_lines": 0}, "missing_lines": [17, 18, 19, 22], "excluded_lines": []}, "CVEFetchAgent.execute": {"executed_lines": [], "summary": {"covered_lines": 0, "num_statements": 42, "percent_covered": 0.0, "percent_covered_display": "0", "missing_lines": 42, "excluded_lines": 0}, "missing_lines": [38, 39, 41, 42, 43, 46, 48, 57, 59, 60, 62, 64, 65, 67, 73, 77, 80, 81, 83, 89, 96, 104, 107, 108, 114, 121, 124, 126, 136, 139, 148, 150, 151, 153, 159, 160, 162, 163, 164, 165, 167, 168], "excluded_lines": []}, "CVEFetchAgent.get_dependencies": {"executed_lines": [], "summary": {"covered_lines": 0, "num_statements": 1, "percent_covered": 0.0, "percent_covered_display": "0", "missing_lines": 1, "excluded_lines": 0}, "missing_lines": [172], "excluded_lines": []}, "CVEFetchAgent.get_fetch_stats": {"executed_lines": [], "summary": {"covered_lines": 0, "num_statements": 6, "percent_covered": 0.0, "percent_covered_display": "0", "missing_lines": 6, "excluded_lines": 0}, "missing_lines": [186, 187, 188, 190, 191, 195], "excluded_lines": []}, "CVEFetchAgent.cleanup_cache": {"executed_lines": [], "summary": {"covered_lines": 0, "num_statements": 10, "percent_covered": 0.0, "percent_covered_display": "0", "missing_lines": 10, "excluded_lines": 0}, "missing_lines": [208, 209, 210, 212, 213, 215, 217, 223, 224, 225], "excluded_lines": []}, "": {"executed_lines": [], "summary": {"covered_lines": 0, "num_statements": 13, "percent_covered": 0.0, "percent_covered_display": "0", "missing_lines": 13, "excluded_lines": 0}, "missing_lines": [3, 4, 5, 6, 8, 9, 10, 13, 16, 31, 170, 180, 202], "excluded_lines": []}}, "classes": {"CVEFetchAgent": {"executed_lines": [], "summary": {"covered_lines": 0, "num_statements": 63, "percent_covered": 0.0, "percent_covered_display": "0", "missing_lines": 63, "excluded_lines": 0}, "missing_lines": [17, 18, 19, 22, 38, 39, 41, 42, 43, 46, 48, 57, 59, 60, 62, 64, 65, 67, 73, 77, 80, 81, 83, 89, 96, 104, 107, 108, 114, 121, 124, 126, 136, 139, 148, 150, 151, 153, 159, 160, 162, 163, 164, 165, 167, 168, 172, 186, 187, 188, 190, 191, 195, 208, 209, 210, 212, 213, 215, 217, 223, 224, 225], "excluded_lines": []}, "": {"executed_lines": [], "summary": {"covered_lines": 0, "num_statements": 13, "percent_covered": 0.0, "percent_covered_display": "0", "missing_lines": 13, "excluded_lines": 0}, "missing_lines": [3, 4, 5, 6, 8, 9, 10, 13, 16, 31, 170, 180, 202], "excluded_lines": []}}}, "scripts/agents/dashboard_agent.py": {"executed_lines": [], "summary": {"covered_lines": 0, "num_statements": 91, "percent_covered": 0.0, "percent_covered_display": "0", "missing_lines": 91, "excluded_lines": 0}, "missing_lines": [3, 4, 5, 6, 7, 9, 10, 13, 16, 17, 18, 21, 30, 37, 38, 39, 41, 43, 53, 55, 61, 68, 69, 72, 75, 78, 79, 82, 85, 87, 89, 107, 109, 116, 118, 119, 120, 121, 123, 124, 126, 138, 139, 141, 143, 145, 147, 149, 150, 151, 152, 153, 156, 157, 158, 160, 167, 168, 170, 178, 179, 186, 187, 191, 193, 199, 200, 202, 204, 216, 217, 219, 222, 237, 239, 260, 262, 264, 266, 278, 716, 728, 729, 732, 733, 734, 750, 756, 758, 760, 762], "excluded_lines": [], "functions": {"DashboardAgent.__init__": {"executed_lines": [], "summary": {"covered_lines": 0, "num_statements": 3, "percent_covered": 0.0, "percent_covered_display": "0", "missing_lines": 3, "excluded_lines": 0}, "missing_lines": [17, 18, 21], "excluded_lines": []}, "DashboardAgent.execute": {"executed_lines": [], "summary": {"covered_lines": 0, "num_statements": 27, "percent_covered": 0.0, "percent_covered_display": "0", "missing_lines": 27, "excluded_lines": 0}, "missing_lines": [37, 38, 39, 41, 43, 53, 55, 61, 68, 69, 72, 75, 78, 79, 82, 85, 87, 89, 107, 109, 116, 118, 119, 120, 121, 123, 124], "excluded_lines": []}, "DashboardAgent._generate_api_files": {"executed_lines": [], "summary": {"covered_lines": 0, "num_statements": 27, "percent_covered": 0.0, "percent_covered_display": "0", "missing_lines": 27, "excluded_lines": 0}, "missing_lines": [138, 139, 141, 143, 145, 147, 149, 150, 151, 152, 153, 156, 157, 158, 160, 167, 168, 170, 178, 179, 186, 187, 191, 193, 199, 200, 202], "excluded_lines": []}, "DashboardAgent._generate_dashboard_html": {"executed_lines": [], "summary": {"covered_lines": 0, "num_statements": 9, "percent_covered": 0.0, "percent_covered_display": "0", "missing_lines": 9, "excluded_lines": 0}, "missing_lines": [216, 217, 219, 222, 237, 239, 260, 262, 264], "excluded_lines": []}, "DashboardAgent._build_dashboard_html": {"executed_lines": [], "summary": {"covered_lines": 0, "num_statements": 1, "percent_covered": 0.0, "percent_covered_display": "0", "missing_lines": 1, "excluded_lines": 0}, "missing_lines": [278], "excluded_lines": []}, "DashboardAgent._generate_search_index": {"executed_lines": [], "summary": {"covered_lines": 0, "num_statements": 8, "percent_covered": 0.0, "percent_covered_display": "0", "missing_lines": 8, "excluded_lines": 0}, "missing_lines": [728, 729, 732, 733, 734, 750, 756, 758], "excluded_lines": []}, "DashboardAgent.get_dependencies": {"executed_lines": [], "summary": {"covered_lines": 0, "num_statements": 1, "percent_covered": 0.0, "percent_covered_display": "0", "missing_lines": 1, "excluded_lines": 0}, "missing_lines": [762], "excluded_lines": []}, "": {"executed_lines": [], "summary": {"covered_lines": 0, "num_statements": 15, "percent_covered": 0.0, "percent_covered_display": "0", "missing_lines": 15, "excluded_lines": 0}, "missing_lines": [3, 4, 5, 6, 7, 9, 10, 13, 16, 30, 126, 204, 266, 716, 760], "excluded_lines": []}}, "classes": {"DashboardAgent": {"executed_lines": [], "summary": {"covered_lines": 0, "num_statements": 76, "percent_covered": 0.0, "percent_covered_display": "0", "missing_lines": 76, "excluded_lines": 0}, "missing_lines": [17, 18, 21, 37, 38, 39, 41, 43, 53, 55, 61, 68, 69, 72, 75, 78, 79, 82, 85, 87, 89, 107, 109, 116, 118, 119, 120, 121, 123, 124, 138, 139, 141, 143, 145, 147, 149, 150, 151, 152, 153, 156, 157, 158, 160, 167, 168, 170, 178, 179, 186, 187, 191, 193, 199, 200, 202, 216, 217, 219, 222, 237, 239, 260, 262, 264, 278, 728, 729, 732, 733, 734, 750, 756, 758, 762], "excluded_lines": []}, "": {"executed_lines": [], "summary": {"covered_lines": 0, "num_statements": 15, "percent_covered": 0.0, "percent_covered_display": "0", "missing_lines": 15, "excluded_lines": 0}, "missing_lines": [3, 4, 5, 6, 7, 9, 10, 13, 16, 30, 126, 204, 266, 716, 760], "excluded_lines": []}}}, "scripts/agents/static_page_agent.py": {"executed_lines": [], "summary": {"covered_lines": 0, "num_statements": 198, "percent_covered": 0.0, "percent_covered_display": "0", "missing_lines": 198, "excluded_lines": 0}, "missing_lines": [3, 4, 5, 6, 7, 9, 10, 13, 16, 17, 18, 21, 29, 36, 37, 38, 40, 41, 43, 53, 55, 58, 63, 70, 71, 74, 75, 76, 77, 80, 81, 82, 83, 84, 88, 89, 90, 91, 93, 95, 98, 100, 101, 103, 105, 109, 110, 111, 112, 115, 116, 117, 118, 119, 120, 121, 128, 129, 131, 132, 134, 142, 144, 145, 146, 147, 149, 150, 152, 163, 166, 167, 168, 171, 193, 196, 197, 198, 199, 200, 201, 203, 204, 205, 208, 209, 212, 213, 214, 215, 216, 217, 218, 219, 220, 221, 222, 223, 226, 227, 229, 230, 231, 232, 235, 238, 239, 240, 241, 242, 243, 244, 245, 247, 248, 251, 252, 255, 256, 259, 260, 264, 267, 268, 269, 271, 272, 273, 274, 275, 277, 278, 279, 280, 281, 284, 285, 286, 287, 288, 289, 293, 294, 297, 298, 299, 302, 305, 308, 309, 310, 314, 315, 317, 318, 320, 321, 322, 323, 327, 329, 339, 342, 344, 347, 348, 349, 350, 353, 356, 357, 358, 361, 362, 363, 366, 369, 371, 373, 374, 375, 376, 377, 380, 381, 383, 384, 385, 390, 391, 395, 396, 397, 401, 402, 404, 410, 412], "excluded_lines": [], "functions": {"StaticPageAgent.__init__": {"executed_lines": [], "summary": {"covered_lines": 0, "num_statements": 3, "percent_covered": 0.0, "percent_covered_display": "0", "missing_lines": 3, "excluded_lines": 0}, "missing_lines": [17, 18, 21], "excluded_lines": []}, "StaticPageAgent.execute": {"executed_lines": [], "summary": {"covered_lines": 0, "num_statements": 55, "percent_covered": 0.0, "percent_covered_display": "0", "missing_lines": 55, "excluded_lines": 0}, "missing_lines": [36, 37, 38, 40, 41, 43, 53, 55, 58, 63, 70, 71, 74, 75, 76, 77, 80, 81, 82, 83, 84, 88, 89, 90, 91, 93, 95, 98, 100, 101, 103, 105, 109, 110, 111, 112, 115, 116, 117, 118, 119, 120, 121, 128, 129, 131, 132, 134, 142, 144, 145, 146, 147, 149, 150], "excluded_lines": []}, "StaticPageAgent._generate_page_content": {"executed_lines": [], "summary": {"covered_lines": 0, "num_statements": 91, "percent_covered": 0.0, "percent_covered_display": "0", "missing_lines": 91, "excluded_lines": 0}, "missing_lines": [163, 166, 167, 168, 171, 193, 196, 197, 198, 199, 200, 201, 203, 204, 205, 208, 209, 212, 213, 214, 215, 216, 217, 218, 219, 220, 221, 222, 223, 226, 227, 229, 230, 231, 232, 235, 238, 239, 240, 241, 242, 243, 244, 245, 247, 248, 251, 252, 255, 256, 259, 260, 264, 267, 268, 269, 271, 272, 273, 274, 275, 277, 278, 279, 280, 281, 284, 285, 286, 287, 288, 289, 293, 294, 297, 298, 299, 302, 305, 308, 309, 310, 314, 315, 317, 318, 320, 321, 322, 323, 327], "excluded_lines": []}, "StaticPageAgent._generate_index_page": {"executed_lines": [], "summary": {"covered_lines": 0, "num_statements": 35, "percent_covered": 0.0, "percent_covered_display": "0", "missing_lines": 35, "excluded_lines": 0}, "missing_lines": [339, 342, 344, 347, 348, 349, 350, 353, 356, 357, 358, 361, 362, 363, 366, 369, 371, 373, 374, 375, 376, 377, 380, 381, 383, 384, 385, 390, 391, 395, 396, 397, 401, 402, 404], "excluded_lines": []}, "StaticPageAgent.get_dependencies": {"executed_lines": [], "summary": {"covered_lines": 0, "num_statements": 1, "percent_covered": 0.0, "percent_covered_display": "0", "missing_lines": 1, "excluded_lines": 0}, "missing_lines": [412], "excluded_lines": []}, "": {"executed_lines": [], "summary": {"covered_lines": 0, "num_statements": 13, "percent_covered": 0.0, "percent_covered_display": "0", "missing_lines": 13, "excluded_lines": 0}, "missing_lines": [3, 4, 5, 6, 7, 9, 10, 13, 16, 29, 152, 329, 410], "excluded_lines": []}}, "classes": {"StaticPageAgent": {"executed_lines": [], "summary": {"covered_lines": 0, "num_statements": 185, "percent_covered": 0.0, "percent_covered_display": "0", "missing_lines": 185, "excluded_lines": 0}, "missing_lines": [17, 18, 21, 36, 37, 38, 40, 41, 43, 53, 55, 58, 63, 70, 71, 74, 75, 76, 77, 80, 81, 82, 83, 84, 88, 89, 90, 91, 93, 95, 98, 100, 101, 103, 105, 109, 110, 111, 112, 115, 116, 117, 118, 119, 120, 121, 128, 129, 131, 132, 134, 142, 144, 145, 146, 147, 149, 150, 163, 166, 167, 168, 171, 193, 196, 197, 198, 199, 200, 201, 203, 204, 205, 208, 209, 212, 213, 214, 215, 216, 217, 218, 219, 220, 221, 222, 223, 226, 227, 229, 230, 231, 232, 235, 238, 239, 240, 241, 242, 243, 244, 245, 247, 248, 251, 252, 255, 256, 259, 260, 264, 267, 268, 269, 271, 272, 273, 274, 275, 277, 278, 279, 280, 281, 284, 285, 286, 287, 288, 289, 293, 294, 297, 298, 299, 302, 305, 308, 309, 310, 314, 315, 317, 318, 320, 321, 322, 323, 327, 339, 342, 344, 347, 348, 349, 350, 353, 356, 357, 358, 361, 362, 363, 366, 369, 371, 373, 374, 375, 376, 377, 380, 381, 383, 384, 385, 390, 391, 395, 396, 397, 401, 402, 404, 412], "excluded_lines": []}, "": {"executed_lines": [], "summary": {"covered_lines": 0, "num_statements": 13, "percent_covered": 0.0, "percent_covered_display": "0", "missing_lines": 13, "excluded_lines": 0}, "missing_lines": [3, 4, 5, 6, 7, 9, 10, 13, 16, 29, 152, 329, 410], "excluded_lines": []}}}, "scripts/bump_version.py": {"executed_lines": [2, 4, 5, 6, 7, 8, 9, 10, 13, 15, 16, 17, 18, 19, 20, 23, 25, 26, 27, 28, 31, 33, 35, 36, 37, 38, 39, 40, 42, 45, 47, 48, 49, 50, 52, 54, 55, 56, 58, 61, 64, 67, 68, 71, 72, 73, 75, 76, 77, 78, 81, 83, 84, 87, 88, 94, 97, 98, 99, 100, 102, 105, 106, 108, 109, 110, 113, 116, 117, 118, 119, 120, 122, 125], "summary": {"covered_lines": 72, "num_statements": 72, "percent_covered": 100.0, "percent_covered_display": "100", "missing_lines": 0, "excluded_lines": 2}, "missing_lines": [], "excluded_lines": [125, 126], "functions": {"get_current_version": {"executed_lines": [15, 16, 17, 18, 19, 20], "summary": {"covered_lines": 6, "num_statements": 6, "percent_covered": 100.0, "percent_covered_display": "100", "missing_lines": 0, "excluded_lines": 0}, "missing_lines": [], "excluded_lines": []}, "parse_version": {"executed_lines": [25, 26, 27, 28], "summary": {"covered_lines": 4, "num_statements": 4, "percent_covered": 100.0, "percent_covered_display": "100", "missing_lines": 0, "excluded_lines": 0}, "missing_lines": [], "excluded_lines": []}, "bump_version": {"executed_lines": [33, 35, 36, 37, 38, 39, 40, 42], "summary": {"covered_lines": 8, "num_statements": 8, "percent_covered": 100.0, "percent_covered_display": "100", "missing_lines": 0, "excluded_lines": 0}, "missing_lines": [], "excluded_lines": []}, "update_package_json": {"executed_lines": [47, 48, 49, 50, 52, 54, 55, 56, 58], "summary": {"covered_lines": 9, "num_statements": 9, "percent_covered": 100.0, "percent_covered_display": "100", "missing_lines": 0, "excluded_lines": 0}, "missing_lines": [], "excluded_lines": []}, "create_git_tag": {"executed_lines": [64, 67, 68, 71, 72, 73, 75, 76, 77, 78], "summary": {"covered_lines": 10, "num_statements": 10, "percent_covered": 100.0, "percent_covered_display": "100", "missing_lines": 0, "excluded_lines": 0}, "missing_lines": [], "excluded_lines": []}, "main": {"executed_lines": [83, 84, 87, 88, 94, 97, 98, 99, 100, 102, 105, 106, 108, 109, 110, 113, 116, 117, 118, 119, 120, 122], "summary": {"covered_lines": 22, "num_statements": 22, "percent_covered": 100.0, "percent_covered_display": "100", "missing_lines": 0, "excluded_lines": 0}, "missing_lines": [], "excluded_lines": []}, "": {"executed_lines": [2, 4, 5, 6, 7, 8, 9, 10, 13, 23, 31, 45, 61, 81, 125], "summary": {"covered_lines": 13, "num_statements": 13, "percent_covered": 100.0, "percent_covered_display": "100", "missing_lines": 0, "excluded_lines": 2}, "missing_lines": [], "excluded_lines": [125, 126]}}, "classes": {"": {"executed_lines": [2, 4, 5, 6, 7, 8, 9, 10, 13, 15, 16, 17, 18, 19, 20, 23, 25, 26, 27, 28, 31, 33, 35, 36, 37, 38, 39, 40, 42, 45, 47, 48, 49, 50, 52, 54, 55, 56, 58, 61, 64, 67, 68, 71, 72, 73, 75, 76, 77, 78, 81, 83, 84, 87, 88, 94, 97, 98, 99, 100, 102, 105, 106, 108, 109, 110, 113, 116, 117, 118, 119, 120, 122, 125], "summary": {"covered_lines": 72, "num_statements": 72, "percent_covered": 100.0, "percent_covered_display": "100", "missing_lines": 0, "excluded_lines": 2}, "missing_lines": [], "excluded_lines": [125, 126]}}}, "scripts/filter_high_epss.py": {"executed_lines": [2, 4, 5, 6, 7, 10, 14, 15, 18, 19, 20, 22, 23, 26, 27, 29, 30, 31, 32, 34, 35, 38, 41, 42, 45, 46, 49, 50, 52, 57, 58, 61, 62, 67, 68, 71, 74, 77, 78, 79, 80, 83, 86, 94, 95, 97, 100, 101, 108, 109, 110, 111, 113, 123, 124, 126, 129, 130], "summary": {"covered_lines": 55, "num_statements": 55, "percent_covered": 100.0, "percent_covered_display": "100", "missing_lines": 0, "excluded_lines": 2}, "missing_lines": [], "excluded_lines": [129, 130], "functions": {"filter_high_epss_vulns": {"executed_lines": [14, 15, 18, 19, 20, 22, 23, 26, 27, 29, 30, 31, 32, 34, 35, 38, 41, 42, 45, 46, 49, 50, 52, 57, 58, 61, 62, 67, 68], "summary": {"covered_lines": 29, "num_statements": 29, "percent_covered": 100.0, "percent_covered_display": "100", "missing_lines": 0, "excluded_lines": 0}, "missing_lines": [], "excluded_lines": []}, "organize_into_subfolders": {"executed_lines": [74, 77, 78, 79, 80, 83, 86, 94, 95, 97, 100, 101, 108, 109, 110, 111, 113, 123, 124, 126], "summary": {"covered_lines": 20, "num_statements": 20, "percent_covered": 100.0, "percent_covered_display": "100", "missing_lines": 0, "excluded_lines": 0}, "missing_lines": [], "excluded_lines": []}, "": {"executed_lines": [2, 4, 5, 6, 7, 10, 71, 129, 130], "summary": {"covered_lines": 6, "num_statements": 6, "percent_covered": 100.0, "percent_covered_display": "100", "missing_lines": 0, "excluded_lines": 2}, "missing_lines": [], "excluded_lines": [129, 130]}}, "classes": {"": {"executed_lines": [2, 4, 5, 6, 7, 10, 14, 15, 18, 19, 20, 22, 23, 26, 27, 29, 30, 31, 32, 34, 35, 38, 41, 42, 45, 46, 49, 50, 52, 57, 58, 61, 62, 67, 68, 71, 74, 77, 78, 79, 80, 83, 86, 94, 95, 97, 100, 101, 108, 109, 110, 111, 113, 123, 124, 126, 129, 130], "summary": {"covered_lines": 55, "num_statements": 55, "percent_covered": 100.0, "percent_covered_display": "100", "missing_lines": 0, "excluded_lines": 2}, "missing_lines": [], "excluded_lines": [129, 130]}}}, "scripts/generate_alpine_dashboard.py": {"executed_lines": [], "summary": {"covered_lines": 0, "num_statements": 164, "percent_covered": 0.0, "percent_covered_display": "0", "missing_lines": 164, "excluded_lines": 2}, "missing_lines": [7, 8, 9, 10, 11, 12, 15, 16, 17, 20, 21, 24, 25, 26, 27, 28, 29, 30, 32, 34, 35, 42, 43, 44, 46, 49, 50, 51, 52, 53, 56, 57, 60, 63, 75, 76, 77, 78, 79, 82, 83, 84, 88, 90, 91, 92, 96, 98, 99, 101, 104, 105, 107, 109, 111, 112, 115, 117, 119, 122, 125, 126, 127, 128, 131, 132, 133, 134, 137, 138, 139, 142, 143, 148, 150, 152, 154, 155, 157, 158, 159, 160, 161, 162, 164, 166, 168, 170, 171, 177, 178, 179, 180, 182, 184, 186, 188, 189, 190, 191, 193, 195, 196, 200, 202, 203, 204, 205, 206, 208, 210, 212, 213, 215, 216, 217, 218, 219, 220, 222, 224, 226, 227, 228, 229, 230, 233, 234, 241, 242, 249, 251, 282, 284, 287, 288, 290, 291, 293, 325, 1280, 1281, 1282, 1284, 1286, 1288, 1289, 1290, 1302, 1303, 1306, 1318, 1321, 1324, 1325, 1326, 1327, 1328, 1331, 1332, 1333, 1335, 1336, 1337], "excluded_lines": [1340, 1341], "functions": {"AlpineDashboardGenerator.__init__": {"executed_lines": [], "summary": {"covered_lines": 0, "num_statements": 5, "percent_covered": 0.0, "percent_covered_display": "0", "missing_lines": 5, "excluded_lines": 0}, "missing_lines": [26, 27, 28, 29, 30], "excluded_lines": []}, "AlpineDashboardGenerator.load_vulnerabilities": {"executed_lines": [], "summary": {"covered_lines": 0, "num_statements": 38, "percent_covered": 0.0, "percent_covered_display": "0", "missing_lines": 38, "excluded_lines": 0}, "missing_lines": [34, 35, 42, 43, 44, 46, 49, 50, 51, 52, 53, 56, 57, 60, 63, 75, 76, 77, 78, 79, 82, 83, 84, 88, 90, 91, 92, 96, 98, 99, 101, 104, 105, 107, 109, 111, 112, 115], "excluded_lines": []}, "AlpineDashboardGenerator._create_enhanced_title": {"executed_lines": [], "summary": {"covered_lines": 0, "num_statements": 17, "percent_covered": 0.0, "percent_covered_display": "0", "missing_lines": 17, "excluded_lines": 0}, "missing_lines": [119, 122, 125, 126, 127, 128, 131, 132, 133, 134, 137, 138, 139, 142, 143, 148, 150], "excluded_lines": []}, "AlpineDashboardGenerator._extract_products": {"executed_lines": [], "summary": {"covered_lines": 0, "num_statements": 9, "percent_covered": 0.0, "percent_covered_display": "0", "missing_lines": 9, "excluded_lines": 0}, "missing_lines": [154, 155, 157, 158, 159, 160, 161, 162, 164], "excluded_lines": []}, "AlpineDashboardGenerator._extract_version_info": {"executed_lines": [], "summary": {"covered_lines": 0, "num_statements": 8, "percent_covered": 0.0, "percent_covered_display": "0", "missing_lines": 8, "excluded_lines": 0}, "missing_lines": [168, 170, 171, 177, 178, 179, 180, 182], "excluded_lines": []}, "AlpineDashboardGenerator._extract_cwe_ids": {"executed_lines": [], "summary": {"covered_lines": 0, "num_statements": 5, "percent_covered": 0.0, "percent_covered_display": "0", "missing_lines": 5, "excluded_lines": 0}, "missing_lines": [186, 188, 189, 190, 191], "excluded_lines": []}, "AlpineDashboardGenerator._get_kev_status": {"executed_lines": [], "summary": {"covered_lines": 0, "num_statements": 2, "percent_covered": 0.0, "percent_covered_display": "0", "missing_lines": 2, "excluded_lines": 0}, "missing_lines": [195, 196], "excluded_lines": []}, "AlpineDashboardGenerator._detect_patch_status": {"executed_lines": [], "summary": {"covered_lines": 0, "num_statements": 6, "percent_covered": 0.0, "percent_covered_display": "0", "missing_lines": 6, "excluded_lines": 0}, "missing_lines": [202, 203, 204, 205, 206, 208], "excluded_lines": []}, "AlpineDashboardGenerator._get_exploitation_status": {"executed_lines": [], "summary": {"covered_lines": 0, "num_statements": 9, "percent_covered": 0.0, "percent_covered_display": "0", "missing_lines": 9, "excluded_lines": 0}, "missing_lines": [212, 213, 215, 216, 217, 218, 219, 220, 222], "excluded_lines": []}, "AlpineDashboardGenerator.generate_stats": {"executed_lines": [], "summary": {"covered_lines": 0, "num_statements": 11, "percent_covered": 0.0, "percent_covered_display": "0", "missing_lines": 11, "excluded_lines": 0}, "missing_lines": [226, 227, 228, 229, 230, 233, 234, 241, 242, 249, 251], "excluded_lines": []}, "AlpineDashboardGenerator.create_dashboard_html": {"executed_lines": [], "summary": {"covered_lines": 0, "num_statements": 10, "percent_covered": 0.0, "percent_covered_display": "0", "missing_lines": 10, "excluded_lines": 0}, "missing_lines": [284, 287, 288, 290, 291, 293, 325, 1280, 1281, 1282], "excluded_lines": []}, "AlpineDashboardGenerator.export_csv_data": {"executed_lines": [], "summary": {"covered_lines": 0, "num_statements": 8, "percent_covered": 0.0, "percent_covered_display": "0", "missing_lines": 8, "excluded_lines": 0}, "missing_lines": [1286, 1288, 1289, 1290, 1302, 1303, 1306, 1318], "excluded_lines": []}, "main": {"executed_lines": [], "summary": {"covered_lines": 0, "num_statements": 11, "percent_covered": 0.0, "percent_covered_display": "0", "missing_lines": 11, "excluded_lines": 0}, "missing_lines": [1324, 1325, 1326, 1327, 1328, 1331, 1332, 1333, 1335, 1336, 1337], "excluded_lines": []}, "": {"executed_lines": [], "summary": {"covered_lines": 0, "num_statements": 25, "percent_covered": 0.0, "percent_covered_display": "0", "missing_lines": 25, "excluded_lines": 2}, "missing_lines": [7, 8, 9, 10, 11, 12, 15, 16, 17, 20, 21, 24, 25, 32, 117, 152, 166, 184, 193, 200, 210, 224, 282, 1284, 1321], "excluded_lines": [1340, 1341]}}, "classes": {"AlpineDashboardGenerator": {"executed_lines": [], "summary": {"covered_lines": 0, "num_statements": 128, "percent_covered": 0.0, "percent_covered_display": "0", "missing_lines": 128, "excluded_lines": 0}, "missing_lines": [26, 27, 28, 29, 30, 34, 35, 42, 43, 44, 46, 49, 50, 51, 52, 53, 56, 57, 60, 63, 75, 76, 77, 78, 79, 82, 83, 84, 88, 90, 91, 92, 96, 98, 99, 101, 104, 105, 107, 109, 111, 112, 115, 119, 122, 125, 126, 127, 128, 131, 132, 133, 134, 137, 138, 139, 142, 143, 148, 150, 154, 155, 157, 158, 159, 160, 161, 162, 164, 168, 170, 171, 177, 178, 179, 180, 182, 186, 188, 189, 190, 191, 195, 196, 202, 203, 204, 205, 206, 208, 212, 213, 215, 216, 217, 218, 219, 220, 222, 226, 227, 228, 229, 230, 233, 234, 241, 242, 249, 251, 284, 287, 288, 290, 291, 293, 325, 1280, 1281, 1282, 1286, 1288, 1289, 1290, 1302, 1303, 1306, 1318], "excluded_lines": []}, "": {"executed_lines": [], "summary": {"covered_lines": 0, "num_statements": 36, "percent_covered": 0.0, "percent_covered_display": "0", "missing_lines": 36, "excluded_lines": 2}, "missing_lines": [7, 8, 9, 10, 11, 12, 15, 16, 17, 20, 21, 24, 25, 32, 117, 152, 166, 184, 193, 200, 210, 224, 282, 1284, 1321, 1324, 1325, 1326, 1327, 1328, 1331, 1332, 1333, 1335, 1336, 1337], "excluded_lines": [1340, 1341]}}}, "scripts/generate_badge.py": {"executed_lines": [2, 4, 5, 6, 7, 8, 11, 14, 15, 16, 17, 18, 19, 24, 25, 27, 28, 29, 30, 31, 34, 35, 36, 37, 38, 39, 40, 44, 47, 49, 50, 51, 52, 53, 54, 56, 59, 61, 62, 63, 64, 66, 69, 70, 73, 75, 76, 77, 78, 79, 81, 82, 85, 87, 89, 90, 91, 93, 95, 96, 98, 101], "summary": {"covered_lines": 60, "num_statements": 64, "percent_covered": 93.75, "percent_covered_display": "94", "missing_lines": 4, "excluded_lines": 2}, "missing_lines": [20, 21, 41, 42], "excluded_lines": [101, 102], "functions": {"get_coverage_percentage": {"executed_lines": [14, 15, 16, 17, 18, 19, 24, 25, 27, 28, 29, 30, 31, 34, 35, 36, 37, 38, 39, 40, 44], "summary": {"covered_lines": 21, "num_statements": 25, "percent_covered": 84.0, "percent_covered_display": "84", "missing_lines": 4, "excluded_lines": 0}, "missing_lines": [20, 21, 41, 42], "excluded_lines": []}, "get_badge_color": {"executed_lines": [49, 50, 51, 52, 53, 54, 56], "summary": {"covered_lines": 7, "num_statements": 7, "percent_covered": 100.0, "percent_covered_display": "100", "missing_lines": 0, "excluded_lines": 0}, "missing_lines": [], "excluded_lines": []}, "update_readme_badge": {"executed_lines": [61, 62, 63, 64, 66, 69, 70, 73, 75, 76, 77, 78, 79, 81, 82], "summary": {"covered_lines": 15, "num_statements": 15, "percent_covered": 100.0, "percent_covered_display": "100", "missing_lines": 0, "excluded_lines": 0}, "missing_lines": [], "excluded_lines": []}, "main": {"executed_lines": [87, 89, 90, 91, 93, 95, 96, 98], "summary": {"covered_lines": 8, "num_statements": 8, "percent_covered": 100.0, "percent_covered_display": "100", "missing_lines": 0, "excluded_lines": 0}, "missing_lines": [], "excluded_lines": []}, "": {"executed_lines": [2, 4, 5, 6, 7, 8, 11, 47, 59, 85, 101], "summary": {"covered_lines": 9, "num_statements": 9, "percent_covered": 100.0, "percent_covered_display": "100", "missing_lines": 0, "excluded_lines": 2}, "missing_lines": [], "excluded_lines": [101, 102]}}, "classes": {"": {"executed_lines": [2, 4, 5, 6, 7, 8, 11, 14, 15, 16, 17, 18, 19, 24, 25, 27, 28, 29, 30, 31, 34, 35, 36, 37, 38, 39, 40, 44, 47, 49, 50, 51, 52, 53, 54, 56, 59, 61, 62, 63, 64, 66, 69, 70, 73, 75, 76, 77, 78, 79, 81, 82, 85, 87, 89, 90, 91, 93, 95, 96, 98, 101], "summary": {"covered_lines": 60, "num_statements": 64, "percent_covered": 93.75, "percent_covered_display": "94", "missing_lines": 4, "excluded_lines": 2}, "missing_lines": [20, 21, 41, 42], "excluded_lines": [101, 102]}}}, "scripts/generate_cve_pages.py": {"executed_lines": [], "summary": {"covered_lines": 0, "num_statements": 75, "percent_covered": 0.0, "percent_covered_display": "0", "missing_lines": 75, "excluded_lines": 2}, "missing_lines": [6, 7, 8, 9, 10, 13, 14, 15, 18, 19, 20, 21, 22, 24, 26, 27, 33, 34, 35, 36, 39, 40, 41, 42, 43, 46, 47, 50, 52, 62, 63, 64, 65, 67, 69, 71, 74, 75, 76, 77, 78, 79, 80, 83, 84, 85, 86, 87, 88, 89, 91, 94, 98, 384, 386, 389, 392, 393, 396, 397, 398, 399, 401, 403, 404, 406, 407, 409, 412, 415, 416, 417, 418, 421, 422], "excluded_lines": [425, 426], "functions": {"CvePageGenerator.__init__": {"executed_lines": [], "summary": {"covered_lines": 0, "num_statements": 3, "percent_covered": 0.0, "percent_covered_display": "0", "missing_lines": 3, "excluded_lines": 0}, "missing_lines": [20, 21, 22], "excluded_lines": []}, "CvePageGenerator.load_vulnerabilities": {"executed_lines": [], "summary": {"covered_lines": 0, "num_statements": 20, "percent_covered": 0.0, "percent_covered_display": "0", "missing_lines": 20, "excluded_lines": 0}, "missing_lines": [26, 27, 33, 34, 35, 36, 39, 40, 41, 42, 43, 46, 47, 50, 52, 62, 63, 64, 65, 67], "excluded_lines": []}, "CvePageGenerator.generate_cve_page": {"executed_lines": [], "summary": {"covered_lines": 0, "num_statements": 19, "percent_covered": 0.0, "percent_covered_display": "0", "missing_lines": 19, "excluded_lines": 0}, "missing_lines": [71, 74, 75, 76, 77, 78, 79, 80, 83, 84, 85, 86, 87, 88, 89, 91, 94, 98, 384], "excluded_lines": []}, "CvePageGenerator.generate_all_pages": {"executed_lines": [], "summary": {"covered_lines": 0, "num_statements": 13, "percent_covered": 0.0, "percent_covered_display": "0", "missing_lines": 13, "excluded_lines": 0}, "missing_lines": [389, 392, 393, 396, 397, 398, 399, 401, 403, 404, 406, 407, 409], "excluded_lines": []}, "main": {"executed_lines": [], "summary": {"covered_lines": 0, "num_statements": 6, "percent_covered": 0.0, "percent_covered_display": "0", "missing_lines": 6, "excluded_lines": 0}, "missing_lines": [415, 416, 417, 418, 421, 422], "excluded_lines": []}, "": {"executed_lines": [], "summary": {"covered_lines": 0, "num_statements": 14, "percent_covered": 0.0, "percent_covered_display": "0", "missing_lines": 14, "excluded_lines": 2}, "missing_lines": [6, 7, 8, 9, 10, 13, 14, 15, 18, 19, 24, 69, 386, 412], "excluded_lines": [425, 426]}}, "classes": {"CvePageGenerator": {"executed_lines": [], "summary": {"covered_lines": 0, "num_statements": 55, "percent_covered": 0.0, "percent_covered_display": "0", "missing_lines": 55, "excluded_lines": 0}, "missing_lines": [20, 21, 22, 26, 27, 33, 34, 35, 36, 39, 40, 41, 42, 43, 46, 47, 50, 52, 62, 63, 64, 65, 67, 71, 74, 75, 76, 77, 78, 79, 80, 83, 84, 85, 86, 87, 88, 89, 91, 94, 98, 384, 389, 392, 393, 396, 397, 398, 399, 401, 403, 404, 406, 407, 409], "excluded_lines": []}, "": {"executed_lines": [], "summary": {"covered_lines": 0, "num_statements": 20, "percent_covered": 0.0, "percent_covered_display": "0", "missing_lines": 20, "excluded_lines": 2}, "missing_lines": [6, 7, 8, 9, 10, 13, 14, 15, 18, 19, 24, 69, 386, 412, 415, 416, 417, 418, 421, 422], "excluded_lines": [425, 426]}}}, "scripts/harvest/base_client.py": {"executed_lines": [1, 3, 4, 5, 6, 7, 8, 10, 11, 12, 13, 19, 22, 23, 25, 32, 33, 34, 36, 38, 40, 42, 44, 45, 46, 48, 51, 52, 54, 73, 74, 75, 76, 77, 80, 83, 84, 89, 90, 91, 94, 96, 97, 99, 104, 106, 110, 113, 114, 116, 118, 119, 122, 123, 125, 127, 128, 131, 132, 133, 134, 135, 136, 140, 142, 144, 145, 148, 149, 150, 151, 152, 153, 155, 160, 168, 171, 173, 180, 188, 189, 191, 199, 202, 203, 204, 205, 208, 209, 212, 213, 215, 217, 224, 227], "summary": {"covered_lines": 92, "num_statements": 97, "percent_covered": 94.84536082474227, "percent_covered_display": "95", "missing_lines": 5, "excluded_lines": 0}, "missing_lines": [107, 129, 137, 138, 146], "excluded_lines": [], "functions": {"RateLimiter.__init__": {"executed_lines": [32, 33, 34], "summary": {"covered_lines": 3, "num_statements": 3, "percent_covered": 100.0, "percent_covered_display": "100", "missing_lines": 0, "excluded_lines": 0}, "missing_lines": [], "excluded_lines": []}, "RateLimiter.wait_if_needed": {"executed_lines": [38, 40, 42, 44, 45, 46, 48], "summary": {"covered_lines": 7, "num_statements": 7, "percent_covered": 100.0, "percent_covered_display": "100", "missing_lines": 0, "excluded_lines": 0}, "missing_lines": [], "excluded_lines": []}, "BaseAPIClient.__init__": {"executed_lines": [73, 74, 75, 76, 77, 80, 83, 84, 89, 90, 91, 94], "summary": {"covered_lines": 12, "num_statements": 12, "percent_covered": 100.0, "percent_covered_display": "100", "missing_lines": 0, "excluded_lines": 0}, "missing_lines": [], "excluded_lines": []}, "BaseAPIClient.get_headers": {"executed_lines": [99], "summary": {"covered_lines": 1, "num_statements": 1, "percent_covered": 100.0, "percent_covered_display": "100", "missing_lines": 0, "excluded_lines": 0}, "missing_lines": [], "excluded_lines": []}, "BaseAPIClient._get_cache_path": {"executed_lines": [106, 110, 113, 114], "summary": {"covered_lines": 4, "num_statements": 5, "percent_covered": 80.0, "percent_covered_display": "80", "missing_lines": 1, "excluded_lines": 0}, "missing_lines": [107], "excluded_lines": []}, "BaseAPIClient._is_cache_valid": {"executed_lines": [118, 119, 122, 123], "summary": {"covered_lines": 4, "num_statements": 4, "percent_covered": 100.0, "percent_covered_display": "100", "missing_lines": 0, "excluded_lines": 0}, "missing_lines": [], "excluded_lines": []}, "BaseAPIClient._read_cache": {"executed_lines": [127, 128, 131, 132, 133, 134, 135, 136, 140], "summary": {"covered_lines": 9, "num_statements": 12, "percent_covered": 75.0, "percent_covered_display": "75", "missing_lines": 3, "excluded_lines": 0}, "missing_lines": [129, 137, 138], "excluded_lines": []}, "BaseAPIClient._write_cache": {"executed_lines": [144, 145, 148, 149, 150, 151, 152, 153], "summary": {"covered_lines": 8, "num_statements": 9, "percent_covered": 88.88888888888889, "percent_covered_display": "89", "missing_lines": 1, "excluded_lines": 0}, "missing_lines": [146], "excluded_lines": []}, "BaseAPIClient._make_request": {"executed_lines": [168, 171, 173, 180, 188, 189], "summary": {"covered_lines": 6, "num_statements": 6, "percent_covered": 100.0, "percent_covered_display": "100", "missing_lines": 0, "excluded_lines": 0}, "missing_lines": [], "excluded_lines": []}, "BaseAPIClient.get": {"executed_lines": [199, 202, 203, 204, 205, 208, 209, 212, 213, 215], "summary": {"covered_lines": 10, "num_statements": 10, "percent_covered": 100.0, "percent_covered_display": "100", "missing_lines": 0, "excluded_lines": 0}, "missing_lines": [], "excluded_lines": []}, "BaseAPIClient.post": {"executed_lines": [224, 227], "summary": {"covered_lines": 2, "num_statements": 2, "percent_covered": 100.0, "percent_covered_display": "100", "missing_lines": 0, "excluded_lines": 0}, "missing_lines": [], "excluded_lines": []}, "": {"executed_lines": [1, 3, 4, 5, 6, 7, 8, 10, 11, 12, 13, 19, 22, 23, 25, 36, 51, 52, 54, 96, 97, 104, 116, 125, 142, 155, 160, 191, 217], "summary": {"covered_lines": 26, "num_statements": 26, "percent_covered": 100.0, "percent_covered_display": "100", "missing_lines": 0, "excluded_lines": 0}, "missing_lines": [], "excluded_lines": []}}, "classes": {"RateLimiter": {"executed_lines": [32, 33, 34, 38, 40, 42, 44, 45, 46, 48], "summary": {"covered_lines": 10, "num_statements": 10, "percent_covered": 100.0, "percent_covered_display": "100", "missing_lines": 0, "excluded_lines": 0}, "missing_lines": [], "excluded_lines": []}, "BaseAPIClient": {"executed_lines": [73, 74, 75, 76, 77, 80, 83, 84, 89, 90, 91, 94, 99, 106, 110, 113, 114, 118, 119, 122, 123, 127, 128, 131, 132, 133, 134, 135, 136, 140, 144, 145, 148, 149, 150, 151, 152, 153, 168, 171, 173, 180, 188, 189, 199, 202, 203, 204, 205, 208, 209, 212, 213, 215, 224, 227], "summary": {"covered_lines": 56, "num_statements": 61, "percent_covered": 91.80327868852459, "percent_covered_display": "92", "missing_lines": 5, "excluded_lines": 0}, "missing_lines": [107, 129, 137, 138, 146], "excluded_lines": []}, "": {"executed_lines": [1, 3, 4, 5, 6, 7, 8, 10, 11, 12, 13, 19, 22, 23, 25, 36, 51, 52, 54, 96, 97, 104, 116, 125, 142, 155, 160, 191, 217], "summary": {"covered_lines": 26, "num_statements": 26, "percent_covered": 100.0, "percent_covered_display": "100", "missing_lines": 0, "excluded_lines": 0}, "missing_lines": [], "excluded_lines": []}}}, "scripts/harvest/cve_client.py": {"executed_lines": [1, 3, 4, 5, 7, 8, 10, 11, 21, 22, 24, 31, 32, 38, 40, 42, 43, 44, 45, 47, 62, 63, 65, 70, 71, 73, 74, 75, 77, 78, 79, 81, 82, 88, 90, 91, 94, 95, 96, 98, 100, 101, 102, 104, 105, 107, 116, 117, 120, 121, 122, 125, 126, 134, 135, 138, 139, 141, 144, 145, 146, 154, 156, 163, 166, 169, 194, 195, 196, 199, 200, 201, 202, 210, 216, 218, 225, 226, 229, 230, 231, 233, 234, 235, 236, 237, 238, 253, 256, 257, 258, 259, 262, 263, 264, 269, 272, 276, 277, 278, 280, 281, 282, 284, 289, 290, 291, 294, 318, 320, 321, 326, 328, 342, 343, 345, 346, 347, 348, 350, 356], "summary": {"covered_lines": 119, "num_statements": 130, "percent_covered": 91.53846153846153, "percent_covered_display": "92", "missing_lines": 11, "excluded_lines": 0}, "missing_lines": [170, 171, 179, 181, 188, 191, 203, 204, 205, 206, 208], "excluded_lines": [], "functions": {"CVEClient.__init__": {"executed_lines": [31, 32, 38], "summary": {"covered_lines": 3, "num_statements": 3, "percent_covered": 100.0, "percent_covered_display": "100", "missing_lines": 0, "excluded_lines": 0}, "missing_lines": [], "excluded_lines": []}, "CVEClient.get_headers": {"executed_lines": [42, 43, 44, 45], "summary": {"covered_lines": 4, "num_statements": 4, "percent_covered": 100.0, "percent_covered_display": "100", "missing_lines": 0, "excluded_lines": 0}, "missing_lines": [], "excluded_lines": []}, "CVEClient.fetch_recent_cves": {"executed_lines": [62, 63, 65, 70, 71, 73, 74, 75, 77, 78, 79, 81, 82, 88, 90, 91, 94, 95, 96, 98, 100, 101, 102, 104, 105], "summary": {"covered_lines": 25, "num_statements": 25, "percent_covered": 100.0, "percent_covered_display": "100", "missing_lines": 0, "excluded_lines": 0}, "missing_lines": [], "excluded_lines": []}, "CVEClient.parse_cve_record": {"executed_lines": [116, 117, 120, 121, 122, 125, 126, 134, 135, 138, 139, 141, 144, 145, 146, 154, 156, 163, 166, 169, 194, 195, 196, 199, 200, 201, 202, 210, 216, 218, 225, 226, 229, 230, 231, 233, 234, 235, 236, 237, 238, 253, 256, 257, 258, 259, 262, 263, 264, 269, 272, 276, 277, 278, 280, 281, 282, 284, 289, 290, 291, 294, 318, 320, 321, 326], "summary": {"covered_lines": 66, "num_statements": 77, "percent_covered": 85.71428571428571, "percent_covered_display": "86", "missing_lines": 11, "excluded_lines": 0}, "missing_lines": [170, 171, 179, 181, 188, 191, 203, 204, 205, 206, 208], "excluded_lines": []}, "CVEClient.fetch_and_parse_recent_cves": {"executed_lines": [342, 343, 345, 346, 347, 348, 350, 356], "summary": {"covered_lines": 8, "num_statements": 8, "percent_covered": 100.0, "percent_covered_display": "100", "missing_lines": 0, "excluded_lines": 0}, "missing_lines": [], "excluded_lines": []}, "": {"executed_lines": [1, 3, 4, 5, 7, 8, 10, 11, 21, 22, 24, 40, 47, 107, 328], "summary": {"covered_lines": 13, "num_statements": 13, "percent_covered": 100.0, "percent_covered_display": "100", "missing_lines": 0, "excluded_lines": 0}, "missing_lines": [], "excluded_lines": []}}, "classes": {"CVEClient": {"executed_lines": [31, 32, 38, 42, 43, 44, 45, 62, 63, 65, 70, 71, 73, 74, 75, 77, 78, 79, 81, 82, 88, 90, 91, 94, 95, 96, 98, 100, 101, 102, 104, 105, 116, 117, 120, 121, 122, 125, 126, 134, 135, 138, 139, 141, 144, 145, 146, 154, 156, 163, 166, 169, 194, 195, 196, 199, 200, 201, 202, 210, 216, 218, 225, 226, 229, 230, 231, 233, 234, 235, 236, 237, 238, 253, 256, 257, 258, 259, 262, 263, 264, 269, 272, 276, 277, 278, 280, 281, 282, 284, 289, 290, 291, 294, 318, 320, 321, 326, 342, 343, 345, 346, 347, 348, 350, 356], "summary": {"covered_lines": 106, "num_statements": 117, "percent_covered": 90.5982905982906, "percent_covered_display": "91", "missing_lines": 11, "excluded_lines": 0}, "missing_lines": [170, 171, 179, 181, 188, 191, 203, 204, 205, 206, 208], "excluded_lines": []}, "": {"executed_lines": [1, 3, 4, 5, 7, 8, 10, 11, 21, 22, 24, 40, 47, 107, 328], "summary": {"covered_lines": 13, "num_statements": 13, "percent_covered": 100.0, "percent_covered_display": "100", "missing_lines": 0, "excluded_lines": 0}, "missing_lines": [], "excluded_lines": []}}}, "scripts/harvest/cvelist_client.py": {"executed_lines": [1, 3, 4, 5, 6, 7, 8, 9, 10, 12, 13, 14, 16, 17, 25, 26, 29, 30, 32, 33, 34, 36, 53, 59, 60, 61, 62, 63, 66, 67, 69, 72, 74, 80, 81, 82, 84, 86, 88, 91, 92, 95, 98, 101, 102, 103, 105, 121, 122, 124, 127, 129, 131, 132, 137, 139, 145, 149, 150, 153, 156, 157, 166, 167, 168, 169, 170, 177, 179, 191, 193, 194, 196, 201, 204, 213, 215, 218, 223, 224, 227, 229, 230, 234, 235, 236, 237, 238, 239, 240, 241, 245, 247, 256, 257, 258, 259, 260, 261, 262, 263, 265, 278, 279, 282, 291, 292, 293, 294, 295, 296, 297, 300, 303, 304, 305, 315, 316, 318, 320, 329, 331, 332, 333, 334, 337, 338, 341, 342, 343, 344, 345, 346, 347, 351, 354, 357, 364, 365, 366, 367, 368, 369, 372, 380, 381, 382, 383, 384, 387, 390, 391, 394, 395, 398, 401, 406, 411, 412, 413, 418, 421, 422, 423, 427, 430, 431, 432, 433, 434, 437, 463, 465, 466, 470, 472, 482, 483, 484, 494, 495, 496, 505, 507, 516, 517, 518, 519, 520, 521, 523, 533, 535, 536, 539, 540, 545, 546, 547, 550, 551, 552, 566, 567, 571, 576, 581, 585, 586, 597, 610, 612, 614, 619, 620, 622, 629, 635, 642, 643, 644, 645, 646, 647, 648, 650, 654, 670, 689, 690, 691, 692, 693, 695, 699, 705, 709, 722, 725, 726, 727, 732, 736, 738, 756, 758, 760, 766, 769, 771, 772, 773, 774, 776, 778, 780, 784, 786, 787, 789, 792, 793, 794, 796, 798, 799, 809, 820, 827, 829, 849, 852, 854, 860, 864, 865, 866, 868, 869, 872, 878, 879, 882, 883, 885, 886, 896, 898, 911, 912, 913, 916, 917, 921, 922, 925, 926, 930, 934, 938, 947, 948, 951, 953, 971, 974, 981, 983, 984, 986, 987, 988, 989, 991, 995, 997, 998], "summary": {"covered_lines": 315, "num_statements": 362, "percent_covered": 87.01657458563535, "percent_covered_display": "87", "missing_lines": 47, "excluded_lines": 0}, "missing_lines": [70, 89, 161, 162, 221, 242, 243, 306, 307, 308, 309, 312, 348, 542, 557, 562, 563, 573, 588, 590, 591, 595, 631, 656, 657, 661, 662, 663, 664, 665, 666, 668, 696, 697, 812, 822, 823, 875, 887, 891, 892, 918, 931, 942, 943, 945, 972], "excluded_lines": [], "functions": {"CVEListClient.__init__": {"executed_lines": [53, 59, 60, 61, 62, 63, 66, 67, 69], "summary": {"covered_lines": 9, "num_statements": 10, "percent_covered": 90.0, "percent_covered_display": "90", "missing_lines": 1, "excluded_lines": 0}, "missing_lines": [70], "excluded_lines": []}, "CVEListClient.get_headers": {"executed_lines": [74, 80, 81, 82, 84], "summary": {"covered_lines": 5, "num_statements": 5, "percent_covered": 100.0, "percent_covered_display": "100", "missing_lines": 0, "excluded_lines": 0}, "missing_lines": [], "excluded_lines": []}, "CVEListClient._ensure_local_repo": {"executed_lines": [88, 91, 92, 95, 98, 101, 102, 103], "summary": {"covered_lines": 8, "num_statements": 9, "percent_covered": 88.88888888888889, "percent_covered_display": "89", "missing_lines": 1, "excluded_lines": 0}, "missing_lines": [89], "excluded_lines": []}, "CVEListClient.fetch_cves_for_year": {"executed_lines": [121, 122, 124, 127, 129, 131, 132, 137, 139, 145, 149, 150, 153, 156, 157, 166, 167, 168, 169, 170, 177], "summary": {"covered_lines": 21, "num_statements": 23, "percent_covered": 91.30434782608695, "percent_covered_display": "91", "missing_lines": 2, "excluded_lines": 0}, "missing_lines": [161, 162], "excluded_lines": []}, "CVEListClient._fetch_cves_from_directory": {"executed_lines": [191, 193, 194, 196, 201, 204, 213, 215, 218, 223, 224, 227, 229, 230, 234, 235, 236, 237, 238, 239, 240, 241, 245], "summary": {"covered_lines": 23, "num_statements": 26, "percent_covered": 88.46153846153847, "percent_covered_display": "88", "missing_lines": 3, "excluded_lines": 0}, "missing_lines": [221, 242, 243], "excluded_lines": []}, "CVEListClient._fetch_cve_file": {"executed_lines": [256, 257, 258, 259, 260, 261, 262, 263], "summary": {"covered_lines": 8, "num_statements": 8, "percent_covered": 100.0, "percent_covered_display": "100", "missing_lines": 0, "excluded_lines": 0}, "missing_lines": [], "excluded_lines": []}, "CVEListClient._meets_severity_threshold": {"executed_lines": [278, 279, 282, 291, 292, 293, 294, 295, 296, 297, 300, 303, 304, 305, 315, 316, 318], "summary": {"covered_lines": 17, "num_statements": 22, "percent_covered": 77.27272727272727, "percent_covered_display": "77", "missing_lines": 5, "excluded_lines": 0}, "missing_lines": [306, 307, 308, 309, 312], "excluded_lines": []}, "CVEListClient.parse_cve_v5_record": {"executed_lines": [329, 331, 332, 333, 334, 337, 338, 341, 342, 343, 344, 345, 346, 347, 351, 354, 357, 364, 365, 366, 367, 368, 369, 372, 380, 381, 382, 383, 384, 387, 390, 391, 394, 395, 398, 401, 406, 411, 412, 413, 418, 421, 422, 423, 427, 430, 431, 432, 433, 434, 437, 463, 465, 466, 470], "summary": {"covered_lines": 55, "num_statements": 56, "percent_covered": 98.21428571428571, "percent_covered_display": "98", "missing_lines": 1, "excluded_lines": 0}, "missing_lines": [348], "excluded_lines": []}, "CVEListClient._parse_cvss_metric": {"executed_lines": [482, 483, 484, 494, 495, 496, 505], "summary": {"covered_lines": 7, "num_statements": 7, "percent_covered": 100.0, "percent_covered_display": "100", "missing_lines": 0, "excluded_lines": 0}, "missing_lines": [], "excluded_lines": []}, "CVEListClient._get_cve_subdir": {"executed_lines": [516, 517, 518, 519, 520, 521], "summary": {"covered_lines": 6, "num_statements": 6, "percent_covered": 100.0, "percent_covered_display": "100", "missing_lines": 0, "excluded_lines": 0}, "missing_lines": [], "excluded_lines": []}, "CVEListClient._should_skip_cve": {"executed_lines": [533, 535, 536, 539, 540, 545, 546, 547, 550, 551, 552, 566, 567, 571, 576, 581, 585, 586], "summary": {"covered_lines": 18, "num_statements": 27, "percent_covered": 66.66666666666667, "percent_covered_display": "67", "missing_lines": 9, "excluded_lines": 0}, "missing_lines": [542, 557, 562, 563, 573, 588, 590, 591, 595], "excluded_lines": []}, "CVEListClient._fetch_cves_from_releases": {"executed_lines": [610, 612, 614, 619, 620, 622, 629, 635, 642, 643, 644, 645, 646, 647, 648, 650, 654], "summary": {"covered_lines": 17, "num_statements": 27, "percent_covered": 62.96296296296296, "percent_covered_display": "63", "missing_lines": 10, "excluded_lines": 0}, "missing_lines": [631, 656, 657, 661, 662, 663, 664, 665, 666, 668], "excluded_lines": []}, "CVEListClient._process_midnight_file": {"executed_lines": [689, 690, 691, 692, 693, 695, 699, 705], "summary": {"covered_lines": 8, "num_statements": 10, "percent_covered": 80.0, "percent_covered_display": "80", "missing_lines": 2, "excluded_lines": 0}, "missing_lines": [696, 697], "excluded_lines": []}, "CVEListClient._process_delta_files": {"executed_lines": [722, 725, 726, 727, 732, 736], "summary": {"covered_lines": 6, "num_statements": 6, "percent_covered": 100.0, "percent_covered_display": "100", "missing_lines": 0, "excluded_lines": 0}, "missing_lines": [], "excluded_lines": []}, "CVEListClient._download_and_process_zip": {"executed_lines": [756, 758, 760, 766, 769, 771, 772, 773, 774, 776, 778, 780, 784, 786, 787, 789, 792, 793, 794, 796, 798, 799, 809, 820, 827], "summary": {"covered_lines": 25, "num_statements": 28, "percent_covered": 89.28571428571429, "percent_covered_display": "89", "missing_lines": 3, "excluded_lines": 0}, "missing_lines": [812, 822, 823], "excluded_lines": []}, "CVEListClient._process_zip_contents": {"executed_lines": [849, 852, 854, 860, 864, 865, 866, 868, 869, 872, 878, 879, 882, 883, 885, 886, 896], "summary": {"covered_lines": 17, "num_statements": 21, "percent_covered": 80.95238095238095, "percent_covered_display": "81", "missing_lines": 4, "excluded_lines": 0}, "missing_lines": [875, 887, 891, 892], "excluded_lines": []}, "CVEListClient._should_skip_cve_in_zip": {"executed_lines": [911, 912, 913, 916, 917, 921, 922, 925, 926, 930, 934, 938, 947, 948, 951], "summary": {"covered_lines": 15, "num_statements": 20, "percent_covered": 75.0, "percent_covered_display": "75", "missing_lines": 5, "excluded_lines": 0}, "missing_lines": [918, 931, 942, 943, 945], "excluded_lines": []}, "CVEListClient.harvest": {"executed_lines": [971, 974, 981, 983, 984, 986, 987, 988, 989, 991, 995, 997, 998], "summary": {"covered_lines": 13, "num_statements": 14, "percent_covered": 92.85714285714286, "percent_covered_display": "93", "missing_lines": 1, "excluded_lines": 0}, "missing_lines": [972], "excluded_lines": []}, "": {"executed_lines": [1, 3, 4, 5, 6, 7, 8, 9, 10, 12, 13, 14, 16, 17, 25, 26, 29, 30, 32, 33, 34, 36, 72, 86, 105, 179, 247, 265, 320, 472, 507, 523, 597, 670, 709, 738, 829, 898, 953], "summary": {"covered_lines": 37, "num_statements": 37, "percent_covered": 100.0, "percent_covered_display": "100", "missing_lines": 0, "excluded_lines": 0}, "missing_lines": [], "excluded_lines": []}}, "classes": {"CVEListClient": {"executed_lines": [53, 59, 60, 61, 62, 63, 66, 67, 69, 74, 80, 81, 82, 84, 88, 91, 92, 95, 98, 101, 102, 103, 121, 122, 124, 127, 129, 131, 132, 137, 139, 145, 149, 150, 153, 156, 157, 166, 167, 168, 169, 170, 177, 191, 193, 194, 196, 201, 204, 213, 215, 218, 223, 224, 227, 229, 230, 234, 235, 236, 237, 238, 239, 240, 241, 245, 256, 257, 258, 259, 260, 261, 262, 263, 278, 279, 282, 291, 292, 293, 294, 295, 296, 297, 300, 303, 304, 305, 315, 316, 318, 329, 331, 332, 333, 334, 337, 338, 341, 342, 343, 344, 345, 346, 347, 351, 354, 357, 364, 365, 366, 367, 368, 369, 372, 380, 381, 382, 383, 384, 387, 390, 391, 394, 395, 398, 401, 406, 411, 412, 413, 418, 421, 422, 423, 427, 430, 431, 432, 433, 434, 437, 463, 465, 466, 470, 482, 483, 484, 494, 495, 496, 505, 516, 517, 518, 519, 520, 521, 533, 535, 536, 539, 540, 545, 546, 547, 550, 551, 552, 566, 567, 571, 576, 581, 585, 586, 610, 612, 614, 619, 620, 622, 629, 635, 642, 643, 644, 645, 646, 647, 648, 650, 654, 689, 690, 691, 692, 693, 695, 699, 705, 722, 725, 726, 727, 732, 736, 756, 758, 760, 766, 769, 771, 772, 773, 774, 776, 778, 780, 784, 786, 787, 789, 792, 793, 794, 796, 798, 799, 809, 820, 827, 849, 852, 854, 860, 864, 865, 866, 868, 869, 872, 878, 879, 882, 883, 885, 886, 896, 911, 912, 913, 916, 917, 921, 922, 925, 926, 930, 934, 938, 947, 948, 951, 971, 974, 981, 983, 984, 986, 987, 988, 989, 991, 995, 997, 998], "summary": {"covered_lines": 278, "num_statements": 325, "percent_covered": 85.53846153846153, "percent_covered_display": "86", "missing_lines": 47, "excluded_lines": 0}, "missing_lines": [70, 89, 161, 162, 221, 242, 243, 306, 307, 308, 309, 312, 348, 542, 557, 562, 563, 573, 588, 590, 591, 595, 631, 656, 657, 661, 662, 663, 664, 665, 666, 668, 696, 697, 812, 822, 823, 875, 887, 891, 892, 918, 931, 942, 943, 945, 972], "excluded_lines": []}, "": {"executed_lines": [1, 3, 4, 5, 6, 7, 8, 9, 10, 12, 13, 14, 16, 17, 25, 26, 29, 30, 32, 33, 34, 36, 72, 86, 105, 179, 247, 265, 320, 472, 507, 523, 597, 670, 709, 738, 829, 898, 953], "summary": {"covered_lines": 37, "num_statements": 37, "percent_covered": 100.0, "percent_covered_display": "100", "missing_lines": 0, "excluded_lines": 0}, "missing_lines": [], "excluded_lines": []}}}, "scripts/harvest/epss_client.py": {"executed_lines": [1, 3, 4, 5, 6, 7, 9, 10, 11, 13, 14, 17, 18, 20, 26, 32, 34, 36, 37, 38, 40, 54, 56, 58, 60, 63, 64, 66, 67, 70, 74, 75, 76, 79, 80, 86, 94, 100, 102, 103, 104, 106, 130, 144, 148, 150, 151, 154, 155, 158, 159, 161, 163, 164, 166, 168, 179, 180, 183, 184, 189, 197, 203, 209], "summary": {"covered_lines": 62, "num_statements": 89, "percent_covered": 69.66292134831461, "percent_covered_display": "70", "missing_lines": 27, "excluded_lines": 0}, "missing_lines": [61, 77, 87, 88, 120, 123, 124, 125, 126, 128, 145, 146, 170, 171, 172, 177, 181, 190, 191, 205, 206, 207, 224, 227, 234, 236, 243], "excluded_lines": [], "functions": {"EPSSClient.__init__": {"executed_lines": [26, 32], "summary": {"covered_lines": 2, "num_statements": 2, "percent_covered": 100.0, "percent_covered_display": "100", "missing_lines": 0, "excluded_lines": 0}, "missing_lines": [], "excluded_lines": []}, "EPSSClient.get_headers": {"executed_lines": [36, 37, 38], "summary": {"covered_lines": 3, "num_statements": 3, "percent_covered": 100.0, "percent_covered_display": "100", "missing_lines": 0, "excluded_lines": 0}, "missing_lines": [], "excluded_lines": []}, "EPSSClient.fetch_epss_scores": {"executed_lines": [54, 56, 58, 60, 63, 64, 66, 67, 70, 74, 75, 76, 79, 80, 86, 94, 100, 102, 103, 104], "summary": {"covered_lines": 20, "num_statements": 24, "percent_covered": 83.33333333333333, "percent_covered_display": "83", "missing_lines": 4, "excluded_lines": 0}, "missing_lines": [61, 77, 87, 88], "excluded_lines": []}, "EPSSClient.fetch_epss_scores_bulk": {"executed_lines": [], "summary": {"covered_lines": 0, "num_statements": 6, "percent_covered": 0.0, "percent_covered_display": "0", "missing_lines": 6, "excluded_lines": 0}, "missing_lines": [120, 123, 124, 125, 126, 128], "excluded_lines": []}, "EPSSClient.fetch_daily_epss_file": {"executed_lines": [144, 148, 150, 151, 154, 155, 158, 159, 161, 163, 164, 166, 168, 179, 180, 183, 184, 189, 197, 203], "summary": {"covered_lines": 20, "num_statements": 32, "percent_covered": 62.5, "percent_covered_display": "62", "missing_lines": 12, "excluded_lines": 0}, "missing_lines": [145, 146, 170, 171, 172, 177, 181, 190, 191, 205, 206, 207], "excluded_lines": []}, "EPSSClient.get_high_risk_cves": {"executed_lines": [], "summary": {"covered_lines": 0, "num_statements": 5, "percent_covered": 0.0, "percent_covered_display": "0", "missing_lines": 5, "excluded_lines": 0}, "missing_lines": [224, 227, 234, 236, 243], "excluded_lines": []}, "": {"executed_lines": [1, 3, 4, 5, 6, 7, 9, 10, 11, 13, 14, 17, 18, 20, 34, 40, 106, 130, 209], "summary": {"covered_lines": 17, "num_statements": 17, "percent_covered": 100.0, "percent_covered_display": "100", "missing_lines": 0, "excluded_lines": 0}, "missing_lines": [], "excluded_lines": []}}, "classes": {"EPSSClient": {"executed_lines": [26, 32, 36, 37, 38, 54, 56, 58, 60, 63, 64, 66, 67, 70, 74, 75, 76, 79, 80, 86, 94, 100, 102, 103, 104, 144, 148, 150, 151, 154, 155, 158, 159, 161, 163, 164, 166, 168, 179, 180, 183, 184, 189, 197, 203], "summary": {"covered_lines": 45, "num_statements": 72, "percent_covered": 62.5, "percent_covered_display": "62", "missing_lines": 27, "excluded_lines": 0}, "missing_lines": [61, 77, 87, 88, 120, 123, 124, 125, 126, 128, 145, 146, 170, 171, 172, 177, 181, 190, 191, 205, 206, 207, 224, 227, 234, 236, 243], "excluded_lines": []}, "": {"executed_lines": [1, 3, 4, 5, 6, 7, 9, 10, 11, 13, 14, 17, 18, 20, 34, 40, 106, 130, 209], "summary": {"covered_lines": 17, "num_statements": 17, "percent_covered": 100.0, "percent_covered_display": "100", "missing_lines": 0, "excluded_lines": 0}, "missing_lines": [], "excluded_lines": []}}}, "scripts/harvest/github_advisory_client.py": {"executed_lines": [1, 3, 4, 5, 7, 8, 10, 11, 21, 22, 24, 26, 32, 38, 40, 42, 48, 49, 50, 52, 56, 58, 76, 77, 78, 79, 80, 82, 83, 85, 133, 149, 150, 152, 153, 154, 161, 163, 164, 165, 167, 168, 169, 172, 173, 176, 178, 180, 184, 186, 195, 197, 198, 200, 201, 202, 203, 206, 207, 210, 213, 218, 224, 229, 230, 231, 233, 239, 242, 243, 245, 246, 247, 248, 250, 251, 252, 253, 256, 257, 258, 259, 260, 269, 278, 279, 280, 281, 282, 285, 308, 317, 333, 341, 348, 351, 358, 359, 360, 362, 363, 367, 390, 397, 398, 399, 400, 402, 406], "summary": {"covered_lines": 107, "num_statements": 123, "percent_covered": 86.99186991869918, "percent_covered_display": "87", "missing_lines": 16, "excluded_lines": 0}, "missing_lines": [181, 182, 310, 311, 315, 364, 369, 370, 378, 379, 380, 381, 383, 387, 408, 411], "excluded_lines": [], "functions": {"GitHubAdvisoryClient.__init__": {"executed_lines": [32, 38], "summary": {"covered_lines": 2, "num_statements": 2, "percent_covered": 100.0, "percent_covered_display": "100", "missing_lines": 0, "excluded_lines": 0}, "missing_lines": [], "excluded_lines": []}, "GitHubAdvisoryClient.get_headers": {"executed_lines": [42, 48, 49, 50, 52, 56], "summary": {"covered_lines": 6, "num_statements": 6, "percent_covered": 100.0, "percent_covered_display": "100", "missing_lines": 0, "excluded_lines": 0}, "missing_lines": [], "excluded_lines": []}, "GitHubAdvisoryClient._construct_query": {"executed_lines": [76, 77, 78, 79, 80, 82, 83, 85], "summary": {"covered_lines": 8, "num_statements": 8, "percent_covered": 100.0, "percent_covered_display": "100", "missing_lines": 0, "excluded_lines": 0}, "missing_lines": [], "excluded_lines": []}, "GitHubAdvisoryClient.fetch_advisories": {"executed_lines": [149, 150, 152, 153, 154, 161, 163, 164, 165, 167, 168, 169, 172, 173, 176, 178, 180, 184], "summary": {"covered_lines": 18, "num_statements": 20, "percent_covered": 90.0, "percent_covered_display": "90", "missing_lines": 2, "excluded_lines": 0}, "missing_lines": [181, 182], "excluded_lines": []}, "GitHubAdvisoryClient.parse_advisory": {"executed_lines": [195, 197, 198, 200, 201, 202, 203, 206, 207, 210, 213, 218, 224, 229, 230, 231, 233, 239, 242, 243, 245, 246, 247, 248, 250, 251, 252, 253, 256, 257, 258, 259, 260, 269, 278, 279, 280, 281, 282, 285, 308], "summary": {"covered_lines": 41, "num_statements": 44, "percent_covered": 93.18181818181819, "percent_covered_display": "93", "missing_lines": 3, "excluded_lines": 0}, "missing_lines": [310, 311, 315], "excluded_lines": []}, "GitHubAdvisoryClient.harvest": {"executed_lines": [333, 341, 348, 351, 358, 359, 360, 362, 363, 367, 390, 397, 398, 399, 400, 402, 406], "summary": {"covered_lines": 17, "num_statements": 28, "percent_covered": 60.714285714285715, "percent_covered_display": "61", "missing_lines": 11, "excluded_lines": 0}, "missing_lines": [364, 369, 370, 378, 379, 380, 381, 383, 387, 408, 411], "excluded_lines": []}, "": {"executed_lines": [1, 3, 4, 5, 7, 8, 10, 11, 21, 22, 24, 26, 40, 58, 133, 186, 317], "summary": {"covered_lines": 15, "num_statements": 15, "percent_covered": 100.0, "percent_covered_display": "100", "missing_lines": 0, "excluded_lines": 0}, "missing_lines": [], "excluded_lines": []}}, "classes": {"GitHubAdvisoryClient": {"executed_lines": [32, 38, 42, 48, 49, 50, 52, 56, 76, 77, 78, 79, 80, 82, 83, 85, 149, 150, 152, 153, 154, 161, 163, 164, 165, 167, 168, 169, 172, 173, 176, 178, 180, 184, 195, 197, 198, 200, 201, 202, 203, 206, 207, 210, 213, 218, 224, 229, 230, 231, 233, 239, 242, 243, 245, 246, 247, 248, 250, 251, 252, 253, 256, 257, 258, 259, 260, 269, 278, 279, 280, 281, 282, 285, 308, 333, 341, 348, 351, 358, 359, 360, 362, 363, 367, 390, 397, 398, 399, 400, 402, 406], "summary": {"covered_lines": 92, "num_statements": 108, "percent_covered": 85.18518518518519, "percent_covered_display": "85", "missing_lines": 16, "excluded_lines": 0}, "missing_lines": [181, 182, 310, 311, 315, 364, 369, 370, 378, 379, 380, 381, 383, 387, 408, 411], "excluded_lines": []}, "": {"executed_lines": [1, 3, 4, 5, 7, 8, 10, 11, 21, 22, 24, 26, 40, 58, 133, 186, 317], "summary": {"covered_lines": 15, "num_statements": 15, "percent_covered": 100.0, "percent_covered_display": "100", "missing_lines": 0, "excluded_lines": 0}, "missing_lines": [], "excluded_lines": []}}}, "scripts/harvest/nvd_client.py": {"executed_lines": [1, 3, 4, 5, 6, 8, 10, 11, 19, 20, 23, 24, 26, 28, 36, 37, 40, 45, 46, 48, 55, 58, 59, 61, 63, 68, 71, 73, 152, 231, 275, 483, 494, 559], "summary": {"covered_lines": 32, "num_statements": 203, "percent_covered": 15.763546798029557, "percent_covered_display": "16", "missing_lines": 171, "excluded_lines": 0}, "missing_lines": [69, 91, 92, 95, 96, 98, 105, 106, 107, 114, 115, 117, 118, 119, 121, 122, 127, 128, 129, 132, 133, 134, 136, 139, 141, 142, 147, 149, 150, 170, 171, 174, 175, 177, 184, 185, 186, 193, 194, 196, 197, 198, 200, 201, 206, 207, 208, 211, 212, 213, 215, 218, 220, 221, 226, 228, 229, 240, 245, 247, 248, 249, 250, 251, 253, 254, 255, 257, 258, 261, 263, 264, 268, 270, 273, 286, 287, 288, 289, 292, 293, 294, 297, 298, 299, 300, 301, 302, 303, 304, 307, 314, 315, 317, 322, 329, 330, 331, 332, 333, 334, 336, 339, 340, 341, 342, 352, 355, 356, 359, 360, 363, 366, 371, 374, 377, 378, 379, 380, 381, 391, 394, 395, 398, 401, 404, 407, 411, 414, 417, 422, 423, 424, 429, 432, 433, 434, 435, 436, 437, 440, 441, 442, 443, 444, 445, 448, 474, 476, 477, 481, 485, 492, 510, 512, 519, 521, 522, 525, 534, 535, 536, 539, 541, 545, 547, 551, 552, 554, 557, 563], "excluded_lines": [], "functions": {"NVDClient.__init__": {"executed_lines": [36, 37, 40, 45, 46, 48, 55, 58, 59], "summary": {"covered_lines": 9, "num_statements": 9, "percent_covered": 100.0, "percent_covered_display": "100", "missing_lines": 0, "excluded_lines": 0}, "mi
[...]
210, 212, 213, 214, 215, 217, 218, 219, 221, 223, 225, 226, 229, 230, 239, 241, 259, 261, 262, 264, 266, 267, 268, 304, 306, 308, 309, 311, 312, 314, 315, 318, 340, 341, 345, 347, 349, 350, 351, 352, 356, 358, 361, 362, 364, 366, 368, 369, 370, 371, 373, 376, 377, 379], "summary": {"covered_lines": 85, "num_statements": 121, "percent_covered": 70.24793388429752, "percent_covered_display": "70", "missing_lines": 36, "excluded_lines": 0}, "missing_lines": [231, 232, 233, 234, 235, 236, 237, 243, 244, 247, 248, 249, 250, 252, 253, 254, 255, 257, 269, 271, 274, 276, 279, 282, 284, 287, 292, 293, 298, 300, 302, 342, 343, 353, 354, 355], "excluded_lines": [], "functions": {"VendorProductExtractor.__init__": {"executed_lines": [14, 17, 74], "summary": {"covered_lines": 3, "num_statements": 3, "percent_covered": 100.0, "percent_covered_display": "100", "missing_lines": 0, "excluded_lines": 0}, "missing_lines": [], "excluded_lines": []}, "VendorProductExtractor.extract_vendors_products": {"executed_lines": [166, 167, 170, 171, 172, 175, 176, 177, 180, 181, 182, 185, 186, 187, 190, 191, 193, 200], "summary": {"covered_lines": 18, "num_statements": 18, "percent_covered": 100.0, "percent_covered_display": "100", "missing_lines": 0, "excluded_lines": 0}, "missing_lines": [], "excluded_lines": []}, "VendorProductExtractor._extract_from_affected_data": {"executed_lines": [206, 207, 209, 210, 212, 213, 214, 215, 217, 218, 219, 221], "summary": {"covered_lines": 12, "num_statements": 12, "percent_covered": 100.0, "percent_covered_display": "100", "missing_lines": 0, "excluded_lines": 0}, "missing_lines": [], "excluded_lines": []}, "VendorProductExtractor._extract_from_cpe_data": {"executed_lines": [225, 226, 229, 230, 239], "summary": {"covered_lines": 5, "num_statements": 12, "percent_covered": 41.666666666666664, "percent_covered_display": "42", "missing_lines": 7, "excluded_lines": 0}, "missing_lines": [231, 232, 233, 234, 235, 236, 237], "excluded_lines": []}, "VendorProductExtractor._parse_cpe_string": {"executed_lines": [], "summary": {"covered_lines": 0, "num_statements": 11, "percent_covered": 0.0, "percent_covered_display": "0", "missing_lines": 11, "excluded_lines": 0}, "missing_lines": [243, 244, 247, 248, 249, 250, 252, 253, 254, 255, 257], "excluded_lines": []}, "VendorProductExtractor._extract_from_text": {"executed_lines": [261, 262, 264, 266, 267, 268, 304], "summary": {"covered_lines": 7, "num_statements": 20, "percent_covered": 35.0, "percent_covered_display": "35", "missing_lines": 13, "excluded_lines": 0}, "missing_lines": [269, 271, 274, 276, 279, 282, 284, 287, 292, 293, 298, 300, 302], "excluded_lines": []}, "VendorProductExtractor._extract_from_references": {"executed_lines": [308, 309, 311, 312, 314, 315, 318, 340, 341, 345], "summary": {"covered_lines": 10, "num_statements": 12, "percent_covered": 83.33333333333333, "percent_covered_display": "83", "missing_lines": 2, "excluded_lines": 0}, "missing_lines": [342, 343], "excluded_lines": []}, "VendorProductExtractor._normalize_vendors": {"executed_lines": [349, 350, 351, 352, 356, 358, 361, 362, 364], "summary": {"covered_lines": 9, "num_statements": 12, "percent_covered": 75.0, "percent_covered_display": "75", "missing_lines": 3, "excluded_lines": 0}, "missing_lines": [353, 354, 355], "excluded_lines": []}, "VendorProductExtractor._normalize_products": {"executed_lines": [368, 369, 370, 371, 373, 376, 377, 379], "summary": {"covered_lines": 8, "num_statements": 8, "percent_covered": 100.0, "percent_covered_display": "100", "missing_lines": 0, "excluded_lines": 0}, "missing_lines": [], "excluded_lines": []}, "": {"executed_lines": [1, 3, 4, 6, 9, 10, 12, 153, 202, 223, 241, 259, 306, 347, 366], "summary": {"covered_lines": 13, "num_statements": 13, "percent_covered": 100.0, "percent_covered_display": "100", "missing_lines": 0, "excluded_lines": 0}, "missing_lines": [], "excluded_lines": []}}, "classes": {"VendorProductExtractor": {"executed_lines": [14, 17, 74, 166, 167, 170, 171, 172, 175, 176, 177, 180, 181, 182, 185, 186, 187, 190, 191, 193, 200, 206, 207, 209, 210, 212, 213, 214, 215, 217, 218, 219, 221, 225, 226, 229, 230, 239, 261, 262, 264, 266, 267, 268, 304, 308, 309, 311, 312, 314, 315, 318, 340, 341, 345, 349, 350, 351, 352, 356, 358, 361, 362, 364, 368, 369, 370, 371, 373, 376, 377, 379], "summary": {"covered_lines": 72, "num_statements": 108, "percent_covered": 66.66666666666667, "percent_covered_display": "67", "missing_lines": 36, "excluded_lines": 0}, "missing_lines": [231, 232, 233, 234, 235, 236, 237, 243, 244, 247, 248, 249, 250, 252, 253, 254, 255, 257, 269, 271, 274, 276, 279, 282, 284, 287, 292, 293, 298, 300, 302, 342, 343, 353, 354, 355], "excluded_lines": []}, "": {"executed_lines": [1, 3, 4, 6, 9, 10, 12, 153, 202, 223, 241, 259, 306, 347, 366], "summary": {"covered_lines": 13, "num_statements": 13, "percent_covered": 100.0, "percent_covered_display": "100", "missing_lines": 0, "excluded_lines": 0}, "missing_lines": [], "excluded_lines": []}}}, "scripts/quality/config.py": {"executed_lines": [1, 3, 4, 7, 8, 9, 12, 15, 18, 19, 20, 21, 22, 23, 26, 38, 39, 40, 41, 42, 43, 46, 49, 50, 51, 54, 55, 56, 94, 121, 140, 141, 142, 143, 144, 147, 148, 151, 152, 153, 156, 157, 160, 161, 164, 165, 178, 179, 182, 183, 184, 186, 188, 189, 190, 191, 192, 193, 197, 199, 201, 202, 203, 204, 206, 207, 209, 215, 218, 219, 224, 225, 226, 228, 229, 231, 232, 233, 235, 236, 238, 240, 242, 246, 250, 251, 252, 256], "summary": {"covered_lines": 86, "num_statements": 94, "percent_covered": 91.48936170212765, "percent_covered_display": "91", "missing_lines": 8, "excluded_lines": 0}, "missing_lines": [185, 187, 227, 234, 239, 241, 243, 247], "excluded_lines": [], "functions": {"DataQualityConfig.from_dict": {"executed_lines": [182, 183, 184, 186, 188, 189, 190, 191, 192, 193, 197], "summary": {"covered_lines": 11, "num_statements": 13, "percent_covered": 84.61538461538461, "percent_covered_display": "85", "missing_lines": 2, "excluded_lines": 0}, "missing_lines": [185, 187], "excluded_lines": []}, "DataQualityConfig.to_dict": {"executed_lines": [201, 202, 203, 204, 206, 207], "summary": {"covered_lines": 6, "num_statements": 6, "percent_covered": 100.0, "percent_covered_display": "100", "missing_lines": 0, "excluded_lines": 0}, "missing_lines": [], "excluded_lines": []}, "DataQualityConfig.validate": {"executed_lines": [215, 218, 219, 224, 225, 226, 228, 229, 231, 232, 233, 235, 236, 238, 240, 242, 246, 250, 251, 252, 256], "summary": {"covered_lines": 21, "num_statements": 27, "percent_covered": 77.77777777777777, "percent_covered_display": "78", "missing_lines": 6, "excluded_lines": 0}, "missing_lines": [227, 234, 239, 241, 243, 247], "excluded_lines": []}, "": {"executed_lines": [1, 3, 4, 7, 8, 9, 12, 15, 18, 19, 20, 21, 22, 23, 26, 38, 39, 40, 41, 42, 43, 46, 49, 50, 51, 54, 55, 56, 94, 121, 140, 141, 142, 143, 144, 147, 148, 151, 152, 153, 156, 157, 160, 161, 164, 165, 178, 179, 199, 209], "summary": {"covered_lines": 48, "num_statements": 48, "percent_covered": 100.0, "percent_covered_display": "100", "missing_lines": 0, "excluded_lines": 0}, "missing_lines": [], "excluded_lines": []}}, "classes": {"DataQualityConfig": {"executed_lines": [182, 183, 184, 186, 188, 189, 190, 191, 192, 193, 197, 201, 202, 203, 204, 206, 207, 215, 218, 219, 224, 225, 226, 228, 229, 231, 232, 233, 235, 236, 238, 240, 242, 246, 250, 251, 252, 256], "summary": {"covered_lines": 38, "num_statements": 46, "percent_covered": 82.6086956521739, "percent_covered_display": "83", "missing_lines": 8, "excluded_lines": 0}, "missing_lines": [185, 187, 227, 234, 239, 241, 243, 247], "excluded_lines": []}, "": {"executed_lines": [1, 3, 4, 7, 8, 9, 12, 15, 18, 19, 20, 21, 22, 23, 26, 38, 39, 40, 41, 42, 43, 46, 49, 50, 51, 54, 55, 56, 94, 121, 140, 141, 142, 143, 144, 147, 148, 151, 152, 153, 156, 157, 160, 161, 164, 165, 178, 179, 199, 209], "summary": {"covered_lines": 48, "num_statements": 48, "percent_covered": 100.0, "percent_covered_display": "100", "missing_lines": 0, "excluded_lines": 0}, "missing_lines": [], "excluded_lines": []}}}, "scripts/quality/validator.py": {"executed_lines": [1, 3, 4, 5, 7, 9, 10, 13, 14, 16, 22, 23, 24, 27, 28, 31, 42, 43, 44, 47, 48, 49, 52, 53, 54, 55, 57, 62, 63, 65, 70, 71, 76, 77, 79, 80, 81, 83, 84, 88, 89, 92, 94, 95, 98, 107, 108, 109, 112, 114, 116, 117, 123, 124, 125, 128, 130, 132, 135, 136, 137, 138, 141, 142, 145, 147, 148, 151, 152, 157, 162, 167, 169, 174, 175, 176, 178, 184, 185, 186, 188, 189, 190, 193, 196, 199, 200, 204, 205, 207, 221, 223, 224, 225, 227, 229, 240, 241, 251, 252, 253, 255, 257, 262, 263, 271, 272, 273, 274, 275, 278, 279, 280, 281, 282, 285, 286, 287, 292, 295, 296, 297, 299, 301, 312, 313, 315, 316, 338, 342, 354, 357, 360, 368, 369, 373, 377, 378, 382, 401, 405, 408, 413, 419, 424, 425, 429], "summary": {"covered_lines": 145, "num_statements": 169, "percent_covered": 85.79881656804734, "percent_covered_display": "86", "missing_lines": 24, "excluded_lines": 0}, "missing_lines": [29, 59, 64, 67, 96, 104, 118, 143, 158, 163, 170, 179, 258, 259, 264, 265, 268, 288, 289, 370, 374, 409, 414, 420], "excluded_lines": [], "functions": {"DataQualityValidator.__init__": {"executed_lines": [22, 23, 24, 27, 28], "summary": {"covered_lines": 5, "num_statements": 6, "percent_covered": 83.33333333333333, "percent_covered_display": "83", "missing_lines": 1, "excluded_lines": 0}, "missing_lines": [29], "excluded_lines": []}, "DataQualityValidator.validate_vulnerability": {"executed_lines": [42, 43, 44, 47, 48, 49, 52, 53, 54, 55, 57, 62, 63, 65, 70, 71, 76, 77, 79, 80, 81, 83, 84, 88, 89, 92, 94, 95, 98, 107, 108, 109, 112, 114, 116, 117, 123, 124, 125, 128, 130, 132, 135, 136, 137, 138, 141, 142, 145, 147, 148, 151, 152, 157, 162, 167, 169, 174, 175, 176, 178, 184, 185, 186, 188, 189, 190, 193, 196, 199, 200, 204, 205], "summary": {"covered_lines": 73, "num_statements": 84, "percent_covered": 86.9047619047619, "percent_covered_display": "87", "missing_lines": 11, "excluded_lines": 0}, "missing_lines": [59, 64, 67, 96, 104, 118, 143, 158, 163, 170, 179], "excluded_lines": []}, "DataQualityValidator.calculate_quality_score": {"executed_lines": [221, 223, 224, 225, 227], "summary": {"covered_lines": 5, "num_statements": 5, "percent_covered": 100.0, "percent_covered_display": "100", "missing_lines": 0, "excluded_lines": 0}, "missing_lines": [], "excluded_lines": []}, "DataQualityValidator.filter_vulnerabilities": {"executed_lines": [240, 241, 251, 252, 253, 255, 257, 262, 263, 271, 272, 273, 274, 275, 278, 279, 280, 281, 282, 285, 286, 287, 292, 295, 296, 297, 299], "summary": {"covered_lines": 27, "num_statements": 34, "percent_covered": 79.41176470588235, "percent_covered_display": "79", "missing_lines": 7, "excluded_lines": 0}, "missing_lines": [258, 259, 264, 265, 268, 288, 289], "excluded_lines": []}, "DataQualityValidator.check_data_completeness": {"executed_lines": [312, 313, 315, 316, 338], "summary": {"covered_lines": 5, "num_statements": 5, "percent_covered": 100.0, "percent_covered_display": "100", "missing_lines": 0, "excluded_lines": 0}, "missing_lines": [], "excluded_lines": []}, "DataQualityValidator.get_quality_report": {"executed_lines": [354, 357, 360, 368, 369, 373, 377, 378, 382], "summary": {"covered_lines": 9, "num_statements": 11, "percent_covered": 81.81818181818181, "percent_covered_display": "82", "missing_lines": 2, "excluded_lines": 0}, "missing_lines": [370, 374], "excluded_lines": []}, "DataQualityValidator._generate_recommendations": {"executed_lines": [405, 408, 413, 419, 424, 425, 429], "summary": {"covered_lines": 7, "num_statements": 10, "percent_covered": 70.0, "percent_covered_display": "70", "missing_lines": 3, "excluded_lines": 0}, "missing_lines": [409, 414, 420], "excluded_lines": []}, "": {"executed_lines": [1, 3, 4, 5, 7, 9, 10, 13, 14, 16, 31, 207, 229, 301, 342, 401], "summary": {"covered_lines": 14, "num_statements": 14, "percent_covered": 100.0, "percent_covered_display": "100", "missing_lines": 0, "excluded_lines": 0}, "missing_lines": [], "excluded_lines": []}}, "classes": {"DataQualityValidator": {"executed_lines": [22, 23, 24, 27, 28, 42, 43, 44, 47, 48, 49, 52, 53, 54, 55, 57, 62, 63, 65, 70, 71, 76, 77, 79, 80, 81, 83, 84, 88, 89, 92, 94, 95, 98, 107, 108, 109, 112, 114, 116, 117, 123, 124, 125, 128, 130, 132, 135, 136, 137, 138, 141, 142, 145, 147, 148, 151, 152, 157, 162, 167, 169, 174, 175, 176, 178, 184, 185, 186, 188, 189, 190, 193, 196, 199, 200, 204, 205, 221, 223, 224, 225, 227, 240, 241, 251, 252, 253, 255, 257, 262, 263, 271, 272, 273, 274, 275, 278, 279, 280, 281, 282, 285, 286, 287, 292, 295, 296, 297, 299, 312, 313, 315, 316, 338, 354, 357, 360, 368, 369, 373, 377, 378, 382, 405, 408, 413, 419, 424, 425, 429], "summary": {"covered_lines": 131, "num_statements": 155, "percent_covered": 84.51612903225806, "percent_covered_display": "85", "missing_lines": 24, "excluded_lines": 0}, "missing_lines": [29, 59, 64, 67, 96, 104, 118, 143, 158, 163, 170, 179, 258, 259, 264, 265, 268, 288, 289, 370, 374, 409, 414, 420], "excluded_lines": []}, "": {"executed_lines": [1, 3, 4, 5, 7, 9, 10, 13, 14, 16, 31, 207, 229, 301, 342, 401], "summary": {"covered_lines": 14, "num_statements": 14, "percent_covered": 100.0, "percent_covered_display": "100", "missing_lines": 0, "excluded_lines": 0}, "missing_lines": [], "excluded_lines": []}}}, "scripts/storage_optimizer.py": {"executed_lines": [2, 4, 5, 6, 7, 10, 21, 22, 23, 24, 26, 27, 29, 30, 33, 35, 36, 37, 38, 39, 40, 42, 45, 47, 49, 50, 51, 52, 53, 56, 57, 58, 59, 64, 65, 66, 69, 82, 83, 85, 90, 94, 96, 97, 98, 99, 102, 103, 104, 105, 110, 111, 112, 114, 119, 122, 128, 129, 130, 132, 135, 137, 281, 284, 285, 287, 292, 293, 294, 296, 299, 300, 301, 302], "summary": {"covered_lines": 62, "num_statements": 62, "percent_covered": 100.0, "percent_covered_display": "100", "missing_lines": 0, "excluded_lines": 14}, "missing_lines": [], "excluded_lines": [284, 285, 287, 288, 289, 290, 292, 293, 294, 296, 299, 300, 301, 302], "functions": {"optimize_vulnerability_storage": {"executed_lines": [21, 22, 23, 24, 26, 27, 29, 30, 33, 35, 36, 37, 38, 39, 40, 42], "summary": {"covered_lines": 16, "num_statements": 16, "percent_covered": 100.0, "percent_covered_display": "100", "missing_lines": 0, "excluded_lines": 0}, "missing_lines": [], "excluded_lines": []}, "optimize_by_severity_year": {"executed_lines": [47, 49, 50, 51, 52, 53, 56, 57, 58, 59, 64, 65, 66, 69, 82, 83, 85], "summary": {"covered_lines": 17, "num_statements": 17, "percent_covered": 100.0, "percent_covered_display": "100", "missing_lines": 0, "excluded_lines": 0}, "missing_lines": [], "excluded_lines": []}, "optimize_by_size_chunks": {"executed_lines": [94, 96, 97, 98, 99, 102, 103, 104, 105, 110, 111, 112, 114], "summary": {"covered_lines": 13, "num_statements": 13, "percent_covered": 100.0, "percent_covered_display": "100", "missing_lines": 0, "excluded_lines": 0}, "missing_lines": [], "excluded_lines": []}, "optimize_single_file": {"executed_lines": [122, 128, 129, 130, 132], "summary": {"covered_lines": 5, "num_statements": 5, "percent_covered": 100.0, "percent_covered_display": "100", "missing_lines": 0, "excluded_lines": 0}, "missing_lines": [], "excluded_lines": []}, "create_client_viewer": {"executed_lines": [137, 281], "summary": {"covered_lines": 2, "num_statements": 2, "percent_covered": 100.0, "percent_covered_display": "100", "missing_lines": 0, "excluded_lines": 0}, "missing_lines": [], "excluded_lines": []}, "": {"executed_lines": [2, 4, 5, 6, 7, 10, 45, 90, 119, 135, 284, 285, 287, 292, 293, 294, 296, 299, 300, 301, 302], "summary": {"covered_lines": 9, "num_statements": 9, "percent_covered": 100.0, "percent_covered_display": "100", "missing_lines": 0, "excluded_lines": 14}, "missing_lines": [], "excluded_lines": [284, 285, 287, 288, 289, 290, 292, 293, 294, 296, 299, 300, 301, 302]}}, "classes": {"": {"executed_lines": [2, 4, 5, 6, 7, 10, 21, 22, 23, 24, 26, 27, 29, 30, 33, 35, 36, 37, 38, 39, 40, 42, 45, 47, 49, 50, 51, 52, 53, 56, 57, 58, 59, 64, 65, 66, 69, 82, 83, 85, 90, 94, 96, 97, 98, 99, 102, 103, 104, 105, 110, 111, 112, 114, 119, 122, 128, 129, 130, 132, 135, 137, 281, 284, 285, 287, 292, 293, 294, 296, 299, 300, 301, 302], "summary": {"covered_lines": 62, "num_statements": 62, "percent_covered": 100.0, "percent_covered_display": "100", "missing_lines": 0, "excluded_lines": 14}, "missing_lines": [], "excluded_lines": [284, 285, 287, 288, 289, 290, 292, 293, 294, 296, 299, 300, 301, 302]}}}, "scripts/visualize_metrics.py": {"executed_lines": [2, 6, 7, 8, 9, 11, 14, 16, 17, 18, 19, 21, 24, 26, 27, 28, 31, 32, 33, 34, 35, 38, 41, 42, 43, 44, 45, 46, 47, 50, 51, 52, 53, 54, 55, 56, 57, 60, 61, 62, 63, 65, 68, 69, 70, 71, 72, 73, 74, 75, 76, 79, 81, 84, 87, 88, 89, 90, 93, 94, 95, 97, 98, 99, 100, 101, 102, 105, 106, 107, 108, 109, 110, 111, 114, 115, 116, 117, 119, 122, 124, 126, 129, 135, 140, 146, 151, 157, 160, 163, 177, 181, 182, 185, 188, 193, 194, 195, 196, 201], "summary": {"covered_lines": 98, "num_statements": 113, "percent_covered": 86.72566371681415, "percent_covered_display": "87", "missing_lines": 15, "excluded_lines": 2}, "missing_lines": [164, 166, 167, 169, 170, 171, 172, 174, 178, 183, 184, 189, 190, 197, 198], "excluded_lines": [201, 202], "functions": {"format_duration": {"executed_lines": [16, 17, 18, 19, 21], "summary": {"covered_lines": 5, "num_statements": 5, "percent_covered": 100.0, "percent_covered_display": "100", "missing_lines": 0, "excluded_lines": 0}, "missing_lines": [], "excluded_lines": []}, "print_harvest_summary": {"executed_lines": [26, 27, 28, 31, 32, 33, 34, 35, 38, 41, 42, 43, 44, 45, 46, 47, 50, 51, 52, 53, 54, 55, 56, 57, 60, 61, 62, 63, 65, 68, 69, 70, 71, 72, 73, 74, 75, 76], "summary": {"covered_lines": 38, "num_statements": 38, "percent_covered": 100.0, "percent_covered_display": "100", "missing_lines": 0, "excluded_lines": 0}, "missing_lines": [], "excluded_lines": []}, "generate_github_summary": {"executed_lines": [81, 84, 87, 88, 89, 90, 93, 94, 95, 97, 98, 99, 100, 101, 102, 105, 106, 107, 108, 109, 110, 111, 114, 115, 116, 117, 119], "summary": {"covered_lines": 27, "num_statements": 27, "percent_covered": 100.0, "percent_covered_display": "100", "missing_lines": 0, "excluded_lines": 0}, "missing_lines": [], "excluded_lines": []}, "main": {"executed_lines": [124, 126, 129, 135, 140, 146, 151, 157, 160, 163, 177, 181, 182, 185, 188, 193, 194, 195, 196], "summary": {"covered_lines": 19, "num_statements": 34, "percent_covered": 55.88235294117647, "percent_covered_display": "56", "missing_lines": 15, "excluded_lines": 0}, "missing_lines": [164, 166, 167, 169, 170, 171, 172, 174, 178, 183, 184, 189, 190, 197, 198], "excluded_lines": []}, "": {"executed_lines": [2, 6, 7, 8, 9, 11, 14, 24, 79, 122, 201], "summary": {"covered_lines": 9, "num_statements": 9, "percent_covered": 100.0, "percent_covered_display": "100", "missing_lines": 0, "excluded_lines": 2}, "missing_lines": [], "excluded_lines": [201, 202]}}, "classes": {"": {"executed_lines": [2, 6, 7, 8, 9, 11, 14, 16, 17, 18, 19, 21, 24, 26, 27, 28, 31, 32, 33, 34, 35, 38, 41, 42, 43, 44, 45, 46, 47, 50, 51, 52, 53, 54, 55, 56, 57, 60, 61, 62, 63, 65, 68, 69, 70, 71, 72, 73, 74, 75, 76, 79, 81, 84, 87, 88, 89, 90, 93, 94, 95, 97, 98, 99, 100, 101, 102, 105, 106, 107, 108, 109, 110, 111, 114, 115, 116, 117, 119, 122, 124, 126, 129, 135, 140, 146, 151, 157, 160, 163, 177, 181, 182, 185, 188, 193, 194, 195, 196, 201], "summary": {"covered_lines": 98, "num_statements": 113, "percent_covered": 86.72566371681415, "percent_covered_display": "87", "missing_lines": 15, "excluded_lines": 2}, "missing_lines": [164, 166, 167, 169, 170, 171, 172, 174, 178, 183, 184, 189, 190, 197, 198], "excluded_lines": [201, 202]}}}}, "totals": {"covered_lines": 2487, "num_statements": 4465, "percent_covered": 55.69988801791713, "percent_covered_display": "56", "missing_lines": 1978, "excluded_lines": 32}}